Checking dependencies
Syncing dependencies
/root/.local/share/hatch/env/virtual/haystack-ai/9TtSrW0h/test/lib/python3.10/site-packages/pytest_asyncio/plugin.py:207: PytestDeprecationWarning: The configuration option "asyncio_default_fixture_loop_scope" is unset.
The event loop scope for asynchronous fixtures will default to the fixture caching scope. Future versions of pytest-asyncio will default the loop scope for asynchronous fixtures to function scope. Set the default fixture loop scope explicitly in order to avoid unexpected behavior in the future. Valid fixture loop scopes are: "function", "class", "module", "package", "session"
  warnings.warn(PytestDeprecationWarning(_DEFAULT_FIXTURE_LOOP_SCOPE_UNSET))
============================= test session starts ==============================
platform linux -- Python 3.10.16, pytest-8.3.4, pluggy-1.5.0 -- /root/.local/share/hatch/env/virtual/haystack-ai/9TtSrW0h/test/bin/python3
cachedir: .pytest_cache
rootdir: /app
configfile: pyproject.toml
plugins: custom-exit-code-0.3.0, anyio-4.8.0, bdd-8.1.0, cov-6.0.0, ddtrace-2.15.0rc2, rerunfailures-15.0, asyncio-0.25.3
asyncio: mode=strict, asyncio_default_fixture_loop_scope=None
collecting ... collected 1782 items / 136 deselected / 1646 selected
test/components/audio/test_whisper_local.py::TestLocalWhisperTranscriber::test_init PASSED [  0%]
test/components/audio/test_whisper_local.py::TestLocalWhisperTranscriber::test_init_wrong_model PASSED [  0%]
test/components/audio/test_whisper_local.py::TestLocalWhisperTranscriber::test_to_dict PASSED [  0%]
test/components/audio/test_whisper_local.py::TestLocalWhisperTranscriber::test_to_dict_with_custom_init_parameters PASSED [  0%]
test/components/audio/test_whisper_local.py::TestLocalWhisperTranscriber::test_from_dict PASSED [  0%]
test/components/audio/test_whisper_local.py::TestLocalWhisperTranscriber::test_from_dict_no_default_parameters PASSED [  0%]
test/components/audio/test_whisper_local.py::TestLocalWhisperTranscriber::test_from_dict_none_device PASSED [  0%]
test/components/audio/test_whisper_local.py::TestLocalWhisperTranscriber::test_warmup PASSED [  0%]
test/components/audio/test_whisper_local.py::TestLocalWhisperTranscriber::test_warmup_doesnt_reload PASSED [  0%]
test/components/audio/test_whisper_local.py::TestLocalWhisperTranscriber::test_run_with_path PASSED [  0%]
test/components/audio/test_whisper_local.py::TestLocalWhisperTranscriber::test_run_with_str PASSED [  0%]
test/components/audio/test_whisper_local.py::TestLocalWhisperTranscriber::test_transcribe PASSED [  0%]
test/components/audio/test_whisper_local.py::TestLocalWhisperTranscriber::test_transcribe_stream PASSED [  0%]
test/components/audio/test_whisper_remote.py::TestRemoteWhisperTranscriber::test_init_no_key PASSED [  0%]
test/components/audio/test_whisper_remote.py::TestRemoteWhisperTranscriber::test_init_key_env_var PASSED [  0%]
test/components/audio/test_whisper_remote.py::TestRemoteWhisperTranscriber::test_init_key_module_env_and_global_var PASSED [  0%]
test/components/audio/test_whisper_remote.py::TestRemoteWhisperTranscriber::test_init_default PASSED [  1%]
test/components/audio/test_whisper_remote.py::TestRemoteWhisperTranscriber::test_init_custom_parameters PASSED [  1%]
test/components/audio/test_whisper_remote.py::TestRemoteWhisperTranscriber::test_to_dict_default_parameters PASSED [  1%]
test/components/audio/test_whisper_remote.py::TestRemoteWhisperTranscriber::test_to_dict_with_custom_init_parameters PASSED [  1%]
test/components/audio/test_whisper_remote.py::TestRemoteWhisperTranscriber::test_from_dict_with_default_parameters PASSED [  1%]
test/components/audio/test_whisper_remote.py::TestRemoteWhisperTranscriber::test_from_dict_with_custom_init_parameters PASSED [  1%]
test/components/audio/test_whisper_remote.py::TestRemoteWhisperTranscriber::test_from_dict_with_default_parameters_no_env_var PASSED [  1%]
test/components/builders/test_answer_builder.py::TestAnswerBuilder::test_run_unmatching_input_len PASSED [  1%]
test/components/builders/test_answer_builder.py::TestAnswerBuilder::test_run_without_meta PASSED [  1%]
test/components/builders/test_answer_builder.py::TestAnswerBuilder::test_run_meta_is_an_empty_list PASSED [  1%]
test/components/builders/test_answer_builder.py::TestAnswerBuilder::test_run_without_pattern PASSED [  1%]
test/components/builders/test_answer_builder.py::TestAnswerBuilder::test_run_with_pattern_with_capturing_group PASSED [  1%]
test/components/builders/test_answer_builder.py::TestAnswerBuilder::test_run_with_pattern_without_capturing_group PASSED [  1%]
test/components/builders/test_answer_builder.py::TestAnswerBuilder::test_run_with_pattern_with_more_than_one_capturing_group PASSED [  1%]
test/components/builders/test_answer_builder.py::TestAnswerBuilder::test_run_with_pattern_set_at_runtime PASSED [  1%]
test/components/builders/test_answer_builder.py::TestAnswerBuilder::test_run_with_documents_without_reference_pattern PASSED [  1%]
test/components/builders/test_answer_builder.py::TestAnswerBuilder::test_run_with_documents_with_reference_pattern PASSED [  2%]
test/components/builders/test_answer_builder.py::TestAnswerBuilder::test_run_with_documents_with_reference_pattern_and_no_match 
-------------------------------- live log call ---------------------------------
WARNING  haystack.components.builders.answer_builder:answer_builder.py:129 Document index '3' referenced in Generator output is out of range. 
PASSED                                                                   [  2%]
test/components/builders/test_answer_builder.py::TestAnswerBuilder::test_run_with_reference_pattern_set_at_runtime PASSED [  2%]
test/components/builders/test_answer_builder.py::TestAnswerBuilder::test_run_with_chat_message_replies_without_pattern PASSED [  2%]
test/components/builders/test_answer_builder.py::TestAnswerBuilder::test_run_with_chat_message_replies_with_pattern PASSED [  2%]
test/components/builders/test_answer_builder.py::TestAnswerBuilder::test_run_with_chat_message_replies_with_documents PASSED [  2%]
test/components/builders/test_answer_builder.py::TestAnswerBuilder::test_run_with_chat_message_replies_with_pattern_set_at_runtime PASSED [  2%]
test/components/builders/test_chat_prompt_builder.py::TestChatPromptBuilder::test_init PASSED [  2%]
test/components/builders/test_chat_prompt_builder.py::TestChatPromptBuilder::test_init_without_template PASSED [  2%]
test/components/builders/test_chat_prompt_builder.py::TestChatPromptBuilder::test_init_with_required_variables PASSED [  2%]
test/components/builders/test_chat_prompt_builder.py::TestChatPromptBuilder::test_init_with_custom_variables PASSED [  2%]
test/components/builders/test_chat_prompt_builder.py::TestChatPromptBuilder::test_run PASSED [  2%]
test/components/builders/test_chat_prompt_builder.py::TestChatPromptBuilder::test_run_template_variable PASSED [  2%]
test/components/builders/test_chat_prompt_builder.py::TestChatPromptBuilder::test_run_template_variable_overrides_variable PASSED [  2%]
test/components/builders/test_chat_prompt_builder.py::TestChatPromptBuilder::test_run_without_input PASSED [  2%]
test/components/builders/test_chat_prompt_builder.py::TestChatPromptBuilder::test_run_with_missing_input PASSED [  2%]
test/components/builders/test_chat_prompt_builder.py::TestChatPromptBuilder::test_run_with_missing_required_input PASSED [  2%]
test/components/builders/test_chat_prompt_builder.py::TestChatPromptBuilder::test_run_with_variables PASSED [  3%]
test/components/builders/test_chat_prompt_builder.py::TestChatPromptBuilder::test_run_with_variables_and_runtime_template PASSED [  3%]
test/components/builders/test_chat_prompt_builder.py::TestChatPromptBuilder::test_run_overwriting_default_template PASSED [  3%]
test/components/builders/test_chat_prompt_builder.py::TestChatPromptBuilder::test_run_overwriting_default_template_with_template_variables PASSED [  3%]
test/components/builders/test_chat_prompt_builder.py::TestChatPromptBuilder::test_run_overwriting_default_template_with_variables PASSED [  3%]
test/components/builders/test_chat_prompt_builder.py::TestChatPromptBuilder::test_run_with_meta PASSED [  3%]
test/components/builders/test_chat_prompt_builder.py::TestChatPromptBuilder::test_run_with_invalid_template PASSED [  3%]
test/components/builders/test_chat_prompt_builder.py::TestChatPromptBuilder::test_init_with_invalid_template PASSED [  3%]
test/components/builders/test_chat_prompt_builder.py::TestChatPromptBuilder::test_run_without_template PASSED [  3%]
test/components/builders/test_chat_prompt_builder.py::TestChatPromptBuilder::test_run_with_empty_chat_message_list PASSED [  3%]
test/components/builders/test_chat_prompt_builder.py::TestChatPromptBuilder::test_chat_message_list_with_mixed_object_list PASSED [  3%]
test/components/builders/test_chat_prompt_builder.py::TestChatPromptBuilder::test_provided_template_variables PASSED [  3%]
test/components/builders/test_chat_prompt_builder.py::TestChatPromptBuilder::test_example_in_pipeline PASSED [  3%]
test/components/builders/test_chat_prompt_builder.py::TestChatPromptBuilder::test_example_in_pipeline_simple PASSED [  3%]
test/components/builders/test_chat_prompt_builder.py::TestChatPromptBuilderDynamic::test_multiple_templated_chat_messages PASSED [  3%]
test/components/builders/test_chat_prompt_builder.py::TestChatPromptBuilderDynamic::test_multiple_templated_chat_messages_in_place PASSED [  3%]
test/components/builders/test_chat_prompt_builder.py::TestChatPromptBuilderDynamic::test_some_templated_chat_messages PASSED [  4%]
test/components/builders/test_chat_prompt_builder.py::TestChatPromptBuilderDynamic::test_example_in_pipeline PASSED [  4%]
test/components/builders/test_chat_prompt_builder.py::TestChatPromptBuilderDynamic::test_example_in_pipeline_with_multiple_templated_messages PASSED [  4%]
test/components/builders/test_chat_prompt_builder.py::TestChatPromptBuilderDynamic::test_pipeline_complex PASSED [  4%]
test/components/builders/test_chat_prompt_builder.py::TestChatPromptBuilderDynamic::test_to_dict PASSED [  4%]
test/components/builders/test_chat_prompt_builder.py::TestChatPromptBuilderDynamic::test_from_dict PASSED [  4%]
test/components/builders/test_chat_prompt_builder.py::TestChatPromptBuilderDynamic::test_from_dict_template_none PASSED [  4%]
test/components/builders/test_prompt_builder.py::TestPromptBuilder::test_init PASSED [  4%]
test/components/builders/test_prompt_builder.py::TestPromptBuilder::test_init_with_required_variables PASSED [  4%]
test/components/builders/test_prompt_builder.py::TestPromptBuilder::test_init_with_custom_variables PASSED [  4%]
test/components/builders/test_prompt_builder.py::TestPromptBuilder::test_init_with_missing_extension_dependency PASSED [  4%]
test/components/builders/test_prompt_builder.py::TestPromptBuilder::test_to_dict PASSED [  4%]
test/components/builders/test_prompt_builder.py::TestPromptBuilder::test_to_dict_without_optional_params PASSED [  4%]
test/components/builders/test_prompt_builder.py::TestPromptBuilder::test_run PASSED [  4%]
test/components/builders/test_prompt_builder.py::TestPromptBuilder::test_run_template_variable PASSED [  4%]
test/components/builders/test_prompt_builder.py::TestPromptBuilder::test_run_template_variable_overrides_variable PASSED [  4%]
test/components/builders/test_prompt_builder.py::TestPromptBuilder::test_run_without_input PASSED [  4%]
test/components/builders/test_prompt_builder.py::TestPromptBuilder::test_run_with_missing_input PASSED [  5%]
test/components/builders/test_prompt_builder.py::TestPromptBuilder::test_run_with_missing_required_input PASSED [  5%]
test/components/builders/test_prompt_builder.py::TestPromptBuilder::test_run_with_variables PASSED [  5%]
test/components/builders/test_prompt_builder.py::TestPromptBuilder::test_run_overwriting_default_template PASSED [  5%]
test/components/builders/test_prompt_builder.py::TestPromptBuilder::test_run_overwriting_default_template_with_template_variables PASSED [  5%]
test/components/builders/test_prompt_builder.py::TestPromptBuilder::test_run_overwriting_default_template_with_variables PASSED [  5%]
test/components/builders/test_prompt_builder.py::TestPromptBuilder::test_run_with_invalid_template PASSED [  5%]
test/components/builders/test_prompt_builder.py::TestPromptBuilder::test_init_with_invalid_template PASSED [  5%]
test/components/builders/test_prompt_builder.py::TestPromptBuilder::test_provided_template_variables PASSED [  5%]
test/components/builders/test_prompt_builder.py::TestPromptBuilder::test_example_in_pipeline PASSED [  5%]
test/components/builders/test_prompt_builder.py::TestPromptBuilder::test_example_in_pipeline_simple PASSED [  5%]
test/components/builders/test_prompt_builder.py::TestPromptBuilder::test_with_custom_dateformat PASSED [  5%]
test/components/builders/test_prompt_builder.py::TestPromptBuilder::test_with_different_timezone PASSED [  5%]
test/components/builders/test_prompt_builder.py::TestPromptBuilder::test_date_with_addition_offset PASSED [  5%]
test/components/builders/test_prompt_builder.py::TestPromptBuilder::test_date_with_substraction_offset PASSED [  5%]
test/components/builders/test_prompt_builder.py::TestPromptBuilder::test_invalid_timezone PASSED [  5%]
test/components/builders/test_prompt_builder.py::TestPromptBuilder::test_invalid_offset PASSED [  6%]
test/components/caching/test_url_cache_checker.py::TestCacheChecker::test_to_dict PASSED [  6%]
test/components/caching/test_url_cache_checker.py::TestCacheChecker::test_to_dict_with_custom_init_parameters PASSED [  6%]
test/components/caching/test_url_cache_checker.py::TestCacheChecker::test_from_dict PASSED [  6%]
test/components/caching/test_url_cache_checker.py::TestCacheChecker::test_from_dict_without_docstore PASSED [  6%]
test/components/caching/test_url_cache_checker.py::TestCacheChecker::test_from_dict_without_docstore_type PASSED [  6%]
test/components/caching/test_url_cache_checker.py::TestCacheChecker::test_from_dict_nonexisting_docstore 
-------------------------------- live log call ---------------------------------
ERROR    haystack.core.component.component:serialization.py:258 Failed to import class 'Nonexisting.DocumentStore'
PASSED                                                                   [  6%]
test/components/caching/test_url_cache_checker.py::TestCacheChecker::test_run PASSED [  6%]
test/components/caching/test_url_cache_checker.py::TestCacheChecker::test_filters_syntax PASSED [  6%]
test/components/classifiers/test_document_language_classifier.py::TestDocumentLanguageClassifier::test_init PASSED [  6%]
test/components/classifiers/test_document_language_classifier.py::TestDocumentLanguageClassifier::test_non_document_input PASSED [  6%]
test/components/classifiers/test_document_language_classifier.py::TestDocumentLanguageClassifier::test_single_document PASSED [  6%]
test/components/classifiers/test_document_language_classifier.py::TestDocumentLanguageClassifier::test_empty_list PASSED [  6%]
test/components/classifiers/test_document_language_classifier.py::TestDocumentLanguageClassifier::test_detect_language PASSED [  6%]
test/components/classifiers/test_document_language_classifier.py::TestDocumentLanguageClassifier::test_classify_as_en_and_unmatched PASSED [  6%]
test/components/classifiers/test_document_language_classifier.py::TestDocumentLanguageClassifier::test_warning_if_no_language_detected 
-------------------------------- live log call ---------------------------------
WARNING  haystack.components.classifiers.document_language_classifier:document_language_classifier.py:105 Langdetect cannot detect the language of Document with id: d14724708573eb708b1bc41e019349d5335cb0abd31a241154d8c4aa5e53add4
PASSED                                                                   [  6%]
test/components/classifiers/test_zero_shot_document_classifier.py::TestTransformersZeroShotDocumentClassifier::test_init PASSED [  6%]
test/components/classifiers/test_zero_shot_document_classifier.py::TestTransformersZeroShotDocumentClassifier::test_to_dict PASSED [  7%]
test/components/classifiers/test_zero_shot_document_classifier.py::TestTransformersZeroShotDocumentClassifier::test_from_dict PASSED [  7%]
test/components/classifiers/test_zero_shot_document_classifier.py::TestTransformersZeroShotDocumentClassifier::test_from_dict_no_default_parameters PASSED [  7%]
test/components/classifiers/test_zero_shot_document_classifier.py::TestTransformersZeroShotDocumentClassifier::test_warm_up PASSED [  7%]
test/components/classifiers/test_zero_shot_document_classifier.py::TestTransformersZeroShotDocumentClassifier::test_run_fails_without_warm_up PASSED [  7%]
test/components/classifiers/test_zero_shot_document_classifier.py::TestTransformersZeroShotDocumentClassifier::test_run_fails_with_non_document_input PASSED [  7%]
test/components/classifiers/test_zero_shot_document_classifier.py::TestTransformersZeroShotDocumentClassifier::test_run_unit PASSED [  7%]
test/components/classifiers/test_zero_shot_document_classifier.py::TestTransformersZeroShotDocumentClassifier::test_serialization_and_deserialization_pipeline PASSED [  7%]
test/components/connectors/test_openapi_service.py::TestOpenAPIServiceConnector::test_parse_message_invalid_json PASSED [  7%]
test/components/connectors/test_openapi_service.py::TestOpenAPIServiceConnector::test_parse_valid_json_message PASSED [  7%]
test/components/connectors/test_openapi_service.py::TestOpenAPIServiceConnector::test_parse_message_missing_fields PASSED [  7%]
test/components/connectors/test_openapi_service.py::TestOpenAPIServiceConnector::test_authenticate_service_missing_authentication_token PASSED [  7%]
test/components/connectors/test_openapi_service.py::TestOpenAPIServiceConnector::test_authenticate_service_having_authentication_token PASSED [  7%]
test/components/connectors/test_openapi_service.py::TestOpenAPIServiceConnector::test_authenticate_service_having_authentication_dict PASSED [  7%]
test/components/connectors/test_openapi_service.py::TestOpenAPIServiceConnector::test_authenticate_service_having_authentication_dict_but_unsupported_auth PASSED [  7%]
test/components/connectors/test_openapi_service.py::TestOpenAPIServiceConnector::test_for_internal_raw_data_field PASSED [  7%]
test/components/connectors/test_openapi_service.py::TestOpenAPIServiceConnector::test_run PASSED [  8%]
test/components/connectors/test_openapi_service.py::TestOpenAPIServiceConnector::test_run_with_mix_params_request_body PASSED [  8%]
test/components/connectors/test_openapi_service.py::TestOpenAPIServiceConnector::test_run_with_complex_types PASSED [  8%]
test/components/connectors/test_openapi_service.py::TestOpenAPIServiceConnector::test_run_with_request_params_missing_in_invocation_args PASSED [  8%]
test/components/connectors/test_openapi_service.py::TestOpenAPIServiceConnector::test_run_with_body_properties_missing_in_invocation_args PASSED [  8%]
test/components/converters/test_azure_ocr_doc_converter.py::TestAzureOCRDocumentConverter::test_init_fail_wo_api_key PASSED [  8%]
test/components/converters/test_azure_ocr_doc_converter.py::TestAzureOCRDocumentConverter::test_to_dict PASSED [  8%]
test/components/converters/test_azure_ocr_doc_converter.py::TestAzureOCRDocumentConverter::test_azure_converter_with_pdf PASSED [  8%]
test/components/converters/test_azure_ocr_doc_converter.py::TestAzureOCRDocumentConverter::test_azure_converter_with_table[natural] PASSED [  8%]
test/components/converters/test_azure_ocr_doc_converter.py::TestAzureOCRDocumentConverter::test_azure_converter_with_table[single_column] PASSED [  8%]
test/components/converters/test_azure_ocr_doc_converter.py::TestAzureOCRDocumentConverter::test_azure_converter_with_table_no_bounding_region PASSED [  8%]
test/components/converters/test_azure_ocr_doc_converter.py::TestAzureOCRDocumentConverter::test_azure_converter_with_multicolumn_header_table PASSED [  8%]
test/components/converters/test_azure_ocr_doc_converter.py::TestAzureOCRDocumentConverter::test_table_pdf_with_non_empty_meta PASSED [  8%]
test/components/converters/test_azure_ocr_doc_converter.py::TestAzureOCRDocumentConverter::test_hashing_dataframe PASSED [  8%]
test/components/converters/test_azure_ocr_doc_converter.py::TestAzureOCRDocumentConverter::test_meta_from_byte_stream PASSED [  8%]
test/components/converters/test_csv_to_document.py::TestCSVToDocument::test_init PASSED [  8%]
test/components/converters/test_csv_to_document.py::TestCSVToDocument::test_run PASSED [  8%]
test/components/converters/test_csv_to_document.py::TestCSVToDocument::test_run_error_handling 
-------------------------------- live log call ---------------------------------
WARNING  haystack.components.converters.csv:csv.py:78 Could not read non_existing_file.csv. Skipping it. Error: [Errno 2] No such file or directory: 'non_existing_file.csv'
PASSED                                                                   [  9%]
test/components/converters/test_csv_to_document.py::TestCSVToDocument::test_encoding_override 
-------------------------------- live log call ---------------------------------
WARNING  haystack.components.converters.csv:csv.py:84 Could not convert file ByteStream(data=b'Name,Age\r\nJohn Doe,27\r\nJane Smith,37\r\nMike Johnson,47\r\n', meta={'key': 'value'}, mime_type=None). Skipping it. Error message: 'utf-16-le' codec can't decode byte 0x0a in position 54: truncated data
PASSED                                                                   [  9%]
test/components/converters/test_csv_to_document.py::TestCSVToDocument::test_run_with_meta PASSED [  9%]
test/components/converters/test_docx_file_to_document.py::TestDOCXToDocument::test_init PASSED [  9%]
test/components/converters/test_docx_file_to_document.py::TestDOCXToDocument::test_init_with_string PASSED [  9%]
test/components/converters/test_docx_file_to_document.py::TestDOCXToDocument::test_init_with_invalid_string PASSED [  9%]
test/components/converters/test_docx_file_to_document.py::TestDOCXToDocument::test_to_dict PASSED [  9%]
test/components/converters/test_docx_file_to_document.py::TestDOCXToDocument::test_to_dict_custom_parameters PASSED [  9%]
test/components/converters/test_docx_file_to_document.py::TestDOCXToDocument::test_from_dict PASSED [  9%]
test/components/converters/test_docx_file_to_document.py::TestDOCXToDocument::test_from_dict_custom_parameters PASSED [  9%]
test/components/converters/test_docx_file_to_document.py::TestDOCXToDocument::test_from_dict_invalid_table_format PASSED [  9%]
test/components/converters/test_docx_file_to_document.py::TestDOCXToDocument::test_from_dict_empty_init_parameters PASSED [  9%]
test/components/converters/test_docx_file_to_document.py::TestDOCXToDocument::test_pipeline_serde PASSED [  9%]
test/components/converters/test_docx_file_to_document.py::TestDOCXToDocument::test_run PASSED [  9%]
test/components/converters/test_docx_file_to_document.py::TestDOCXToDocument::test_run_with_table PASSED [  9%]
test/components/converters/test_docx_file_to_document.py::TestDOCXToDocument::test_table_between_two_paragraphs[markdown] PASSED [  9%]
test/components/converters/test_docx_file_to_document.py::TestDOCXToDocument::test_table_between_two_paragraphs[csv] PASSED [ 10%]
test/components/converters/test_docx_file_to_document.py::TestDOCXToDocument::test_table_content_correct_parsing[markdown] PASSED [ 10%]
test/components/converters/test_docx_file_to_document.py::TestDOCXToDocument::test_table_content_correct_parsing[csv] PASSED [ 10%]
test/components/converters/test_docx_file_to_document.py::TestDOCXToDocument::test_run_with_additional_meta PASSED [ 10%]
test/components/converters/test_docx_file_to_document.py::TestDOCXToDocument::test_run_error_wrong_file_type 
-------------------------------- live log call ---------------------------------
WARNING  haystack.components.converters.docx:docx.py:180 Could not read /app/test/test_files/txt/doc_1.txt and convert it to a DOCX Document, skipping. Error: File is not a zip file
PASSED                                                                   [ 10%]
test/components/converters/test_docx_file_to_document.py::TestDOCXToDocument::test_run_error_non_existent_file 
-------------------------------- live log call ---------------------------------
WARNING  haystack.components.converters.docx:docx.py:173 Could not read non_existing_file.docx. Skipping it. Error: [Errno 2] No such file or directory: 'non_existing_file.docx'
PASSED                                                                   [ 10%]
test/components/converters/test_docx_file_to_document.py::TestDOCXToDocument::test_run_page_breaks PASSED [ 10%]
test/components/converters/test_docx_file_to_document.py::TestDOCXToDocument::test_mixed_sources_run PASSED [ 10%]
test/components/converters/test_docx_file_to_document.py::TestDOCXToDocument::test_document_with_docx_metadata_to_dict PASSED [ 10%]
test/components/converters/test_html_to_document.py::TestHTMLToDocument::test_run PASSED [ 10%]
test/components/converters/test_html_to_document.py::TestHTMLToDocument::test_run_doc_metadata PASSED [ 10%]
test/components/converters/test_html_to_document.py::TestHTMLToDocument::test_incorrect_meta PASSED [ 10%]
test/components/converters/test_html_to_document.py::TestHTMLToDocument::test_run_bytestream_metadata PASSED [ 10%]
test/components/converters/test_html_to_document.py::TestHTMLToDocument::test_run_bytestream_and_doc_metadata PASSED [ 10%]
test/components/converters/test_html_to_document.py::TestHTMLToDocument::test_run_bytestream_doc_overlapping_metadata PASSED [ 10%]
test/components/converters/test_html_to_document.py::TestHTMLToDocument::test_run_wrong_file_type 
-------------------------------- live log call ---------------------------------
WARNING  haystack.components.converters.html:html.py:111 Failed to extract text from /app/test/test_files/audio/answer.wav. Skipping it. Error: 'utf-8' codec can't decode byte 0xac in position 29: invalid start byte
PASSED                                                                   [ 10%]
test/components/converters/test_html_to_document.py::TestHTMLToDocument::test_run_error_handling 
-------------------------------- live log call ---------------------------------
WARNING  haystack.components.converters.html:html.py:105 Could not read non_existing_file.html. Skipping it. Error: [Errno 2] No such file or directory: 'non_existing_file.html'
PASSED                                                                   [ 10%]
test/components/converters/test_html_to_document.py::TestHTMLToDocument::test_mixed_sources_run PASSED [ 11%]
test/components/converters/test_html_to_document.py::TestHTMLToDocument::test_serde PASSED [ 11%]
test/components/converters/test_html_to_document.py::TestHTMLToDocument::test_run_difficult_html PASSED [ 11%]
test/components/converters/test_html_to_document.py::TestHTMLToDocument::test_run_with_extraction_kwargs PASSED [ 11%]
test/components/converters/test_json.py::test_init_without_jq_schema_and_content_key PASSED [ 11%]
test/components/converters/test_json.py::test_init_without_jq_schema_and_missing_dependency PASSED [ 11%]
test/components/converters/test_json.py::test_init_with_jq_schema_and_missing_dependency PASSED [ 11%]
test/components/converters/test_json.py::test_init_with_jq_schema PASSED [ 11%]
test/components/converters/test_json.py::test_to_dict PASSED             [ 11%]
test/components/converters/test_json.py::test_from_dict PASSED           [ 11%]
test/components/converters/test_json.py::test_run PASSED                 [ 11%]
test/components/converters/test_json.py::test_run_with_non_json_file 
-------------------------------- live log call ---------------------------------
WARNING  haystack.components.converters.json:json.py:194 Failed to extract text from /tmp/pytest-of-root/pytest-1/test_run_with_non_json_file0/test_file.md. Skipping it. Error: parse error: Invalid numeric literal at line 1, column 5
PASSED                                                                   [ 11%]
test/components/converters/test_json.py::test_run_with_bad_filter 
-------------------------------- live log call ---------------------------------
WARNING  haystack.components.converters.json:json.py:194 Failed to extract text from /tmp/pytest-of-root/pytest-1/test_run_with_bad_filter0/test_file.json. Skipping it. Error: Cannot index array with string "motivation"
PASSED                                                                   [ 11%]
test/components/converters/test_json.py::test_run_with_single_meta PASSED [ 11%]
test/components/converters/test_json.py::test_run_with_meta_list PASSED  [ 11%]
test/components/converters/test_json.py::test_run_with_meta_list_of_differing_length PASSED [ 11%]
test/components/converters/test_json.py::test_run_with_jq_schema_and_content_key PASSED [ 12%]
test/components/converters/test_json.py::test_run_with_jq_schema_content_key_and_extra_meta_fields PASSED [ 12%]
test/components/converters/test_json.py::test_run_with_content_key PASSED [ 12%]
test/components/converters/test_json.py::test_run_with_content_key_and_extra_meta_fields PASSED [ 12%]
test/components/converters/test_json.py::test_run_with_jq_schema_content_key_and_extra_meta_fields_literal PASSED [ 12%]
test/components/converters/test_openapi_functions.py::TestOpenAPIServiceToFunctions::test_openapi_spec_parsing_json PASSED [ 12%]
test/components/converters/test_openapi_functions.py::TestOpenAPIServiceToFunctions::test_openapi_spec_parsing_yaml PASSED [ 12%]
test/components/converters/test_openapi_functions.py::TestOpenAPIServiceToFunctions::test_run_with_bytestream_source PASSED [ 12%]
test/components/converters/test_openapi_functions.py::TestOpenAPIServiceToFunctions::test_run_with_file_source PASSED [ 12%]
test/components/converters/test_openapi_functions.py::TestOpenAPIServiceToFunctions::test_run_with_invalid_file_source 
-------------------------------- live log call ---------------------------------
WARNING  haystack.components.converters.openapi_functions:openapi_functions.py:87 OpenAPI specification file not found: invalid_source
WARNING  haystack.components.converters.openapi_functions:openapi_functions.py:113 No OpenAI function definitions extracted from the provided OpenAPI specification sources.
PASSED                                                                   [ 12%]
test/components/converters/test_openapi_functions.py::TestOpenAPIServiceToFunctions::test_run_with_invalid_bytestream_source 
-------------------------------- live log call ---------------------------------
WARNING  haystack.components.converters.openapi_functions:openapi_functions.py:91 Invalid OpenAPI specification content provided: 
WARNING  haystack.components.converters.openapi_functions:openapi_functions.py:113 No OpenAI function definitions extracted from the provided OpenAPI specification sources.
PASSED                                                                   [ 12%]
test/components/converters/test_openapi_functions.py::TestOpenAPIServiceToFunctions::test_complex_types_conversion PASSED [ 12%]
test/components/converters/test_openapi_functions.py::TestOpenAPIServiceToFunctions::test_simple_and_complex_at_once PASSED [ 12%]
test/components/converters/test_output_adapter.py::TestOutputAdapter::test_initialized_with_valid_template_and_output_type PASSED [ 12%]
test/components/converters/test_output_adapter.py::TestOutputAdapter::test_output_adaptation PASSED [ 12%]
test/components/converters/test_output_adapter.py::TestOutputAdapter::test_predefined_filters PASSED [ 12%]
test/components/converters/test_output_adapter.py::TestOutputAdapter::test_custom_filters PASSED [ 13%]
test/components/converters/test_output_adapter.py::TestOutputAdapter::test_invalid_template_string PASSED [ 13%]
test/components/converters/test_output_adapter.py::TestOutputAdapter::test_no_input_data_provided PASSED [ 13%]
test/components/converters/test_output_adapter.py::TestOutputAdapter::test_error_during_adaptation PASSED [ 13%]
test/components/converters/test_output_adapter.py::TestOutputAdapter::test_sede PASSED [ 13%]
test/components/converters/test_output_adapter.py::TestOutputAdapter::test_sede_with_custom_filters PASSED [ 13%]
test/components/converters/test_output_adapter.py::TestOutputAdapter::test_sede_with_multiple_custom_filters PASSED [ 13%]
test/components/converters/test_output_adapter.py::TestOutputAdapter::test_sede_with_list_output_type_in_pipeline PASSED [ 13%]
test/components/converters/test_output_adapter.py::TestOutputAdapter::test_output_adapter_from_dict_custom_filters_none PASSED [ 13%]
test/components/converters/test_output_adapter.py::TestOutputAdapter::test_output_adapter_in_pipeline PASSED [ 13%]
test/components/converters/test_output_adapter.py::TestOutputAdapter::test_unsafe PASSED [ 13%]
test/components/converters/test_pdfminer_to_document.py::TestPDFMinerToDocument::test_run PASSED [ 13%]
test/components/converters/test_pdfminer_to_document.py::TestPDFMinerToDocument::test_init_params_custom PASSED [ 13%]
test/components/converters/test_pdfminer_to_document.py::TestPDFMinerToDocument::test_run_wrong_file_type 
-------------------------------- live log call ---------------------------------
WARNING  haystack.components.converters.pdfminer:pdfminer.py:156 Could not read /app/test/test_files/audio/answer.wav and convert it to Document, skipping. No /Root object! - Is this really a PDF?
PASSED                                                                   [ 13%]
test/components/converters/test_pdfminer_to_document.py::TestPDFMinerToDocument::test_arg_is_none PASSED [ 13%]
test/components/converters/test_pdfminer_to_document.py::TestPDFMinerToDocument::test_run_doc_metadata PASSED [ 13%]
test/components/converters/test_pdfminer_to_document.py::TestPDFMinerToDocument::test_incorrect_meta PASSED [ 13%]
test/components/converters/test_pdfminer_to_document.py::TestPDFMinerToDocument::test_run_bytestream_metadata PASSED [ 14%]
test/components/converters/test_pdfminer_to_document.py::TestPDFMinerToDocument::test_run_bytestream_doc_overlapping_metadata PASSED [ 14%]
test/components/converters/test_pdfminer_to_document.py::TestPDFMinerToDocument::test_run_error_handling 
-------------------------------- live log call ---------------------------------
WARNING  haystack.components.converters.pdfminer:pdfminer.py:150 Could not read non_existing_file.pdf. Skipping it. Error: [Errno 2] No such file or directory: 'non_existing_file.pdf'
PASSED                                                                   [ 14%]
test/components/converters/test_pptx_to_document.py::TestPPTXToDocument::test_run PASSED [ 14%]
test/components/converters/test_pptx_to_document.py::TestPPTXToDocument::test_run_error_non_existent_file 
-------------------------------- live log call ---------------------------------
WARNING  haystack.components.converters.pptx:pptx.py:89 Could not read non_existing_file.pptx. Skipping it. Error: [Errno 2] No such file or directory: 'non_existing_file.pptx'
PASSED                                                                   [ 14%]
test/components/converters/test_pptx_to_document.py::TestPPTXToDocument::test_run_error_wrong_file_type 
-------------------------------- live log call ---------------------------------
WARNING  haystack.components.converters.pptx:pptx.py:94 Could not read /app/test/test_files/txt/doc_1.txt and convert it to Document, skipping. File is not a zip file
PASSED                                                                   [ 14%]
test/components/converters/test_pptx_to_document.py::TestPPTXToDocument::test_run_with_meta PASSED [ 14%]
test/components/converters/test_pypdf_to_document.py::TestPyPDFToDocument::test_init PASSED [ 14%]
test/components/converters/test_pypdf_to_document.py::TestPyPDFToDocument::test_init_params PASSED [ 14%]
test/components/converters/test_pypdf_to_document.py::TestPyPDFToDocument::test_to_dict PASSED [ 14%]
test/components/converters/test_pypdf_to_document.py::TestPyPDFToDocument::test_to_dict_custom_converter PASSED [ 14%]
test/components/converters/test_pypdf_to_document.py::TestPyPDFToDocument::test_from_dict PASSED [ 14%]
test/components/converters/test_pypdf_to_document.py::TestPyPDFToDocument::test_from_dict_custom_converter PASSED [ 14%]
test/components/converters/test_pypdf_to_document.py::TestPyPDFToDocument::test_from_dict_pre_2_6_0 PASSED [ 14%]
test/components/converters/test_pypdf_to_document.py::TestPyPDFToDocument::test_run_with_meta PASSED [ 14%]
test/components/converters/test_pypdf_to_document.py::TestPyPDFToDocument::test_run_error_handling 
-------------------------------- live log call ---------------------------------
WARNING  haystack.components.converters.pypdf:pypdf.py:163 Could not read non_existing_file.pdf. Skipping it. Error: [Errno 2] No such file or directory: 'non_existing_file.pdf'
PASSED                                                                   [ 14%]
test/components/converters/test_textfile_to_document.py::TestTextfileToDocument::test_run PASSED [ 15%]
test/components/converters/test_textfile_to_document.py::TestTextfileToDocument::test_run_error_handling 
-------------------------------- live log call ---------------------------------
WARNING  haystack.components.converters.txt:txt.py:78 Could not read non_existing_file.txt. Skipping it. Error: [Errno 2] No such file or directory: 'non_existing_file.txt'
PASSED                                                                   [ 15%]
test/components/converters/test_textfile_to_document.py::TestTextfileToDocument::test_encoding_override PASSED [ 15%]
test/components/converters/test_textfile_to_document.py::TestTextfileToDocument::test_run_with_meta PASSED [ 15%]
test/components/converters/test_tika_doc_converter.py::TestTikaDocumentConverter::test_run PASSED [ 15%]
test/components/converters/test_tika_doc_converter.py::TestTikaDocumentConverter::test_run_with_meta PASSED [ 15%]
test/components/converters/test_tika_doc_converter.py::TestTikaDocumentConverter::test_run_nonexistent_file 
-------------------------------- live log call ---------------------------------
WARNING  haystack.components.converters.tika:tika.py:116 Could not read nonexistent.pdf. Skipping it. Error: [Errno 2] No such file or directory: 'nonexistent.pdf'
PASSED                                                                   [ 15%]
test/components/converters/test_utils.py::test_normalize_metadata_None PASSED [ 15%]
test/components/converters/test_utils.py::test_normalize_metadata_single_dict PASSED [ 15%]
test/components/converters/test_utils.py::test_normalize_metadata_list_of_right_size PASSED [ 15%]
test/components/converters/test_utils.py::test_normalize_metadata_list_of_wrong_size PASSED [ 15%]
test/components/converters/test_utils.py::test_normalize_metadata_other_type PASSED [ 15%]
test/components/embedders/test_azure_document_embedder.py::TestAzureOpenAIDocumentEmbedder::test_init_default PASSED [ 15%]
test/components/embedders/test_azure_document_embedder.py::TestAzureOpenAIDocumentEmbedder::test_to_dict PASSED [ 15%]
test/components/embedders/test_azure_text_embedder.py::TestAzureOpenAITextEmbedder::test_init_default PASSED [ 15%]
test/components/embedders/test_azure_text_embedder.py::TestAzureOpenAITextEmbedder::test_to_dict PASSED [ 15%]
test/components/embedders/test_hugging_face_api_document_embedder.py::TestHuggingFaceAPIDocumentEmbedder::test_init_invalid_api_type PASSED [ 15%]
test/components/embedders/test_hugging_face_api_document_embedder.py::TestHuggingFaceAPIDocumentEmbedder::test_init_serverless PASSED [ 16%]
test/components/embedders/test_hugging_face_api_document_embedder.py::TestHuggingFaceAPIDocumentEmbedder::test_init_serverless_invalid_model PASSED [ 16%]
test/components/embedders/test_hugging_face_api_document_embedder.py::TestHuggingFaceAPIDocumentEmbedder::test_init_serverless_no_model PASSED [ 16%]
test/components/embedders/test_hugging_face_api_document_embedder.py::TestHuggingFaceAPIDocumentEmbedder::test_init_tei PASSED [ 16%]
test/components/embedders/test_hugging_face_api_document_embedder.py::TestHuggingFaceAPIDocumentEmbedder::test_init_tei_invalid_url PASSED [ 16%]
test/components/embedders/test_hugging_face_api_document_embedder.py::TestHuggingFaceAPIDocumentEmbedder::test_init_tei_no_url PASSED [ 16%]
test/components/embedders/test_hugging_face_api_document_embedder.py::TestHuggingFaceAPIDocumentEmbedder::test_to_dict PASSED [ 16%]
test/components/embedders/test_hugging_face_api_document_embedder.py::TestHuggingFaceAPIDocumentEmbedder::test_from_dict PASSED [ 16%]
test/components/embedders/test_hugging_face_api_document_embedder.py::TestHuggingFaceAPIDocumentEmbedder::test_prepare_texts_to_embed_w_metadata PASSED [ 16%]
test/components/embedders/test_hugging_face_api_document_embedder.py::TestHuggingFaceAPIDocumentEmbedder::test_prepare_texts_to_embed_w_suffix PASSED [ 16%]
test/components/embedders/test_hugging_face_api_document_embedder.py::TestHuggingFaceAPIDocumentEmbedder::test_embed_batch PASSED [ 16%]
test/components/embedders/test_hugging_face_api_document_embedder.py::TestHuggingFaceAPIDocumentEmbedder::test_run_wrong_input_format PASSED [ 16%]
test/components/embedders/test_hugging_face_api_document_embedder.py::TestHuggingFaceAPIDocumentEmbedder::test_run_on_empty_list PASSED [ 16%]
test/components/embedders/test_hugging_face_api_document_embedder.py::TestHuggingFaceAPIDocumentEmbedder::test_run PASSED [ 16%]
test/components/embedders/test_hugging_face_api_document_embedder.py::TestHuggingFaceAPIDocumentEmbedder::test_run_custom_batch_size PASSED [ 16%]
test/components/embedders/test_hugging_face_api_text_embedder.py::TestHuggingFaceAPITextEmbedder::test_init_invalid_api_type PASSED [ 16%]
test/components/embedders/test_hugging_face_api_text_embedder.py::TestHuggingFaceAPITextEmbedder::test_init_serverless PASSED [ 17%]
test/components/embedders/test_hugging_face_api_text_embedder.py::TestHuggingFaceAPITextEmbedder::test_init_serverless_invalid_model PASSED [ 17%]
test/components/embedders/test_hugging_face_api_text_embedder.py::TestHuggingFaceAPITextEmbedder::test_init_serverless_no_model PASSED [ 17%]
test/components/embedders/test_hugging_face_api_text_embedder.py::TestHuggingFaceAPITextEmbedder::test_init_tei PASSED [ 17%]
test/components/embedders/test_hugging_face_api_text_embedder.py::TestHuggingFaceAPITextEmbedder::test_init_tei_invalid_url PASSED [ 17%]
test/components/embedders/test_hugging_face_api_text_embedder.py::TestHuggingFaceAPITextEmbedder::test_init_tei_no_url PASSED [ 17%]
test/components/embedders/test_hugging_face_api_text_embedder.py::TestHuggingFaceAPITextEmbedder::test_to_dict PASSED [ 17%]
test/components/embedders/test_hugging_face_api_text_embedder.py::TestHuggingFaceAPITextEmbedder::test_from_dict PASSED [ 17%]
test/components/embedders/test_hugging_face_api_text_embedder.py::TestHuggingFaceAPITextEmbedder::test_run_wrong_input_format PASSED [ 17%]
test/components/embedders/test_hugging_face_api_text_embedder.py::TestHuggingFaceAPITextEmbedder::test_run PASSED [ 17%]
test/components/embedders/test_openai_document_embedder.py::TestOpenAIDocumentEmbedder::test_init_default PASSED [ 17%]
test/components/embedders/test_openai_document_embedder.py::TestOpenAIDocumentEmbedder::test_init_with_parameters PASSED [ 17%]
test/components/embedders/test_openai_document_embedder.py::TestOpenAIDocumentEmbedder::test_init_with_parameters_and_env_vars PASSED [ 17%]
test/components/embedders/test_openai_document_embedder.py::TestOpenAIDocumentEmbedder::test_init_fail_wo_api_key PASSED [ 17%]
test/components/embedders/test_openai_document_embedder.py::TestOpenAIDocumentEmbedder::test_to_dict PASSED [ 17%]
test/components/embedders/test_openai_document_embedder.py::TestOpenAIDocumentEmbedder::test_to_dict_with_custom_init_parameters PASSED [ 17%]
test/components/embedders/test_openai_document_embedder.py::TestOpenAIDocumentEmbedder::test_prepare_texts_to_embed_w_metadata PASSED [ 17%]
test/components/embedders/test_openai_document_embedder.py::TestOpenAIDocumentEmbedder::test_prepare_texts_to_embed_w_suffix PASSED [ 18%]
test/components/embedders/test_openai_document_embedder.py::TestOpenAIDocumentEmbedder::test_run_wrong_input_format PASSED [ 18%]
test/components/embedders/test_openai_document_embedder.py::TestOpenAIDocumentEmbedder::test_run_on_empty_list PASSED [ 18%]
test/components/embedders/test_openai_text_embedder.py::TestOpenAITextEmbedder::test_init_default PASSED [ 18%]
test/components/embedders/test_openai_text_embedder.py::TestOpenAITextEmbedder::test_init_with_parameters PASSED [ 18%]
test/components/embedders/test_openai_text_embedder.py::TestOpenAITextEmbedder::test_init_with_parameters_and_env_vars PASSED [ 18%]
test/components/embedders/test_openai_text_embedder.py::TestOpenAITextEmbedder::test_init_fail_wo_api_key PASSED [ 18%]
test/components/embedders/test_openai_text_embedder.py::TestOpenAITextEmbedder::test_to_dict PASSED [ 18%]
test/components/embedders/test_openai_text_embedder.py::TestOpenAITextEmbedder::test_to_dict_with_custom_init_parameters PASSED [ 18%]
test/components/embedders/test_openai_text_embedder.py::TestOpenAITextEmbedder::test_run_wrong_input_format PASSED [ 18%]
test/components/embedders/test_sentence_transformers_document_embedder.py::TestSentenceTransformersDocumentEmbedder::test_init_default PASSED [ 18%]
test/components/embedders/test_sentence_transformers_document_embedder.py::TestSentenceTransformersDocumentEmbedder::test_init_with_parameters PASSED [ 18%]
test/components/embedders/test_sentence_transformers_document_embedder.py::TestSentenceTransformersDocumentEmbedder::test_to_dict PASSED [ 18%]
test/components/embedders/test_sentence_transformers_document_embedder.py::TestSentenceTransformersDocumentEmbedder::test_to_dict_with_custom_init_parameters PASSED [ 18%]
test/components/embedders/test_sentence_transformers_document_embedder.py::TestSentenceTransformersDocumentEmbedder::test_from_dict PASSED [ 18%]
test/components/embedders/test_sentence_transformers_document_embedder.py::TestSentenceTransformersDocumentEmbedder::test_from_dict_no_default_parameters PASSED [ 18%]
test/components/embedders/test_sentence_transformers_document_embedder.py::TestSentenceTransformersDocumentEmbedder::test_from_dict_none_device PASSED [ 19%]
test/components/embedders/test_sentence_transformers_document_embedder.py::TestSentenceTransformersDocumentEmbedder::test_warmup PASSED [ 19%]
test/components/embedders/test_sentence_transformers_document_embedder.py::TestSentenceTransformersDocumentEmbedder::test_warmup_doesnt_reload PASSED [ 19%]
test/components/embedders/test_sentence_transformers_document_embedder.py::TestSentenceTransformersDocumentEmbedder::test_run PASSED [ 19%]
test/components/embedders/test_sentence_transformers_document_embedder.py::TestSentenceTransformersDocumentEmbedder::test_run_wrong_input_format PASSED [ 19%]
test/components/embedders/test_sentence_transformers_document_embedder.py::TestSentenceTransformersDocumentEmbedder::test_embed_metadata PASSED [ 19%]
test/components/embedders/test_sentence_transformers_document_embedder.py::TestSentenceTransformersDocumentEmbedder::test_prefix_suffix PASSED [ 19%]
test/components/embedders/test_sentence_transformers_embedding_backend.py::test_factory_behavior PASSED [ 19%]
test/components/embedders/test_sentence_transformers_embedding_backend.py::test_model_initialization PASSED [ 19%]
test/components/embedders/test_sentence_transformers_embedding_backend.py::test_embedding_function_with_kwargs PASSED [ 19%]
test/components/embedders/test_sentence_transformers_text_embedder.py::TestSentenceTransformersTextEmbedder::test_init_default PASSED [ 19%]
test/components/embedders/test_sentence_transformers_text_embedder.py::TestSentenceTransformersTextEmbedder::test_init_with_parameters PASSED [ 19%]
test/components/embedders/test_sentence_transformers_text_embedder.py::TestSentenceTransformersTextEmbedder::test_to_dict PASSED [ 19%]
test/components/embedders/test_sentence_transformers_text_embedder.py::TestSentenceTransformersTextEmbedder::test_to_dict_with_custom_init_parameters PASSED [ 19%]
test/components/embedders/test_sentence_transformers_text_embedder.py::TestSentenceTransformersTextEmbedder::test_to_dict_not_serialize_token PASSED [ 19%]
test/components/embedders/test_sentence_transformers_text_embedder.py::TestSentenceTransformersTextEmbedder::test_from_dict PASSED [ 19%]
test/components/embedders/test_sentence_transformers_text_embedder.py::TestSentenceTransformersTextEmbedder::test_from_dict_no_default_parameters PASSED [ 19%]
test/components/embedders/test_sentence_transformers_text_embedder.py::TestSentenceTransformersTextEmbedder::test_from_dict_none_device PASSED [ 20%]
test/components/embedders/test_sentence_transformers_text_embedder.py::TestSentenceTransformersTextEmbedder::test_warmup PASSED [ 20%]
test/components/embedders/test_sentence_transformers_text_embedder.py::TestSentenceTransformersTextEmbedder::test_warmup_doesnt_reload PASSED [ 20%]
test/components/embedders/test_sentence_transformers_text_embedder.py::TestSentenceTransformersTextEmbedder::test_run PASSED [ 20%]
test/components/embedders/test_sentence_transformers_text_embedder.py::TestSentenceTransformersTextEmbedder::test_run_wrong_input_format PASSED [ 20%]
test/components/evaluators/test_answer_exact_match.py::test_run_with_all_matching PASSED [ 20%]
test/components/evaluators/test_answer_exact_match.py::test_run_with_no_matching PASSED [ 20%]
test/components/evaluators/test_answer_exact_match.py::test_run_with_partial_matching PASSED [ 20%]
test/components/evaluators/test_answer_exact_match.py::test_run_with_complex_data PASSED [ 20%]
test/components/evaluators/test_answer_exact_match.py::test_run_with_different_lengths PASSED [ 20%]
test/components/evaluators/test_context_relevance_evaluator.py::TestContextRelevanceEvaluator::test_init_default PASSED [ 20%]
test/components/evaluators/test_context_relevance_evaluator.py::TestContextRelevanceEvaluator::test_init_fail_wo_openai_api_key PASSED [ 20%]
test/components/evaluators/test_context_relevance_evaluator.py::TestContextRelevanceEvaluator::test_init_with_parameters PASSED [ 20%]
test/components/evaluators/test_context_relevance_evaluator.py::TestContextRelevanceEvaluator::test_to_dict_with_parameters PASSED [ 20%]
test/components/evaluators/test_context_relevance_evaluator.py::TestContextRelevanceEvaluator::test_from_dict PASSED [ 20%]
test/components/evaluators/test_context_relevance_evaluator.py::TestContextRelevanceEvaluator::test_run_calculates_mean_score PASSED [ 20%]
test/components/evaluators/test_context_relevance_evaluator.py::TestContextRelevanceEvaluator::test_run_no_statements_extracted PASSED [ 21%]
test/components/evaluators/test_context_relevance_evaluator.py::TestContextRelevanceEvaluator::test_run_missing_parameters PASSED [ 21%]
test/components/evaluators/test_context_relevance_evaluator.py::TestContextRelevanceEvaluator::test_run_returns_nan_raise_on_failure_false PASSED [ 21%]
test/components/evaluators/test_document_map.py::test_run_with_all_matching PASSED [ 21%]
test/components/evaluators/test_document_map.py::test_run_with_no_matching PASSED [ 21%]
test/components/evaluators/test_document_map.py::test_run_with_partial_matching PASSED [ 21%]
test/components/evaluators/test_document_map.py::test_run_with_complex_data PASSED [ 21%]
test/components/evaluators/test_document_map.py::test_run_with_different_lengths PASSED [ 21%]
test/components/evaluators/test_document_mrr.py::test_run_with_all_matching PASSED [ 21%]
test/components/evaluators/test_document_mrr.py::test_run_with_no_matching PASSED [ 21%]
test/components/evaluators/test_document_mrr.py::test_run_with_partial_matching PASSED [ 21%]
test/components/evaluators/test_document_mrr.py::test_run_with_complex_data PASSED [ 21%]
test/components/evaluators/test_document_mrr.py::test_run_with_different_lengths PASSED [ 21%]
test/components/evaluators/test_document_ndcg.py::test_run_with_scores PASSED [ 21%]
test/components/evaluators/test_document_ndcg.py::test_run_without_scores PASSED [ 21%]
test/components/evaluators/test_document_ndcg.py::test_run_with_multiple_lists_of_docs PASSED [ 21%]
test/components/evaluators/test_document_ndcg.py::test_run_with_different_lengths PASSED [ 21%]
test/components/evaluators/test_document_ndcg.py::test_run_with_mixed_documents_with_and_without_scores PASSED [ 22%]
test/components/evaluators/test_document_ndcg.py::test_run_empty_retrieved PASSED [ 22%]
test/components/evaluators/test_document_ndcg.py::test_run_empty_ground_truth PASSED [ 22%]
test/components/evaluators/test_document_ndcg.py::test_run_empty_retrieved_and_empty_ground_truth PASSED [ 22%]
test/components/evaluators/test_document_ndcg.py::test_run_no_retrieved PASSED [ 22%]
test/components/evaluators/test_document_ndcg.py::test_run_no_ground_truth PASSED [ 22%]
test/components/evaluators/test_document_ndcg.py::test_run_no_retrieved_and_no_ground_truth PASSED [ 22%]
test/components/evaluators/test_document_ndcg.py::test_calculate_dcg_with_scores PASSED [ 22%]
test/components/evaluators/test_document_ndcg.py::test_calculate_dcg_without_scores PASSED [ 22%]
test/components/evaluators/test_document_ndcg.py::test_calculate_dcg_empty PASSED [ 22%]
test/components/evaluators/test_document_ndcg.py::test_calculate_idcg_with_scores PASSED [ 22%]
test/components/evaluators/test_document_ndcg.py::test_calculate_idcg_without_scores PASSED [ 22%]
test/components/evaluators/test_document_ndcg.py::test_calculate_idcg_empty PASSED [ 22%]
test/components/evaluators/test_document_recall.py::test_init_with_unknown_mode_string PASSED [ 22%]
test/components/evaluators/test_document_recall.py::TestDocumentRecallEvaluatorSingleHit::test_run_with_all_matching PASSED [ 22%]
test/components/evaluators/test_document_recall.py::TestDocumentRecallEvaluatorSingleHit::test_run_with_no_matching PASSED [ 22%]
test/components/evaluators/test_document_recall.py::TestDocumentRecallEvaluatorSingleHit::test_run_with_partial_matching PASSED [ 23%]
test/components/evaluators/test_document_recall.py::TestDocumentRecallEvaluatorSingleHit::test_run_with_complex_data PASSED [ 23%]
test/components/evaluators/test_document_recall.py::TestDocumentRecallEvaluatorSingleHit::test_run_with_different_lengths PASSED [ 23%]
test/components/evaluators/test_document_recall.py::TestDocumentRecallEvaluatorSingleHit::test_to_dict PASSED [ 23%]
test/components/evaluators/test_document_recall.py::TestDocumentRecallEvaluatorSingleHit::test_from_dict PASSED [ 23%]
test/components/evaluators/test_document_recall.py::TestDocumentRecallEvaluatorMultiHit::test_run_with_all_matching PASSED [ 23%]
test/components/evaluators/test_document_recall.py::TestDocumentRecallEvaluatorMultiHit::test_run_with_no_matching PASSED [ 23%]
test/components/evaluators/test_document_recall.py::TestDocumentRecallEvaluatorMultiHit::test_run_with_partial_matching PASSED [ 23%]
test/components/evaluators/test_document_recall.py::TestDocumentRecallEvaluatorMultiHit::test_run_with_complex_data PASSED [ 23%]
test/components/evaluators/test_document_recall.py::TestDocumentRecallEvaluatorMultiHit::test_run_with_different_lengths PASSED [ 23%]
test/components/evaluators/test_document_recall.py::TestDocumentRecallEvaluatorMultiHit::test_to_dict PASSED [ 23%]
test/components/evaluators/test_document_recall.py::TestDocumentRecallEvaluatorMultiHit::test_from_dict PASSED [ 23%]
test/components/evaluators/test_faithfulness_evaluator.py::TestFaithfulnessEvaluator::test_init_default PASSED [ 23%]
test/components/evaluators/test_faithfulness_evaluator.py::TestFaithfulnessEvaluator::test_init_fail_wo_openai_api_key PASSED [ 23%]
test/components/evaluators/test_faithfulness_evaluator.py::TestFaithfulnessEvaluator::test_init_with_parameters PASSED [ 23%]
test/components/evaluators/test_faithfulness_evaluator.py::TestFaithfulnessEvaluator::test_to_dict_with_parameters PASSED [ 23%]
test/components/evaluators/test_faithfulness_evaluator.py::TestFaithfulnessEvaluator::test_from_dict PASSED [ 23%]
test/components/evaluators/test_faithfulness_evaluator.py::TestFaithfulnessEvaluator::test_run_calculates_mean_score PASSED [ 24%]
test/components/evaluators/test_faithfulness_evaluator.py::TestFaithfulnessEvaluator::test_run_no_statements_extracted PASSED [ 24%]
test/components/evaluators/test_faithfulness_evaluator.py::TestFaithfulnessEvaluator::test_run_missing_parameters PASSED [ 24%]
test/components/evaluators/test_faithfulness_evaluator.py::TestFaithfulnessEvaluator::test_run_returns_nan_raise_on_failure_false PASSED [ 24%]
test/components/evaluators/test_llm_evaluator.py::TestLLMEvaluator::test_init_default PASSED [ 24%]
test/components/evaluators/test_llm_evaluator.py::TestLLMEvaluator::test_init_fail_wo_openai_api_key PASSED [ 24%]
test/components/evaluators/test_llm_evaluator.py::TestLLMEvaluator::test_init_with_parameters PASSED [ 24%]
test/components/evaluators/test_llm_evaluator.py::TestLLMEvaluator::test_init_with_invalid_parameters PASSED [ 24%]
test/components/evaluators/test_llm_evaluator.py::TestLLMEvaluator::test_to_dict_default PASSED [ 24%]
test/components/evaluators/test_llm_evaluator.py::TestLLMEvaluator::test_from_dict PASSED [ 24%]
test/components/evaluators/test_llm_evaluator.py::TestLLMEvaluator::test_to_dict_with_parameters PASSED [ 24%]
test/components/evaluators/test_llm_evaluator.py::TestLLMEvaluator::test_serde PASSED [ 24%]
test/components/evaluators/test_llm_evaluator.py::TestLLMEvaluator::test_run_with_different_lengths PASSED [ 24%]
test/components/evaluators/test_llm_evaluator.py::TestLLMEvaluator::test_run_returns_parsed_result PASSED [ 24%]
test/components/evaluators/test_llm_evaluator.py::TestLLMEvaluator::test_prepare_template PASSED [ 24%]
test/components/evaluators/test_llm_evaluator.py::TestLLMEvaluator::test_invalid_input_parameters PASSED [ 24%]
test/components/evaluators/test_llm_evaluator.py::TestLLMEvaluator::test_invalid_outputs PASSED [ 25%]
test/components/evaluators/test_llm_evaluator.py::TestLLMEvaluator::test_output_invalid_json_raise_on_failure_false PASSED [ 25%]
test/components/evaluators/test_llm_evaluator.py::TestLLMEvaluator::test_output_invalid_json_raise_on_failure_true PASSED [ 25%]
test/components/evaluators/test_llm_evaluator.py::TestLLMEvaluator::test_unsupported_api PASSED [ 25%]
test/components/evaluators/test_llm_evaluator.py::TestLLMEvaluator::test_init_with_base_url PASSED [ 25%]
test/components/evaluators/test_sas_evaluator.py::TestSASEvaluator::test_init_default PASSED [ 25%]
test/components/evaluators/test_sas_evaluator.py::TestSASEvaluator::test_to_dict PASSED [ 25%]
test/components/evaluators/test_sas_evaluator.py::TestSASEvaluator::test_from_dict PASSED [ 25%]
test/components/evaluators/test_sas_evaluator.py::TestSASEvaluator::test_run_with_empty_inputs PASSED [ 25%]
test/components/evaluators/test_sas_evaluator.py::TestSASEvaluator::test_run_with_different_lengths PASSED [ 25%]
test/components/evaluators/test_sas_evaluator.py::TestSASEvaluator::test_run_with_none_in_predictions PASSED [ 25%]
test/components/evaluators/test_sas_evaluator.py::TestSASEvaluator::test_run_not_warmed_up PASSED [ 25%]
test/components/extractors/test_named_entity_extractor.py::test_named_entity_extractor_backend PASSED [ 25%]
test/components/extractors/test_named_entity_extractor.py::test_named_entity_extractor_serde PASSED [ 25%]
test/components/extractors/test_named_entity_extractor.py::test_named_entity_extractor_from_dict_no_default_parameters_hf PASSED [ 25%]
test/components/extractors/test_named_entity_extractor.py::test_named_entity_extractor_pipeline_serde PASSED [ 25%]
test/components/extractors/test_named_entity_extractor.py::test_named_entity_extractor_serde_none_device PASSED [ 26%]
test/components/fetchers/test_link_content_fetcher.py::TestLinkContentFetcher::test_init PASSED [ 26%]
test/components/fetchers/test_link_content_fetcher.py::TestLinkContentFetcher::test_init_with_params PASSED [ 26%]
test/components/fetchers/test_link_content_fetcher.py::TestLinkContentFetcher::test_run_text PASSED [ 26%]
test/components/fetchers/test_link_content_fetcher.py::TestLinkContentFetcher::test_run_html PASSED [ 26%]
test/components/fetchers/test_link_content_fetcher.py::TestLinkContentFetcher::test_run_binary PASSED [ 26%]
test/components/fetchers/test_link_content_fetcher.py::TestLinkContentFetcher::test_run_bad_status_code PASSED [ 26%]
test/components/generators/chat/test_azure.py::TestOpenAIChatGenerator::test_init_default PASSED [ 26%]
test/components/generators/chat/test_azure.py::TestOpenAIChatGenerator::test_init_fail_wo_api_key PASSED [ 26%]
test/components/generators/chat/test_azure.py::TestOpenAIChatGenerator::test_init_with_parameters PASSED [ 26%]
test/components/generators/chat/test_azure.py::TestOpenAIChatGenerator::test_to_dict_default PASSED [ 26%]
test/components/generators/chat/test_azure.py::TestOpenAIChatGenerator::test_to_dict_with_parameters PASSED [ 26%]
test/components/generators/chat/test_azure.py::TestOpenAIChatGenerator::test_pipeline_serialization_deserialization PASSED [ 26%]
test/components/generators/chat/test_hugging_face_api.py::test_convert_message_to_hfapi_format PASSED [ 26%]
test/components/generators/chat/test_hugging_face_api.py::TestHuggingFaceAPIGenerator::test_init_invalid_api_type PASSED [ 26%]
test/components/generators/chat/test_hugging_face_api.py::TestHuggingFaceAPIGenerator::test_init_serverless PASSED [ 26%]
test/components/generators/chat/test_hugging_face_api.py::TestHuggingFaceAPIGenerator::test_init_serverless_invalid_model PASSED [ 26%]
test/components/generators/chat/test_hugging_face_api.py::TestHuggingFaceAPIGenerator::test_init_serverless_no_model PASSED [ 27%]
test/components/generators/chat/test_hugging_face_api.py::TestHuggingFaceAPIGenerator::test_init_tgi PASSED [ 27%]
test/components/generators/chat/test_hugging_face_api.py::TestHuggingFaceAPIGenerator::test_init_tgi_invalid_url PASSED [ 27%]
test/components/generators/chat/test_hugging_face_api.py::TestHuggingFaceAPIGenerator::test_init_tgi_no_url PASSED [ 27%]
test/components/generators/chat/test_hugging_face_api.py::TestHuggingFaceAPIGenerator::test_to_dict PASSED [ 27%]
test/components/generators/chat/test_hugging_face_api.py::TestHuggingFaceAPIGenerator::test_from_dict PASSED [ 27%]
test/components/generators/chat/test_hugging_face_api.py::TestHuggingFaceAPIGenerator::test_generate_text_response_with_valid_prompt_and_generation_parameters PASSED [ 27%]
test/components/generators/chat/test_hugging_face_api.py::TestHuggingFaceAPIGenerator::test_generate_text_with_streaming_callback PASSED [ 27%]
test/components/generators/chat/test_hugging_face_local.py::TestHuggingFaceLocalChatGenerator::test_initialize_with_valid_model_and_generation_parameters PASSED [ 27%]
test/components/generators/chat/test_hugging_face_local.py::TestHuggingFaceLocalChatGenerator::test_init_custom_token PASSED [ 27%]
test/components/generators/chat/test_hugging_face_local.py::TestHuggingFaceLocalChatGenerator::test_init_custom_device PASSED [ 27%]
test/components/generators/chat/test_hugging_face_local.py::TestHuggingFaceLocalChatGenerator::test_init_task_parameter PASSED [ 27%]
test/components/generators/chat/test_hugging_face_local.py::TestHuggingFaceLocalChatGenerator::test_init_task_in_huggingface_pipeline_kwargs PASSED [ 27%]
test/components/generators/chat/test_hugging_face_local.py::TestHuggingFaceLocalChatGenerator::test_init_task_inferred_from_model_name PASSED [ 27%]
test/components/generators/chat/test_hugging_face_local.py::TestHuggingFaceLocalChatGenerator::test_init_invalid_task PASSED [ 27%]
test/components/generators/chat/test_hugging_face_local.py::TestHuggingFaceLocalChatGenerator::test_to_dict PASSED [ 27%]
test/components/generators/chat/test_hugging_face_local.py::TestHuggingFaceLocalChatGenerator::test_from_dict PASSED [ 28%]
test/components/generators/chat/test_hugging_face_local.py::TestHuggingFaceLocalChatGenerator::test_warm_up PASSED [ 28%]
test/components/generators/chat/test_hugging_face_local.py::TestHuggingFaceLocalChatGenerator::test_run PASSED [ 28%]
test/components/generators/chat/test_hugging_face_local.py::TestHuggingFaceLocalChatGenerator::test_run_with_custom_generation_parameters PASSED [ 28%]
test/components/generators/chat/test_openai.py::TestOpenAIChatGenerator::test_init_default PASSED [ 28%]
test/components/generators/chat/test_openai.py::TestOpenAIChatGenerator::test_init_fail_wo_api_key PASSED [ 28%]
test/components/generators/chat/test_openai.py::TestOpenAIChatGenerator::test_init_with_parameters PASSED [ 28%]
test/components/generators/chat/test_openai.py::TestOpenAIChatGenerator::test_init_with_parameters_and_env_vars PASSED [ 28%]
test/components/generators/chat/test_openai.py::TestOpenAIChatGenerator::test_to_dict_default PASSED [ 28%]
test/components/generators/chat/test_openai.py::TestOpenAIChatGenerator::test_to_dict_with_parameters PASSED [ 28%]
test/components/generators/chat/test_openai.py::TestOpenAIChatGenerator::test_to_dict_with_lambda_streaming_callback PASSED [ 28%]
test/components/generators/chat/test_openai.py::TestOpenAIChatGenerator::test_from_dict PASSED [ 28%]
test/components/generators/chat/test_openai.py::TestOpenAIChatGenerator::test_from_dict_fail_wo_env_var PASSED [ 28%]
test/components/generators/chat/test_openai.py::TestOpenAIChatGenerator::test_run PASSED [ 28%]
test/components/generators/chat/test_openai.py::TestOpenAIChatGenerator::test_run_with_params PASSED [ 28%]
test/components/generators/chat/test_openai.py::TestOpenAIChatGenerator::test_run_with_params_streaming PASSED [ 28%]
test/components/generators/chat/test_openai.py::TestOpenAIChatGenerator::test_run_with_streaming_callback_in_run_method PASSED [ 28%]
test/components/generators/chat/test_openai.py::TestOpenAIChatGenerator::test_check_abnormal_completions 
-------------------------------- live log call ---------------------------------
WARNING  haystack.components.generators.chat.openai:openai.py:366 The completion for index 0 has been truncated due to the content filter.
WARNING  haystack.components.generators.chat.openai:openai.py:359 The completion for index 1 has been truncated before reaching a natural stopping point. Increase the max_tokens parameter to allow for longer completions.
WARNING  haystack.components.generators.chat.openai:openai.py:366 The completion for index 2 has been truncated due to the content filter.
WARNING  haystack.components.generators.chat.openai:openai.py:359 The completion for index 3 has been truncated before reaching a natural stopping point. Increase the max_tokens parameter to allow for longer completions.
PASSED                                                                   [ 29%]
test/components/generators/test_azure.py::TestAzureOpenAIGenerator::test_init_default PASSED [ 29%]
test/components/generators/test_azure.py::TestAzureOpenAIGenerator::test_init_fail_wo_api_key PASSED [ 29%]
test/components/generators/test_azure.py::TestAzureOpenAIGenerator::test_init_with_parameters PASSED [ 29%]
test/components/generators/test_azure.py::TestAzureOpenAIGenerator::test_to_dict_default PASSED [ 29%]
test/components/generators/test_azure.py::TestAzureOpenAIGenerator::test_to_dict_with_parameters PASSED [ 29%]
test/components/generators/test_azure.py::TestAzureOpenAIGenerator::test_pipeline_serialization_deserialization PASSED [ 29%]
test/components/generators/test_hf_utils.py::test_empty_dictionary PASSED [ 29%]
test/components/generators/test_hf_utils.py::test_valid_generation_parameters PASSED [ 29%]
test/components/generators/test_hf_utils.py::test_invalid_generation_parameters PASSED [ 29%]
test/components/generators/test_hf_utils.py::test_additional_accepted_params_empty_list PASSED [ 29%]
test/components/generators/test_hf_utils.py::test_additional_accepted_params_known_parameter PASSED [ 29%]
test/components/generators/test_hf_utils.py::test_additional_accepted_params_unknown_parameter PASSED [ 29%]
test/components/generators/test_hugging_face_api.py::TestHuggingFaceAPIGenerator::test_init_invalid_api_type PASSED [ 29%]
test/components/generators/test_hugging_face_api.py::TestHuggingFaceAPIGenerator::test_init_serverless PASSED [ 29%]
test/components/generators/test_hugging_face_api.py::TestHuggingFaceAPIGenerator::test_init_serverless_invalid_model PASSED [ 29%]
test/components/generators/test_hugging_face_api.py::TestHuggingFaceAPIGenerator::test_init_serverless_no_model PASSED [ 30%]
test/components/generators/test_hugging_face_api.py::TestHuggingFaceAPIGenerator::test_init_tgi PASSED [ 30%]
test/components/generators/test_hugging_face_api.py::TestHuggingFaceAPIGenerator::test_init_tgi_invalid_url PASSED [ 30%]
test/components/generators/test_hugging_face_api.py::TestHuggingFaceAPIGenerator::test_init_tgi_no_url PASSED [ 30%]
test/components/generators/test_hugging_face_api.py::TestHuggingFaceAPIGenerator::test_to_dict PASSED [ 30%]
test/components/generators/test_hugging_face_api.py::TestHuggingFaceAPIGenerator::test_from_dict PASSED [ 30%]
test/components/generators/test_hugging_face_api.py::TestHuggingFaceAPIGenerator::test_generate_text_response_with_valid_prompt_and_generation_parameters PASSED [ 30%]
test/components/generators/test_hugging_face_api.py::TestHuggingFaceAPIGenerator::test_generate_text_with_custom_generation_parameters PASSED [ 30%]
test/components/generators/test_hugging_face_api.py::TestHuggingFaceAPIGenerator::test_generate_text_with_streaming_callback PASSED [ 30%]
test/components/generators/test_hugging_face_local_generator.py::TestHuggingFaceLocalGenerator::test_init_default PASSED [ 30%]
test/components/generators/test_hugging_face_local_generator.py::TestHuggingFaceLocalGenerator::test_init_custom_token PASSED [ 30%]
test/components/generators/test_hugging_face_local_generator.py::TestHuggingFaceLocalGenerator::test_init_custom_device PASSED [ 30%]
test/components/generators/test_hugging_face_local_generator.py::TestHuggingFaceLocalGenerator::test_init_task_parameter PASSED [ 30%]
test/components/generators/test_hugging_face_local_generator.py::TestHuggingFaceLocalGenerator::test_init_task_in_huggingface_pipeline_kwargs PASSED [ 30%]
test/components/generators/test_hugging_face_local_generator.py::TestHuggingFaceLocalGenerator::test_init_task_inferred_from_model_name PASSED [ 30%]
test/components/generators/test_hugging_face_local_generator.py::TestHuggingFaceLocalGenerator::test_init_invalid_task PASSED [ 30%]
test/components/generators/test_hugging_face_local_generator.py::TestHuggingFaceLocalGenerator::test_init_huggingface_pipeline_kwargs_override_other_parameters PASSED [ 30%]
test/components/generators/test_hugging_face_local_generator.py::TestHuggingFaceLocalGenerator::test_init_generation_kwargs PASSED [ 31%]
test/components/generators/test_hugging_face_local_generator.py::TestHuggingFaceLocalGenerator::test_init_set_return_full_text PASSED [ 31%]
test/components/generators/test_hugging_face_local_generator.py::TestHuggingFaceLocalGenerator::test_init_fails_with_both_stopwords_and_stoppingcriteria PASSED [ 31%]
test/components/generators/test_hugging_face_local_generator.py::TestHuggingFaceLocalGenerator::test_to_dict_default PASSED [ 31%]
test/components/generators/test_hugging_face_local_generator.py::TestHuggingFaceLocalGenerator::test_to_dict_with_parameters PASSED [ 31%]
test/components/generators/test_hugging_face_local_generator.py::TestHuggingFaceLocalGenerator::test_to_dict_with_quantization_config PASSED [ 31%]
test/components/generators/test_hugging_face_local_generator.py::TestHuggingFaceLocalGenerator::test_from_dict PASSED [ 31%]
test/components/generators/test_hugging_face_local_generator.py::TestHuggingFaceLocalGenerator::test_warm_up PASSED [ 31%]
test/components/generators/test_hugging_face_local_generator.py::TestHuggingFaceLocalGenerator::test_warm_up_doesnt_reload PASSED [ 31%]
test/components/generators/test_hugging_face_local_generator.py::TestHuggingFaceLocalGenerator::test_run PASSED [ 31%]
test/components/generators/test_hugging_face_local_generator.py::TestHuggingFaceLocalGenerator::test_run_empty_prompt PASSED [ 31%]
test/components/generators/test_hugging_face_local_generator.py::TestHuggingFaceLocalGenerator::test_run_with_generation_kwargs PASSED [ 31%]
test/components/generators/test_hugging_face_local_generator.py::TestHuggingFaceLocalGenerator::test_run_with_streaming PASSED [ 31%]
test/components/generators/test_hugging_face_local_generator.py::TestHuggingFaceLocalGenerator::test_run_fails_without_warm_up PASSED [ 31%]
test/components/generators/test_hugging_face_local_generator.py::TestHuggingFaceLocalGenerator::test_stop_words_criteria_with_a_mocked_tokenizer PASSED [ 31%]
test/components/generators/test_hugging_face_local_generator.py::TestHuggingFaceLocalGenerator::test_warm_up_set_stopping_criteria_list PASSED [ 31%]
test/components/generators/test_hugging_face_local_generator.py::TestHuggingFaceLocalGenerator::test_run_stop_words_removal PASSED [ 32%]
test/components/generators/test_openai.py::TestOpenAIGenerator::test_init_default PASSED [ 32%]
test/components/generators/test_openai.py::TestOpenAIGenerator::test_init_fail_wo_api_key PASSED [ 32%]
test/components/generators/test_openai.py::TestOpenAIGenerator::test_init_with_parameters PASSED [ 32%]
test/components/generators/test_openai.py::TestOpenAIGenerator::test_to_dict_default PASSED [ 32%]
test/components/generators/test_openai.py::TestOpenAIGenerator::test_to_dict_with_parameters PASSED [ 32%]
test/components/generators/test_openai.py::TestOpenAIGenerator::test_to_dict_with_lambda_streaming_callback PASSED [ 32%]
test/components/generators/test_openai.py::TestOpenAIGenerator::test_from_dict PASSED [ 32%]
test/components/generators/test_openai.py::TestOpenAIGenerator::test_from_dict_fail_wo_env_var PASSED [ 32%]
test/components/generators/test_openai.py::TestOpenAIGenerator::test_run PASSED [ 32%]
test/components/generators/test_openai.py::TestOpenAIGenerator::test_run_with_params_streaming PASSED [ 32%]
test/components/generators/test_openai.py::TestOpenAIGenerator::test_run_with_streaming_callback_in_run_method PASSED [ 32%]
test/components/generators/test_openai.py::TestOpenAIGenerator::test_run_with_params PASSED [ 32%]
test/components/generators/test_openai.py::TestOpenAIGenerator::test_check_abnormal_completions 
-------------------------------- live log call ---------------------------------
WARNING  haystack.components.generators.openai:openai.py:323 The completion for index 0 has been truncated due to the content filter.
WARNING  haystack.components.generators.openai:openai.py:316 The completion for index 1 has been truncated before reaching a natural stopping point. Increase the max_tokens parameter to allow for longer completions.
WARNING  haystack.components.generators.openai:openai.py:323 The completion for index 2 has been truncated due to the content filter.
WARNING  haystack.components.generators.openai:openai.py:316 The completion for index 3 has been truncated before reaching a natural stopping point. Increase the max_tokens parameter to allow for longer completions.
PASSED                                                                   [ 32%]
test/components/generators/test_openai_utils.py::test_convert_message_to_openai_format PASSED [ 32%]
test/components/joiners/test_answer_joiner.py::TestAnswerJoiner::test_init PASSED [ 32%]
test/components/joiners/test_answer_joiner.py::TestAnswerJoiner::test_init_with_custom_parameters PASSED [ 32%]
test/components/joiners/test_answer_joiner.py::TestAnswerJoiner::test_to_dict PASSED [ 33%]
test/components/joiners/test_answer_joiner.py::TestAnswerJoiner::test_to_from_dict_custom_parameters PASSED [ 33%]
test/components/joiners/test_answer_joiner.py::TestAnswerJoiner::test_from_dict PASSED [ 33%]
test/components/joiners/test_answer_joiner.py::TestAnswerJoiner::test_from_dict_customs_parameters PASSED [ 33%]
test/components/joiners/test_answer_joiner.py::TestAnswerJoiner::test_empty_list PASSED [ 33%]
test/components/joiners/test_answer_joiner.py::TestAnswerJoiner::test_list_of_empty_lists PASSED [ 33%]
test/components/joiners/test_answer_joiner.py::TestAnswerJoiner::test_list_of_single_answer PASSED [ 33%]
test/components/joiners/test_answer_joiner.py::TestAnswerJoiner::test_two_lists_of_generated_answers PASSED [ 33%]
test/components/joiners/test_answer_joiner.py::TestAnswerJoiner::test_multiple_lists_of_mixed_answers PASSED [ 33%]
test/components/joiners/test_answer_joiner.py::TestAnswerJoiner::test_unsupported_join_mode PASSED [ 33%]
test/components/joiners/test_branch_joiner.py::TestBranchJoiner::test_one_value PASSED [ 33%]
test/components/joiners/test_branch_joiner.py::TestBranchJoiner::test_one_value_of_wrong_type PASSED [ 33%]
test/components/joiners/test_branch_joiner.py::TestBranchJoiner::test_one_value_of_none_type PASSED [ 33%]
test/components/joiners/test_branch_joiner.py::TestBranchJoiner::test_more_values_of_expected_type PASSED [ 33%]
test/components/joiners/test_branch_joiner.py::TestBranchJoiner::test_no_values PASSED [ 33%]
test/components/joiners/test_document_joiner.py::TestDocumentJoiner::test_init PASSED [ 33%]
test/components/joiners/test_document_joiner.py::TestDocumentJoiner::test_init_with_custom_parameters PASSED [ 34%]
test/components/joiners/test_document_joiner.py::TestDocumentJoiner::test_to_dict PASSED [ 34%]
test/components/joiners/test_document_joiner.py::TestDocumentJoiner::test_to_dict_custom_parameters PASSED [ 34%]
test/components/joiners/test_document_joiner.py::TestDocumentJoiner::test_from_dict PASSED [ 34%]
test/components/joiners/test_document_joiner.py::TestDocumentJoiner::test_from_dict_customs_parameters PASSED [ 34%]
test/components/joiners/test_document_joiner.py::TestDocumentJoiner::test_empty_list PASSED [ 34%]
test/components/joiners/test_document_joiner.py::TestDocumentJoiner::test_list_of_empty_lists PASSED [ 34%]
test/components/joiners/test_document_joiner.py::TestDocumentJoiner::test_list_with_one_empty_list PASSED [ 34%]
test/components/joiners/test_document_joiner.py::TestDocumentJoiner::test_unsupported_join_mode PASSED [ 34%]
test/components/joiners/test_document_joiner.py::TestDocumentJoiner::test_run_with_concatenate_join_mode_and_top_k PASSED [ 34%]
test/components/joiners/test_document_joiner.py::TestDocumentJoiner::test_run_with_concatenate_join_mode_and_duplicate_documents PASSED [ 34%]
test/components/joiners/test_document_joiner.py::TestDocumentJoiner::test_run_with_merge_join_mode PASSED [ 34%]
test/components/joiners/test_document_joiner.py::TestDocumentJoiner::test_run_with_reciprocal_rank_fusion_join_mode PASSED [ 34%]
test/components/joiners/test_document_joiner.py::TestDocumentJoiner::test_run_with_distribution_based_rank_fusion_join_mode PASSED [ 34%]
test/components/joiners/test_document_joiner.py::TestDocumentJoiner::test_run_with_distribution_based_rank_fusion_join_mode_same_scores PASSED [ 34%]
test/components/joiners/test_document_joiner.py::TestDocumentJoiner::test_run_with_top_k_in_run_method PASSED [ 34%]
test/components/joiners/test_document_joiner.py::TestDocumentJoiner::test_sort_by_score_without_scores 
-------------------------------- live log call ---------------------------------
INFO     haystack.components.joiners.document_joiner:document_joiner.py:140 Some of the Documents DocumentJoiner got have score=None. It was configured to sort Documents by score, so those with score=None were sorted as if they had a score of -infinity.
PASSED                                                                   [ 34%]
test/components/joiners/test_document_joiner.py::TestDocumentJoiner::test_output_documents_not_sorted_by_score PASSED [ 35%]
test/components/joiners/test_document_joiner.py::TestDocumentJoiner::test_test_score_norm_with_rrf PASSED [ 35%]
test/components/preprocessors/test_document_cleaner.py::TestDocumentCleaner::test_init PASSED [ 35%]
test/components/preprocessors/test_document_cleaner.py::TestDocumentCleaner::test_non_text_document 
-------------------------------- live log call ---------------------------------
WARNING  haystack.components.preprocessors.document_cleaner:document_cleaner.py:110 DocumentCleaner only cleans text documents but document.content for document ID %d4675c57fcfe114db0b95f1da46eea3c5d6f5729c17d01fb5251ae19830a3455 is None.
PASSED                                                                   [ 35%]
test/components/preprocessors/test_document_cleaner.py::TestDocumentCleaner::test_single_document PASSED [ 35%]
test/components/preprocessors/test_document_cleaner.py::TestDocumentCleaner::test_empty_list PASSED [ 35%]
test/components/preprocessors/test_document_cleaner.py::TestDocumentCleaner::test_remove_empty_lines PASSED [ 35%]
test/components/preprocessors/test_document_cleaner.py::TestDocumentCleaner::test_remove_whitespaces PASSED [ 35%]
test/components/preprocessors/test_document_cleaner.py::TestDocumentCleaner::test_remove_substrings PASSED [ 35%]
test/components/preprocessors/test_document_cleaner.py::TestDocumentCleaner::test_remove_regex PASSED [ 35%]
test/components/preprocessors/test_document_cleaner.py::TestDocumentCleaner::test_remove_repeated_substrings PASSED [ 35%]
test/components/preprocessors/test_document_cleaner.py::TestDocumentCleaner::test_copy_metadata PASSED [ 35%]
test/components/preprocessors/test_document_cleaner.py::TestDocumentCleaner::test_keep_id_does_not_alter_document_ids PASSED [ 35%]
test/components/preprocessors/test_document_cleaner.py::TestDocumentCleaner::test_unicode_normalization PASSED [ 35%]
test/components/preprocessors/test_document_cleaner.py::TestDocumentCleaner::test_ascii_only PASSED [ 35%]
test/components/preprocessors/test_document_splitter.py::TestDocumentSplitter::test_non_text_document PASSED [ 35%]
test/components/preprocessors/test_document_splitter.py::TestDocumentSplitter::test_single_doc PASSED [ 36%]
test/components/preprocessors/test_document_splitter.py::TestDocumentSplitter::test_empty_list PASSED [ 36%]
test/components/preprocessors/test_document_splitter.py::TestDocumentSplitter::test_unsupported_split_by PASSED [ 36%]
test/components/preprocessors/test_document_splitter.py::TestDocumentSplitter::test_unsupported_split_length PASSED [ 36%]
test/components/preprocessors/test_document_splitter.py::TestDocumentSplitter::test_unsupported_split_overlap PASSED [ 36%]
test/components/preprocessors/test_document_splitter.py::TestDocumentSplitter::test_split_by_word PASSED [ 36%]
test/components/preprocessors/test_document_splitter.py::TestDocumentSplitter::test_split_by_word_with_threshold PASSED [ 36%]
test/components/preprocessors/test_document_splitter.py::TestDocumentSplitter::test_split_by_word_multiple_input_docs PASSED [ 36%]
test/components/preprocessors/test_document_splitter.py::TestDocumentSplitter::test_split_by_sentence PASSED [ 36%]
test/components/preprocessors/test_document_splitter.py::TestDocumentSplitter::test_split_by_passage PASSED [ 36%]
test/components/preprocessors/test_document_splitter.py::TestDocumentSplitter::test_split_by_page PASSED [ 36%]
test/components/preprocessors/test_document_splitter.py::TestDocumentSplitter::test_split_by_function PASSED [ 36%]
test/components/preprocessors/test_document_splitter.py::TestDocumentSplitter::test_split_by_word_with_overlap PASSED [ 36%]
test/components/preprocessors/test_document_splitter.py::TestDocumentSplitter::test_source_id_stored_in_metadata PASSED [ 36%]
test/components/preprocessors/test_document_splitter.py::TestDocumentSplitter::test_copy_metadata PASSED [ 36%]
test/components/preprocessors/test_document_splitter.py::TestDocumentSplitter::test_add_page_number_to_metadata_with_no_overlap_word_split PASSED [ 36%]
test/components/preprocessors/test_document_splitter.py::TestDocumentSplitter::test_add_page_number_to_metadata_with_no_overlap_sentence_split PASSED [ 36%]
test/components/preprocessors/test_document_splitter.py::TestDocumentSplitter::test_add_page_number_to_metadata_with_no_overlap_passage_split PASSED [ 37%]
test/components/preprocessors/test_document_splitter.py::TestDocumentSplitter::test_add_page_number_to_metadata_with_no_overlap_page_split PASSED [ 37%]
test/components/preprocessors/test_document_splitter.py::TestDocumentSplitter::test_add_page_number_to_metadata_with_overlap_word_split PASSED [ 37%]
test/components/preprocessors/test_document_splitter.py::TestDocumentSplitter::test_add_page_number_to_metadata_with_overlap_sentence_split PASSED [ 37%]
test/components/preprocessors/test_document_splitter.py::TestDocumentSplitter::test_add_page_number_to_metadata_with_overlap_passage_split PASSED [ 37%]
test/components/preprocessors/test_document_splitter.py::TestDocumentSplitter::test_add_page_number_to_metadata_with_overlap_page_split PASSED [ 37%]
test/components/preprocessors/test_document_splitter.py::TestDocumentSplitter::test_add_split_overlap_information PASSED [ 37%]
test/components/preprocessors/test_document_splitter.py::TestDocumentSplitter::test_to_dict PASSED [ 37%]
test/components/preprocessors/test_document_splitter.py::TestDocumentSplitter::test_to_dict_with_splitting_function PASSED [ 37%]
test/components/preprocessors/test_document_splitter.py::TestDocumentSplitter::test_from_dict PASSED [ 37%]
test/components/preprocessors/test_document_splitter.py::TestDocumentSplitter::test_from_dict_with_splitting_function PASSED [ 37%]
test/components/preprocessors/test_document_splitter.py::TestDocumentSplitter::test_roundtrip_serialization PASSED [ 37%]
test/components/preprocessors/test_document_splitter.py::TestDocumentSplitter::test_roundtrip_serialization_with_splitting_function PASSED [ 37%]
test/components/preprocessors/test_nltk_document_splitter.py::test_init_warning_message 
-------------------------------- live log call ---------------------------------
WARNING  haystack.components.preprocessors.nltk_document_splitter:nltk_document_splitter.py:63 The 'respect_sentence_boundary' option is only supported for `split_by='word'`. The option `respect_sentence_boundary` will be set to `False`.
WARNING  haystack.components.preprocessors.nltk_document_splitter:nltk_document_splitter.py:461 No abbreviations file found for en.Using default abbreviations.
PASSED                                                                   [ 37%]
test/components/preprocessors/test_nltk_document_splitter.py::TestNLTKDocumentSplitterSplitIntoUnits::test_document_splitter_split_into_units_word 
-------------------------------- live log call ---------------------------------
WARNING  haystack.components.preprocessors.nltk_document_splitter:nltk_document_splitter.py:461 No abbreviations file found for en.Using default abbreviations.
PASSED                                                                   [ 37%]
test/components/preprocessors/test_nltk_document_splitter.py::TestNLTKDocumentSplitterSplitIntoUnits::test_document_splitter_split_into_units_sentence 
-------------------------------- live log call ---------------------------------
WARNING  haystack.components.preprocessors.nltk_document_splitter:nltk_document_splitter.py:461 No abbreviations file found for en.Using default abbreviations.
PASSED                                                                   [ 37%]
test/components/preprocessors/test_nltk_document_splitter.py::TestNLTKDocumentSplitterSplitIntoUnits::test_document_splitter_split_into_units_passage 
-------------------------------- live log call ---------------------------------
WARNING  haystack.components.preprocessors.nltk_document_splitter:nltk_document_splitter.py:461 No abbreviations file found for en.Using default abbreviations.
PASSED                                                                   [ 38%]
test/components/preprocessors/test_nltk_document_splitter.py::TestNLTKDocumentSplitterSplitIntoUnits::test_document_splitter_split_into_units_page 
-------------------------------- live log call ---------------------------------
WARNING  haystack.components.preprocessors.nltk_document_splitter:nltk_document_splitter.py:461 No abbreviations file found for en.Using default abbreviations.
PASSED                                                                   [ 38%]
test/components/preprocessors/test_nltk_document_splitter.py::TestNLTKDocumentSplitterSplitIntoUnits::test_document_splitter_split_into_units_raise_error 
-------------------------------- live log call ---------------------------------
WARNING  haystack.components.preprocessors.nltk_document_splitter:nltk_document_splitter.py:461 No abbreviations file found for en.Using default abbreviations.
PASSED                                                                   [ 38%]
test/components/preprocessors/test_nltk_document_splitter.py::TestNLTKDocumentSplitterNumberOfSentencesToKeep::test_number_of_sentences_to_keep[sentences0-0] PASSED [ 38%]
test/components/preprocessors/test_nltk_document_splitter.py::TestNLTKDocumentSplitterNumberOfSentencesToKeep::test_number_of_sentences_to_keep[sentences1-0] PASSED [ 38%]
test/components/preprocessors/test_nltk_document_splitter.py::TestNLTKDocumentSplitterNumberOfSentencesToKeep::test_number_of_sentences_to_keep[sentences2-1] PASSED [ 38%]
test/components/preprocessors/test_nltk_document_splitter.py::TestNLTKDocumentSplitterNumberOfSentencesToKeep::test_number_of_sentences_to_keep_split_overlap_zero PASSED [ 38%]
test/components/preprocessors/test_nltk_document_splitter.py::TestNLTKDocumentSplitterRun::test_run_type_error 
-------------------------------- live log call ---------------------------------
WARNING  haystack.components.preprocessors.nltk_document_splitter:nltk_document_splitter.py:461 No abbreviations file found for en.Using default abbreviations.
PASSED                                                                   [ 38%]
test/components/preprocessors/test_nltk_document_splitter.py::TestNLTKDocumentSplitterRun::test_run_value_error 
-------------------------------- live log call ---------------------------------
WARNING  haystack.components.preprocessors.nltk_document_splitter:nltk_document_splitter.py:461 No abbreviations file found for en.Using default abbreviations.
PASSED                                                                   [ 38%]
test/components/preprocessors/test_nltk_document_splitter.py::TestNLTKDocumentSplitterRun::test_run_split_by_sentence_1 
-------------------------------- live log call ---------------------------------
WARNING  haystack.components.preprocessors.nltk_document_splitter:nltk_document_splitter.py:461 No abbreviations file found for en.Using default abbreviations.
PASSED                                                                   [ 38%]
test/components/preprocessors/test_nltk_document_splitter.py::TestNLTKDocumentSplitterRun::test_run_split_by_sentence_2 
-------------------------------- live log call ---------------------------------
WARNING  haystack.components.preprocessors.nltk_document_splitter:nltk_document_splitter.py:461 No abbreviations file found for en.Using default abbreviations.
PASSED                                                                   [ 38%]
test/components/preprocessors/test_nltk_document_splitter.py::TestNLTKDocumentSplitterRun::test_run_split_by_sentence_3 
-------------------------------- live log call ---------------------------------
WARNING  haystack.components.preprocessors.nltk_document_splitter:nltk_document_splitter.py:461 No abbreviations file found for en.Using default abbreviations.
PASSED                                                                   [ 38%]
test/components/preprocessors/test_nltk_document_splitter.py::TestNLTKDocumentSplitterRun::test_run_split_by_sentence_4 
-------------------------------- live log call ---------------------------------
WARNING  haystack.components.preprocessors.nltk_document_splitter:nltk_document_splitter.py:461 No abbreviations file found for en.Using default abbreviations.
PASSED                                                                   [ 38%]
test/components/preprocessors/test_nltk_document_splitter.py::TestNLTKDocumentSplitterRespectSentenceBoundary::test_run_split_by_word_respect_sentence_boundary 
-------------------------------- live log call ---------------------------------
WARNING  haystack.components.preprocessors.nltk_document_splitter:nltk_document_splitter.py:461 No abbreviations file found for en.Using default abbreviations.
PASSED                                                                   [ 38%]
test/components/preprocessors/test_nltk_document_splitter.py::TestNLTKDocumentSplitterRespectSentenceBoundary::test_run_split_by_word_respect_sentence_boundary_no_repeats PASSED [ 38%]
test/components/preprocessors/test_nltk_document_splitter.py::TestNLTKDocumentSplitterRespectSentenceBoundary::test_run_split_by_word_respect_sentence_boundary_with_split_overlap_and_page_breaks 
-------------------------------- live log call ---------------------------------
WARNING  haystack.components.preprocessors.nltk_document_splitter:nltk_document_splitter.py:461 No abbreviations file found for en.Using default abbreviations.
PASSED                                                                   [ 38%]
test/components/preprocessors/test_nltk_document_splitter.py::TestSentenceSplitter::test_apply_split_rules_second_while_loop PASSED [ 39%]
test/components/preprocessors/test_nltk_document_splitter.py::TestSentenceSplitter::test_apply_split_rules_no_join PASSED [ 39%]
test/components/preprocessors/test_nltk_document_splitter.py::TestSentenceSplitter::test_needs_join_cases[He said, "Hello World." Then left.-span0-next_span0-quote_spans0-True] PASSED [ 39%]
test/components/preprocessors/test_text_cleaner.py::test_init_default PASSED [ 39%]
test/components/preprocessors/test_text_cleaner.py::test_run PASSED      [ 39%]
test/components/preprocessors/test_text_cleaner.py::test_run_with_empty_inputs PASSED [ 39%]
test/components/preprocessors/test_text_cleaner.py::test_run_with_regex PASSED [ 39%]
test/components/preprocessors/test_text_cleaner.py::test_run_with_multiple_regexps PASSED [ 39%]
test/components/preprocessors/test_text_cleaner.py::test_run_with_convert_to_lowercase PASSED [ 39%]
test/components/preprocessors/test_text_cleaner.py::test_run_with_remove_punctuation PASSED [ 39%]
test/components/preprocessors/test_text_cleaner.py::test_run_with_remove_numbers PASSED [ 39%]
test/components/preprocessors/test_text_cleaner.py::test_run_with_multiple_parameters PASSED [ 39%]
test/components/rankers/test_lost_in_the_middle.py::TestLostInTheMiddleRanker::test_lost_in_the_middle_order_odd PASSED [ 39%]
test/components/rankers/test_lost_in_the_middle.py::TestLostInTheMiddleRanker::test_lost_in_the_middle_order_even PASSED [ 39%]
test/components/rankers/test_lost_in_the_middle.py::TestLostInTheMiddleRanker::test_lost_in_the_middle_order_two_docs PASSED [ 39%]
test/components/rankers/test_lost_in_the_middle.py::TestLostInTheMiddleRanker::test_lost_in_the_middle_init PASSED [ 39%]
test/components/rankers/test_lost_in_the_middle.py::TestLostInTheMiddleRanker::test_lost_in_the_middle_init_invalid_word_count_threshold PASSED [ 39%]
test/components/rankers/test_lost_in_the_middle.py::TestLostInTheMiddleRanker::test_lost_in_the_middle_with_word_count_threshold PASSED [ 40%]
test/components/rankers/test_lost_in_the_middle.py::TestLostInTheMiddleRanker::test_word_count_threshold_greater_than_total_number_of_words_returns_all_documents PASSED [ 40%]
test/components/rankers/test_lost_in_the_middle.py::TestLostInTheMiddleRanker::test_empty_documents_returns_empty_list PASSED [ 40%]
test/components/rankers/test_lost_in_the_middle.py::TestLostInTheMiddleRanker::test_list_of_one_document_returns_same_document PASSED [ 40%]
test/components/rankers/test_lost_in_the_middle.py::TestLostInTheMiddleRanker::test_lost_in_the_middle_order_with_top_k[1] PASSED [ 40%]
test/components/rankers/test_lost_in_the_middle.py::TestLostInTheMiddleRanker::test_lost_in_the_middle_order_with_top_k[2] PASSED [ 40%]
test/components/rankers/test_lost_in_the_middle.py::TestLostInTheMiddleRanker::test_lost_in_the_middle_order_with_top_k[3] PASSED [ 40%]
test/components/rankers/test_lost_in_the_middle.py::TestLostInTheMiddleRanker::test_lost_in_the_middle_order_with_top_k[4] PASSED [ 40%]
test/components/rankers/test_lost_in_the_middle.py::TestLostInTheMiddleRanker::test_lost_in_the_middle_order_with_top_k[5] PASSED [ 40%]
test/components/rankers/test_lost_in_the_middle.py::TestLostInTheMiddleRanker::test_lost_in_the_middle_order_with_top_k[6] PASSED [ 40%]
test/components/rankers/test_lost_in_the_middle.py::TestLostInTheMiddleRanker::test_lost_in_the_middle_order_with_top_k[7] PASSED [ 40%]
test/components/rankers/test_lost_in_the_middle.py::TestLostInTheMiddleRanker::test_lost_in_the_middle_order_with_top_k[8] PASSED [ 40%]
test/components/rankers/test_lost_in_the_middle.py::TestLostInTheMiddleRanker::test_lost_in_the_middle_order_with_top_k[12] PASSED [ 40%]
test/components/rankers/test_lost_in_the_middle.py::TestLostInTheMiddleRanker::test_lost_in_the_middle_order_with_top_k[20] PASSED [ 40%]
test/components/rankers/test_metafield.py::TestMetaFieldRanker::test_run[meta_field_values0-2.1] PASSED [ 40%]
test/components/rankers/test_metafield.py::TestMetaFieldRanker::test_run[meta_field_values1-8] PASSED [ 40%]
test/components/rankers/test_metafield.py::TestMetaFieldRanker::test_run_with_weight_equal_to_0 PASSED [ 41%]
test/components/rankers/test_metafield.py::TestMetaFieldRanker::test_run_with_weight_equal_to_1 PASSED [ 41%]
test/components/rankers/test_metafield.py::TestMetaFieldRanker::test_run_with_weight_equal_to_1_passed_in_run_method PASSED [ 41%]
test/components/rankers/test_metafield.py::TestMetaFieldRanker::test_sort_order_ascending PASSED [ 41%]
test/components/rankers/test_metafield.py::TestMetaFieldRanker::test_meta_value_type_float PASSED [ 41%]
test/components/rankers/test_metafield.py::TestMetaFieldRanker::test_meta_value_type_int PASSED [ 41%]
test/components/rankers/test_metafield.py::TestMetaFieldRanker::test_meta_value_type_date PASSED [ 41%]
test/components/rankers/test_metafield.py::TestMetaFieldRanker::test_returns_empty_list_if_no_documents_are_provided PASSED [ 41%]
test/components/rankers/test_metafield.py::TestMetaFieldRanker::test_warning_if_meta_not_found 
-------------------------------- live log call ---------------------------------
WARNING  haystack.components.rankers.meta_field:meta_field.py:254 The parameter <meta_field> is currently set to 'rating', but none of the provided Documents with IDs 1 have this meta key.
Set <meta_field> to the name of a field that is present within the provided Documents.
Returning the <top_k> of the original Documents since there are no values to rank.
PASSED                                                                   [ 41%]
test/components/rankers/test_metafield.py::TestMetaFieldRanker::test_warning_if_some_meta_not_found 
-------------------------------- live log call ---------------------------------
WARNING  haystack.components.rankers.meta_field:meta_field.py:271 The parameter <meta_field> is currently set to 'rating' but the Documents with IDs 1 don't have this meta key.
Because the parameter <missing_meta> is set to 'bottom', these Documents will be placed at the end of the sorting order.
PASSED                                                                   [ 41%]
test/components/rankers/test_metafield.py::TestMetaFieldRanker::test_warning_if_unsortable_values 
-------------------------------- live log call ---------------------------------
WARNING  haystack.components.rankers.meta_field:meta_field.py:299 Tried to sort Documents with IDs 1,2,3, but got TypeError with the message: '<' not supported between instances of 'str' and 'float'
Returning the <top_k> of the original Documents since meta field ranking is not possible.
PASSED                                                                   [ 41%]
test/components/rankers/test_metafield.py::TestMetaFieldRanker::test_warning_if_meta_value_parsing_error 
-------------------------------- live log call ---------------------------------
WARNING  haystack.components.rankers.meta_field:meta_field.py:353 Tried to parse the meta values of Documents with IDs 1,2,3, but got ValueError with the message: could not convert string to float: 'not a float'
Skipping parsing of the meta values.
PASSED                                                                   [ 41%]
test/components/rankers/test_metafield.py::TestMetaFieldRanker::test_warning_meta_value_type_not_all_strings 
-------------------------------- live log call ---------------------------------
WARNING  haystack.components.rankers.meta_field:meta_field.py:332 The parameter <meta_value_type> is currently set to 'float', but not all of meta values in the provided Documents with IDs 1,2,3 are strings.
Skipping parsing of the meta values.
Set all meta values found under the <meta_field> parameter to strings to use <meta_value_type>.
WARNING  haystack.components.rankers.meta_field:meta_field.py:299 Tried to sort Documents with IDs 1,2,3, but got TypeError with the message: '<' not supported between instances of 'str' and 'float'
Returning the <top_k> of the original Documents since meta field ranking is not possible.
PASSED                                                                   [ 41%]
test/components/rankers/test_metafield.py::TestMetaFieldRanker::test_raises_value_error_if_wrong_ranking_mode PASSED [ 41%]
test/components/rankers/test_metafield.py::TestMetaFieldRanker::test_raises_value_error_if_wrong_top_k PASSED [ 41%]
test/components/rankers/test_metafield.py::TestMetaFieldRanker::test_raises_component_error_if_wrong_weight[-1] PASSED [ 41%]
test/components/rankers/test_metafield.py::TestMetaFieldRanker::test_raises_component_error_if_wrong_weight[2] PASSED [ 41%]
test/components/rankers/test_metafield.py::TestMetaFieldRanker::test_raises_component_error_if_wrong_weight[1.3] PASSED [ 42%]
test/components/rankers/test_metafield.py::TestMetaFieldRanker::test_raises_component_error_if_wrong_weight[2.1] PASSED [ 42%]
test/components/rankers/test_metafield.py::TestMetaFieldRanker::test_raises_value_error_if_wrong_sort_order PASSED [ 42%]
test/components/rankers/test_metafield.py::TestMetaFieldRanker::test_raises_value_error_if_wrong_missing_meta PASSED [ 42%]
test/components/rankers/test_metafield.py::TestMetaFieldRanker::test_raises_value_error_if_wrong_meta_value_type PASSED [ 42%]
test/components/rankers/test_metafield.py::TestMetaFieldRanker::test_linear_score PASSED [ 42%]
test/components/rankers/test_metafield.py::TestMetaFieldRanker::test_reciprocal_rank_fusion PASSED [ 42%]
test/components/rankers/test_metafield.py::TestMetaFieldRanker::test_linear_score_raises_warning_if_doc_wrong_score[-1] 
-------------------------------- live log call ---------------------------------
WARNING  haystack.components.rankers.meta_field:meta_field.py:386 The score -1 for Document 1 is outside the [0,1] range; defaulting to 0
PASSED                                                                   [ 42%]
test/components/rankers/test_metafield.py::TestMetaFieldRanker::test_linear_score_raises_warning_if_doc_wrong_score[2] 
-------------------------------- live log call ---------------------------------
WARNING  haystack.components.rankers.meta_field:meta_field.py:386 The score 2 for Document 1 is outside the [0,1] range; defaulting to 0
PASSED                                                                   [ 42%]
test/components/rankers/test_metafield.py::TestMetaFieldRanker::test_linear_score_raises_warning_if_doc_wrong_score[1.3] 
-------------------------------- live log call ---------------------------------
WARNING  haystack.components.rankers.meta_field:meta_field.py:386 The score 1.3 for Document 1 is outside the [0,1] range; defaulting to 0
PASSED                                                                   [ 42%]
test/components/rankers/test_metafield.py::TestMetaFieldRanker::test_linear_score_raises_warning_if_doc_wrong_score[2.1] 
-------------------------------- live log call ---------------------------------
WARNING  haystack.components.rankers.meta_field:meta_field.py:386 The score 2.1 for Document 1 is outside the [0,1] range; defaulting to 0
PASSED                                                                   [ 42%]
test/components/rankers/test_metafield.py::TestMetaFieldRanker::test_linear_score_raises_raises_warning_if_doc_without_score 
-------------------------------- live log call ---------------------------------
WARNING  haystack.components.rankers.meta_field:meta_field.py:384 The score wasn't provided; defaulting to 0.
WARNING  haystack.components.rankers.meta_field:meta_field.py:384 The score wasn't provided; defaulting to 0.
WARNING  haystack.components.rankers.meta_field:meta_field.py:384 The score wasn't provided; defaulting to 0.
PASSED                                                                   [ 42%]
test/components/rankers/test_metafield.py::TestMetaFieldRanker::test_different_ranking_mode_for_init_vs_run PASSED [ 42%]
test/components/rankers/test_metafield.py::TestMetaFieldRanker::test_missing_meta_bottom 
-------------------------------- live log call ---------------------------------
WARNING  haystack.components.rankers.meta_field:meta_field.py:271 The parameter <meta_field> is currently set to 'rating' but the Documents with IDs 2 don't have this meta key.
Because the parameter <missing_meta> is set to 'bottom', these Documents will be placed at the end of the sorting order.
PASSED                                                                   [ 42%]
test/components/rankers/test_metafield.py::TestMetaFieldRanker::test_missing_meta_top 
-------------------------------- live log call ---------------------------------
WARNING  haystack.components.rankers.meta_field:meta_field.py:277 The parameter <meta_field> is currently set to 'rating' but the Documents with IDs 2 don't have this meta key.
Because the parameter <missing_meta> is set to 'top', these Documents will be placed at the top of the sorting order.
PASSED                                                                   [ 42%]
test/components/rankers/test_metafield.py::TestMetaFieldRanker::test_missing_meta_drop 
-------------------------------- live log call ---------------------------------
WARNING  haystack.components.rankers.meta_field:meta_field.py:283 The parameter <meta_field> is currently set to 'rating' but the Documents with IDs 2 don't have this meta key.
Because the parameter <missing_meta> is set to 'drop', these Documents will be removed from the list of retrieved Documents.
PASSED                                                                   [ 42%]
test/components/rankers/test_sentence_transformers_diversity.py::TestSentenceTransformersDiversityRanker::test_init PASSED [ 43%]
test/components/rankers/test_sentence_transformers_diversity.py::TestSentenceTransformersDiversityRanker::test_init_with_custom_init_parameters PASSED [ 43%]
test/components/rankers/test_sentence_transformers_diversity.py::TestSentenceTransformersDiversityRanker::test_to_dict PASSED [ 43%]
test/components/rankers/test_sentence_transformers_diversity.py::TestSentenceTransformersDiversityRanker::test_from_dict PASSED [ 43%]
test/components/rankers/test_sentence_transformers_diversity.py::TestSentenceTransformersDiversityRanker::test_from_dict_none_device PASSED [ 43%]
test/components/rankers/test_sentence_transformers_diversity.py::TestSentenceTransformersDiversityRanker::test_from_dict_no_default_parameters PASSED [ 43%]
test/components/rankers/test_sentence_transformers_diversity.py::TestSentenceTransformersDiversityRanker::test_to_dict_with_custom_init_parameters PASSED [ 43%]
test/components/rankers/test_sentence_transformers_diversity.py::TestSentenceTransformersDiversityRanker::test_from_dict_with_custom_init_parameters PASSED [ 43%]
test/components/rankers/test_sentence_transformers_diversity.py::TestSentenceTransformersDiversityRanker::test_run_incorrect_similarity PASSED [ 43%]
test/components/rankers/test_sentence_transformers_diversity.py::TestSentenceTransformersDiversityRanker::test_run_without_warm_up[dot_product] PASSED [ 43%]
test/components/rankers/test_sentence_transformers_diversity.py::TestSentenceTransformersDiversityRanker::test_run_without_warm_up[cosine] PASSED [ 43%]
test/components/rankers/test_sentence_transformers_diversity.py::TestSentenceTransformersDiversityRanker::test_warm_up[dot_product] PASSED [ 43%]
test/components/rankers/test_sentence_transformers_diversity.py::TestSentenceTransformersDiversityRanker::test_warm_up[cosine] PASSED [ 43%]
test/components/rankers/test_sentence_transformers_diversity.py::TestSentenceTransformersDiversityRanker::test_run_empty_query[dot_product] PASSED [ 43%]
test/components/rankers/test_sentence_transformers_diversity.py::TestSentenceTransformersDiversityRanker::test_run_empty_query[cosine] PASSED [ 43%]
test/components/rankers/test_sentence_transformers_diversity.py::TestSentenceTransformersDiversityRanker::test_run_top_k[dot_product] PASSED [ 43%]
test/components/rankers/test_sentence_transformers_diversity.py::TestSentenceTransformersDiversityRanker::test_run_top_k[cosine] PASSED [ 43%]
test/components/rankers/test_sentence_transformers_diversity.py::TestSentenceTransformersDiversityRanker::test_run_negative_top_k_at_init[dot_product] PASSED [ 44%]
test/components/rankers/test_sentence_transformers_diversity.py::TestSentenceTransformersDiversityRanker::test_run_negative_top_k_at_init[cosine] PASSED [ 44%]
test/components/rankers/test_sentence_transformers_diversity.py::TestSentenceTransformersDiversityRanker::test_run_top_k_is_none_at_init[dot_product] PASSED [ 44%]
test/components/rankers/test_sentence_transformers_diversity.py::TestSentenceTransformersDiversityRanker::test_run_top_k_is_none_at_init[cosine] PASSED [ 44%]
test/components/rankers/test_sentence_transformers_diversity.py::TestSentenceTransformersDiversityRanker::test_run_negative_top_k[dot_product] PASSED [ 44%]
test/components/rankers/test_sentence_transformers_diversity.py::TestSentenceTransformersDiversityRanker::test_run_negative_top_k[cosine] PASSED [ 44%]
test/components/rankers/test_sentence_transformers_diversity.py::TestSentenceTransformersDiversityRanker::test_run_top_k_is_none[dot_product] PASSED [ 44%]
test/components/rankers/test_sentence_transformers_diversity.py::TestSentenceTransformersDiversityRanker::test_run_top_k_is_none[cosine] PASSED [ 44%]
test/components/rankers/test_sentence_transformers_diversity.py::TestSentenceTransformersDiversityRanker::test_run_no_documents_provided[dot_product] PASSED [ 44%]
test/components/rankers/test_sentence_transformers_diversity.py::TestSentenceTransformersDiversityRanker::test_run_no_documents_provided[cosine] PASSED [ 44%]
test/components/rankers/test_sentence_transformers_diversity.py::TestSentenceTransformersDiversityRanker::test_run_with_less_documents_than_top_k[dot_product] PASSED [ 44%]
test/components/rankers/test_sentence_transformers_diversity.py::TestSentenceTransformersDiversityRanker::test_run_with_less_documents_than_top_k[cosine] PASSED [ 44%]
test/components/rankers/test_sentence_transformers_diversity.py::TestSentenceTransformersDiversityRanker::test_run_single_document_corner_case[dot_product] PASSED [ 44%]
test/components/rankers/test_sentence_transformers_diversity.py::TestSentenceTransformersDiversityRanker::test_run_single_document_corner_case[cosine] PASSED [ 44%]
test/components/rankers/test_sentence_transformers_diversity.py::TestSentenceTransformersDiversityRanker::test_prepare_texts_to_embed[dot_product] PASSED [ 44%]
test/components/rankers/test_sentence_transformers_diversity.py::TestSentenceTransformersDiversityRanker::test_prepare_texts_to_embed[cosine] PASSED [ 44%]
test/components/rankers/test_sentence_transformers_diversity.py::TestSentenceTransformersDiversityRanker::test_encode_text[dot_product] PASSED [ 45%]
test/components/rankers/test_sentence_transformers_diversity.py::TestSentenceTransformersDiversityRanker::test_encode_text[cosine] PASSED [ 45%]
test/components/rankers/test_sentence_transformers_diversity.py::TestSentenceTransformersDiversityRanker::test_run_greedy_diversity_order[dot_product] PASSED [ 45%]
test/components/rankers/test_sentence_transformers_diversity.py::TestSentenceTransformersDiversityRanker::test_run_greedy_diversity_order[cosine] PASSED [ 45%]
test/components/rankers/test_transformers_similarity.py::TestSimilarityRanker::test_to_dict PASSED [ 45%]
test/components/rankers/test_transformers_similarity.py::TestSimilarityRanker::test_to_dict_with_custom_init_parameters PASSED [ 45%]
test/components/rankers/test_transformers_similarity.py::TestSimilarityRanker::test_to_dict_with_quantization_options PASSED [ 45%]
test/components/rankers/test_transformers_similarity.py::TestSimilarityRanker::test_to_dict_device_map[auto-auto] PASSED [ 45%]
test/components/rankers/test_transformers_similarity.py::TestSimilarityRanker::test_to_dict_device_map[cpu:0-cpu:0] PASSED [ 45%]
test/components/rankers/test_transformers_similarity.py::TestSimilarityRanker::test_to_dict_device_map[device_map2-expected2] PASSED [ 45%]
test/components/rankers/test_transformers_similarity.py::TestSimilarityRanker::test_from_dict PASSED [ 45%]
test/components/rankers/test_transformers_similarity.py::TestSimilarityRanker::test_from_dict_no_default_parameters PASSED [ 45%]
test/components/rankers/test_transformers_similarity.py::TestSimilarityRanker::test_embed_meta PASSED [ 45%]
test/components/rankers/test_transformers_similarity.py::TestSimilarityRanker::test_prefix PASSED [ 45%]
test/components/rankers/test_transformers_similarity.py::TestSimilarityRanker::test_scale_score_false PASSED [ 45%]
test/components/rankers/test_transformers_similarity.py::TestSimilarityRanker::test_score_threshold PASSED [ 45%]
test/components/rankers/test_transformers_similarity.py::TestSimilarityRanker::test_device_map_and_device_raises 
-------------------------------- live log call ---------------------------------
WARNING  haystack.utils.hf:hf.py:153 The parameters `device` and `device_map` from `model_kwargs` are both provided. Ignoring `device` and using `device_map`.
PASSED                                                                   [ 45%]
test/components/rankers/test_transformers_similarity.py::TestSimilarityRanker::test_device_map_dict PASSED [ 46%]
test/components/readers/test_extractive.py::test_to_dict PASSED          [ 46%]
test/components/readers/test_extractive.py::test_to_dict_no_token PASSED [ 46%]
test/components/readers/test_extractive.py::test_to_dict_empty_model_kwargs PASSED [ 46%]
test/components/readers/test_extractive.py::test_to_dict_device_map[auto-auto] PASSED [ 46%]
test/components/readers/test_extractive.py::test_to_dict_device_map[cpu:0-cpu:0] PASSED [ 46%]
test/components/readers/test_extractive.py::test_to_dict_device_map[device_map2-expected2] PASSED [ 46%]
test/components/readers/test_extractive.py::test_from_dict PASSED        [ 46%]
test/components/readers/test_extractive.py::test_from_dict_no_default_parameters PASSED [ 46%]
test/components/readers/test_extractive.py::test_from_dict_no_token PASSED [ 46%]
test/components/readers/test_extractive.py::test_run_no_docs PASSED      [ 46%]
test/components/readers/test_extractive.py::test_output PASSED           [ 46%]
test/components/readers/test_extractive.py::test_flatten_documents PASSED [ 46%]
test/components/readers/test_extractive.py::test_preprocess PASSED       [ 46%]
test/components/readers/test_extractive.py::test_preprocess_splitting PASSED [ 46%]
test/components/readers/test_extractive.py::test_postprocess PASSED      [ 46%]
test/components/readers/test_extractive.py::test_nest_answers PASSED     [ 47%]
test/components/readers/test_extractive.py::test_add_answer_page_number_returns_same_answer 
-------------------------------- live log call ---------------------------------
WARNING  haystack.components.readers.extractive:extractive.py:330 Document's page_number must be int but is <class 'str'>. No page number will be added to the answer.
PASSED                                                                   [ 47%]
test/components/readers/test_extractive.py::test_add_answer_page_number_with_form_feed PASSED [ 47%]
test/components/readers/test_extractive.py::test_warm_up_use_hf_token PASSED [ 47%]
test/components/readers/test_extractive.py::test_device_map_auto PASSED  [ 47%]
test/components/readers/test_extractive.py::test_device_map_str PASSED   [ 47%]
test/components/readers/test_extractive.py::test_device_map_dict PASSED  [ 47%]
test/components/readers/test_extractive.py::test_device_map_and_device_warning 
-------------------------------- live log call ---------------------------------
WARNING  haystack.utils.hf:hf.py:153 The parameters `device` and `device_map` from `model_kwargs` are both provided. Ignoring `device` and using `device_map`.
PASSED                                                                   [ 47%]
test/components/readers/test_extractive.py::TestDeduplication::test_calculate_overlap PASSED [ 47%]
test/components/readers/test_extractive.py::TestDeduplication::test_should_keep_false PASSED [ 47%]
test/components/readers/test_extractive.py::TestDeduplication::test_should_keep_true PASSED [ 47%]
test/components/readers/test_extractive.py::TestDeduplication::test_should_keep_missing_document_current_answer PASSED [ 47%]
test/components/readers/test_extractive.py::TestDeduplication::test_should_keep_missing_document_candidate_answer PASSED [ 47%]
test/components/readers/test_extractive.py::TestDeduplication::test_should_keep_missing_span PASSED [ 47%]
test/components/readers/test_extractive.py::TestDeduplication::test_deduplicate_by_overlap_none_overlap PASSED [ 47%]
test/components/readers/test_extractive.py::TestDeduplication::test_deduplicate_by_overlap PASSED [ 47%]
test/components/retrievers/test_filter_retriever.py::TestFilterRetriever::test_init_default PASSED [ 47%]
test/components/retrievers/test_filter_retriever.py::TestFilterRetriever::test_init_with_parameters PASSED [ 48%]
test/components/retrievers/test_filter_retriever.py::TestFilterRetriever::test_to_dict PASSED [ 48%]
test/components/retrievers/test_filter_retriever.py::TestFilterRetriever::test_to_dict_with_custom_init_parameters PASSED [ 48%]
test/components/retrievers/test_filter_retriever.py::TestFilterRetriever::test_from_dict PASSED [ 48%]
test/components/retrievers/test_filter_retriever.py::TestFilterRetriever::test_from_dict_without_docstore PASSED [ 48%]
test/components/retrievers/test_filter_retriever.py::TestFilterRetriever::test_retriever_init_filter PASSED [ 48%]
test/components/retrievers/test_filter_retriever.py::TestFilterRetriever::test_retriever_runtime_filter PASSED [ 48%]
test/components/retrievers/test_filter_retriever.py::TestFilterRetriever::test_retriever_init_filter_run_filter_override PASSED [ 48%]
test/components/retrievers/test_in_memory_bm25_retriever.py::TestMemoryBM25Retriever::test_init_default PASSED [ 48%]
test/components/retrievers/test_in_memory_bm25_retriever.py::TestMemoryBM25Retriever::test_init_with_parameters PASSED [ 48%]
test/components/retrievers/test_in_memory_bm25_retriever.py::TestMemoryBM25Retriever::test_init_with_invalid_top_k_parameter PASSED [ 48%]
test/components/retrievers/test_in_memory_bm25_retriever.py::TestMemoryBM25Retriever::test_to_dict PASSED [ 48%]
test/components/retrievers/test_in_memory_bm25_retriever.py::TestMemoryBM25Retriever::test_to_dict_with_custom_init_parameters PASSED [ 48%]
test/components/retrievers/test_in_memory_bm25_retriever.py::TestMemoryBM25Retriever::test_from_dict PASSED [ 48%]
test/components/retrievers/test_in_memory_bm25_retriever.py::TestMemoryBM25Retriever::test_from_dict_without_docstore PASSED [ 48%]
test/components/retrievers/test_in_memory_bm25_retriever.py::TestMemoryBM25Retriever::test_from_dict_without_docstore_type PASSED [ 48%]
test/components/retrievers/test_in_memory_bm25_retriever.py::TestMemoryBM25Retriever::test_from_dict_nonexisting_docstore PASSED [ 49%]
test/components/retrievers/test_in_memory_bm25_retriever.py::TestMemoryBM25Retriever::test_retriever_valid_run PASSED [ 49%]
test/components/retrievers/test_in_memory_bm25_retriever.py::TestMemoryBM25Retriever::test_invalid_run_wrong_store_type PASSED [ 49%]
test/components/retrievers/test_in_memory_embedding_retriever.py::TestMemoryEmbeddingRetriever::test_init_default PASSED [ 49%]
test/components/retrievers/test_in_memory_embedding_retriever.py::TestMemoryEmbeddingRetriever::test_init_with_parameters PASSED [ 49%]
test/components/retrievers/test_in_memory_embedding_retriever.py::TestMemoryEmbeddingRetriever::test_init_with_invalid_top_k_parameter PASSED [ 49%]
test/components/retrievers/test_in_memory_embedding_retriever.py::TestMemoryEmbeddingRetriever::test_to_dict PASSED [ 49%]
test/components/retrievers/test_in_memory_embedding_retriever.py::TestMemoryEmbeddingRetriever::test_to_dict_with_custom_init_parameters PASSED [ 49%]
test/components/retrievers/test_in_memory_embedding_retriever.py::TestMemoryEmbeddingRetriever::test_from_dict PASSED [ 49%]
test/components/retrievers/test_in_memory_embedding_retriever.py::TestMemoryEmbeddingRetriever::test_from_dict_without_docstore PASSED [ 49%]
test/components/retrievers/test_in_memory_embedding_retriever.py::TestMemoryEmbeddingRetriever::test_from_dict_without_docstore_type PASSED [ 49%]
test/components/retrievers/test_in_memory_embedding_retriever.py::TestMemoryEmbeddingRetriever::test_from_dict_nonexisting_docstore PASSED [ 49%]
test/components/retrievers/test_in_memory_embedding_retriever.py::TestMemoryEmbeddingRetriever::test_valid_run PASSED [ 49%]
test/components/retrievers/test_in_memory_embedding_retriever.py::TestMemoryEmbeddingRetriever::test_invalid_run_wrong_store_type PASSED [ 49%]
test/components/retrievers/test_sentence_window_retriever.py::TestSentenceWindowRetriever::test_init_default PASSED [ 49%]
test/components/retrievers/test_sentence_window_retriever.py::TestSentenceWindowRetriever::test_init_with_parameters PASSED [ 49%]
test/components/retrievers/test_sentence_window_retriever.py::TestSentenceWindowRetriever::test_init_with_invalid_window_size_parameter PASSED [ 50%]
test/components/retrievers/test_sentence_window_retriever.py::TestSentenceWindowRetriever::test_merge_documents PASSED [ 50%]
test/components/retrievers/test_sentence_window_retriever.py::TestSentenceWindowRetriever::test_to_dict PASSED [ 50%]
test/components/retrievers/test_sentence_window_retriever.py::TestSentenceWindowRetriever::test_from_dict PASSED [ 50%]
test/components/retrievers/test_sentence_window_retriever.py::TestSentenceWindowRetriever::test_from_dict_without_docstore PASSED [ 50%]
test/components/retrievers/test_sentence_window_retriever.py::TestSentenceWindowRetriever::test_from_dict_without_docstore_type PASSED [ 50%]
test/components/retrievers/test_sentence_window_retriever.py::TestSentenceWindowRetriever::test_from_dict_non_existing_docstore 
-------------------------------- live log call ---------------------------------
ERROR    haystack.core.component.component:serialization.py:258 Failed to import class 'Nonexisting.Docstore'
PASSED                                                                   [ 50%]
test/components/retrievers/test_sentence_window_retriever.py::TestSentenceWindowRetriever::test_document_without_split_id PASSED [ 50%]
test/components/retrievers/test_sentence_window_retriever.py::TestSentenceWindowRetriever::test_document_without_source_id PASSED [ 50%]
test/components/retrievers/test_sentence_window_retriever.py::TestSentenceWindowRetriever::test_run_invalid_window_size PASSED [ 50%]
test/components/retrievers/test_sentence_window_retriever.py::TestSentenceWindowRetriever::test_constructor_parameter_does_not_change PASSED [ 50%]
test/components/routers/test_conditional_router.py::TestRouter::test_missing_mandatory_fields PASSED [ 50%]
test/components/routers/test_conditional_router.py::TestRouter::test_invalid_condition_field PASSED [ 50%]
test/components/routers/test_conditional_router.py::TestRouter::test_no_vars_in_output_route_but_with_output_name PASSED [ 50%]
test/components/routers/test_conditional_router.py::TestRouter::test_mandatory_and_optional_fields_with_extra_fields PASSED [ 50%]
test/components/routers/test_conditional_router.py::TestRouter::test_router_initialized PASSED [ 50%]
test/components/routers/test_conditional_router.py::TestRouter::test_router_evaluate_condition_expressions PASSED [ 50%]
test/components/routers/test_conditional_router.py::TestRouter::test_router_evaluate_condition_expressions_using_output_slot PASSED [ 51%]
test/components/routers/test_conditional_router.py::TestRouter::test_complex_condition PASSED [ 51%]
test/components/routers/test_conditional_router.py::TestRouter::test_router_no_route PASSED [ 51%]
test/components/routers/test_conditional_router.py::TestRouter::test_router_raises_value_error_if_route_not_dictionary PASSED [ 51%]
test/components/routers/test_conditional_router.py::TestRouter::test_router_raises_value_error_if_route_missing_keys PASSED [ 51%]
test/components/routers/test_conditional_router.py::TestRouter::test_router_de_serialization PASSED [ 51%]
test/components/routers/test_conditional_router.py::TestRouter::test_router_de_serialization_with_none_argument PASSED [ 51%]
test/components/routers/test_conditional_router.py::TestRouter::test_router_serialization_idempotence PASSED [ 51%]
test/components/routers/test_conditional_router.py::TestRouter::test_custom_filter PASSED [ 51%]
test/components/routers/test_conditional_router.py::TestRouter::test_sede_with_custom_filter PASSED [ 51%]
test/components/routers/test_conditional_router.py::TestRouter::test_unsafe PASSED [ 51%]
test/components/routers/test_file_router.py::TestFileTypeRouter::test_init PASSED [ 51%]
test/components/routers/test_file_router.py::TestFileTypeRouter::test_init_fail_wo_mime_types PASSED [ 51%]
test/components/routers/test_file_router.py::TestFileTypeRouter::test_to_dict PASSED [ 51%]
test/components/routers/test_file_router.py::TestFileTypeRouter::test_from_dict PASSED [ 51%]
test/components/routers/test_file_router.py::TestFileTypeRouter::test_run PASSED [ 51%]
test/components/routers/test_file_router.py::TestFileTypeRouter::test_run_with_single_meta PASSED [ 52%]
test/components/routers/test_file_router.py::TestFileTypeRouter::test_run_with_meta_list PASSED [ 52%]
test/components/routers/test_file_router.py::TestFileTypeRouter::test_run_with_meta_and_bytestreams PASSED [ 52%]
test/components/routers/test_file_router.py::TestFileTypeRouter::test_run_fails_if_meta_length_does_not_match_sources PASSED [ 52%]
test/components/routers/test_file_router.py::TestFileTypeRouter::test_run_with_bytestreams PASSED [ 52%]
test/components/routers/test_file_router.py::TestFileTypeRouter::test_run_with_bytestreams_and_file_paths PASSED [ 52%]
test/components/routers/test_file_router.py::TestFileTypeRouter::test_no_files PASSED [ 52%]
test/components/routers/test_file_router.py::TestFileTypeRouter::test_unlisted_extensions PASSED [ 52%]
test/components/routers/test_file_router.py::TestFileTypeRouter::test_no_extension PASSED [ 52%]
test/components/routers/test_file_router.py::TestFileTypeRouter::test_unsupported_source_type PASSED [ 52%]
test/components/routers/test_file_router.py::TestFileTypeRouter::test_invalid_regex_pattern PASSED [ 52%]
test/components/routers/test_file_router.py::TestFileTypeRouter::test_regex_mime_type_matching PASSED [ 52%]
test/components/routers/test_file_router.py::TestFileTypeRouter::test_exact_mime_type_matching PASSED [ 52%]
test/components/routers/test_file_router.py::TestFileTypeRouter::test_serde_in_pipeline PASSED [ 52%]
test/components/routers/test_metadata_router.py::TestMetadataRouter::test_run PASSED [ 52%]
test/components/routers/test_text_language_router.py::TestTextLanguageRouter::test_non_string_input PASSED [ 52%]
test/components/routers/test_text_language_router.py::TestTextLanguageRouter::test_list_of_string PASSED [ 52%]
test/components/routers/test_text_language_router.py::TestTextLanguageRouter::test_empty_string 
-------------------------------- live log call ---------------------------------
WARNING  haystack.components.routers.text_language_router:text_language_router.py:98 Langdetect cannot detect the language of text. Error: No features in text.
PASSED                                                                   [ 53%]
test/components/routers/test_text_language_router.py::TestTextLanguageRouter::test_detect_language PASSED [ 53%]
test/components/routers/test_text_language_router.py::TestTextLanguageRouter::test_route_to_en PASSED [ 53%]
test/components/routers/test_text_language_router.py::TestTextLanguageRouter::test_route_to_unmatched PASSED [ 53%]
test/components/routers/test_text_language_router.py::TestTextLanguageRouter::test_warning_if_no_language_detected 
-------------------------------- live log call ---------------------------------
WARNING  haystack.components.routers.text_language_router:text_language_router.py:98 Langdetect cannot detect the language of text. Error: No features in text.
PASSED                                                                   [ 53%]
test/components/routers/test_text_language_router.py::TestTextLanguageRouter::test_warning_if_no_language_detected_if_debug 
-------------------------------- live log call ---------------------------------
WARNING  haystack.components.routers.text_language_router:text_language_router.py:98 Langdetect cannot detect the language of text. Error: No features in text.
DEBUG    haystack.components.routers.text_language_router:text_language_router.py:100 Langdetect cannot detect the language of text: .
PASSED                                                                   [ 53%]
test/components/routers/test_transformers_text_router.py::TestTransformersTextRouter::test_to_dict PASSED [ 53%]
test/components/routers/test_transformers_text_router.py::TestTransformersTextRouter::test_to_dict_with_cpu_device PASSED [ 53%]
test/components/routers/test_transformers_text_router.py::TestTransformersTextRouter::test_from_dict PASSED [ 53%]
test/components/routers/test_transformers_text_router.py::TestTransformersTextRouter::test_from_dict_no_default_parameters PASSED [ 53%]
test/components/routers/test_transformers_text_router.py::TestTransformersTextRouter::test_from_dict_with_cpu_device PASSED [ 53%]
test/components/routers/test_transformers_text_router.py::TestTransformersTextRouter::test_warm_up PASSED [ 53%]
test/components/routers/test_transformers_text_router.py::TestTransformersTextRouter::test_run_fails_without_warm_up PASSED [ 53%]
test/components/routers/test_transformers_text_router.py::TestTransformersTextRouter::test_run_fails_with_non_string_input PASSED [ 53%]
test/components/routers/test_transformers_text_router.py::TestTransformersTextRouter::test_run_unit PASSED [ 53%]
test/components/routers/test_zero_shot_text_router.py::TestTransformersZeroShotTextRouter::test_to_dict PASSED [ 53%]
test/components/routers/test_zero_shot_text_router.py::TestTransformersZeroShotTextRouter::test_from_dict PASSED [ 54%]
test/components/routers/test_zero_shot_text_router.py::TestTransformersZeroShotTextRouter::test_from_dict_no_default_parameters PASSED [ 54%]
test/components/routers/test_zero_shot_text_router.py::TestTransformersZeroShotTextRouter::test_warm_up PASSED [ 54%]
test/components/routers/test_zero_shot_text_router.py::TestTransformersZeroShotTextRouter::test_run_fails_without_warm_up PASSED [ 54%]
test/components/routers/test_zero_shot_text_router.py::TestTransformersZeroShotTextRouter::test_run_fails_with_non_string_input PASSED [ 54%]
test/components/routers/test_zero_shot_text_router.py::TestTransformersZeroShotTextRouter::test_run_unit PASSED [ 54%]
test/components/samplers/test_top_p.py::TestTopPSampler::test_init_raises_value_error PASSED [ 54%]
test/components/samplers/test_top_p.py::TestTopPSampler::test_run_raises_value_error PASSED [ 54%]
test/components/samplers/test_top_p.py::TestTopPSampler::test_run_score_field PASSED [ 54%]
test/components/samplers/test_top_p.py::TestTopPSampler::test_run_score_field_missing_scores 
-------------------------------- live log call ---------------------------------
WARNING  haystack.components.samplers.top_p:top_p.py:165 Score field 'similarity_score' not found in metadata of documents with IDs: 363b063f13608ed1a66d618b3dc3375b957f44dba5ba7d225b57d26dbcab400d.Make sure that all documents have a score field 'similarity_score' in their metadata.
PASSED                                                                   [ 54%]
test/components/samplers/test_top_p.py::TestTopPSampler::test_run PASSED [ 54%]
test/components/samplers/test_top_p.py::TestTopPSampler::test_run_top_p_1 PASSED [ 54%]
test/components/samplers/test_top_p.py::TestTopPSampler::test_run_top_p_0 
-------------------------------- live log call ---------------------------------
WARNING  haystack.components.samplers.top_p:top_p.py:115 Top-p sampling with p=0.0 resulted in no documents being selected. Returning the document with the highest score.
PASSED                                                                   [ 54%]
test/components/samplers/test_top_p.py::TestTopPSampler::test_run_returns_empty_list_no_documents PASSED [ 54%]
test/components/samplers/test_top_p.py::TestTopPSampler::test_run_no_score_field 
-------------------------------- live log call ---------------------------------
WARNING  haystack.components.samplers.top_p:top_p.py:165 Score field 'similarity_score' not found in metadata of documents with IDs: 69769257183fa6cf929994a29d708a6d095cdc05935c11856e5240cd4c671bc3,555bf2e2a1daaf74b4dcf295b2f44b176f854214125bcbd9775967552c8aca67,c86be849c339fc82acd22485cb960d4bdbe160bf56ec6a345ecc361b1c8d3f51.Make sure that all documents have a score field 'similarity_score' in their metadata.
WARNING  haystack.components.samplers.top_p:top_p.py:88 No documents with scores found. Returning the original documents.
PASSED                                                                   [ 54%]
test/components/samplers/test_top_p.py::TestTopPSampler::test_run_missing_scores 
-------------------------------- live log call ---------------------------------
WARNING  haystack.components.samplers.top_p:top_p.py:173 Ensure all documents have a valid score value. These documents c86be849c339fc82acd22485cb960d4bdbe160bf56ec6a345ecc361b1c8d3f51 are missing scores.
PASSED                                                                   [ 54%]
test/components/samplers/test_top_p.py::TestTopPSampler::test_run_min_top_k PASSED [ 54%]
test/components/validators/test_json_schema.py::TestJsonSchemaValidator::test_validates_message_against_json_schema PASSED [ 55%]
test/components/validators/test_json_schema.py::TestJsonSchemaValidator::test_recursive_json_to_object PASSED [ 55%]
test/components/validators/test_json_schema.py::TestJsonSchemaValidator::test_validates_multiple_messages_against_json_schema PASSED [ 55%]
test/components/validators/test_json_schema.py::TestJsonSchemaValidator::test_validates_message_against_openai_function_calling_schema PASSED [ 55%]
test/components/validators/test_json_schema.py::TestJsonSchemaValidator::test_validates_multiple_messages_against_openai_function_calling_schema PASSED [ 55%]
test/components/validators/test_json_schema.py::TestJsonSchemaValidator::test_construct_custom_error_recovery_message PASSED [ 55%]
test/components/validators/test_json_schema.py::TestJsonSchemaValidator::test_schema_validator_in_pipeline_validated PASSED [ 55%]
test/components/validators/test_json_schema.py::TestJsonSchemaValidator::test_schema_validator_in_pipeline_validation_error PASSED [ 55%]
test/components/websearch/test_searchapi.py::TestSearchApiSearchAPI::test_init_fail_wo_api_key PASSED [ 55%]
test/components/websearch/test_searchapi.py::TestSearchApiSearchAPI::test_to_dict PASSED [ 55%]
test/components/websearch/test_searchapi.py::TestSearchApiSearchAPI::test_web_search_top_k[1] PASSED [ 55%]
test/components/websearch/test_searchapi.py::TestSearchApiSearchAPI::test_web_search_top_k[5] PASSED [ 55%]
test/components/websearch/test_searchapi.py::TestSearchApiSearchAPI::test_web_search_top_k[7] PASSED [ 55%]
test/components/websearch/test_searchapi.py::TestSearchApiSearchAPI::test_timeout_error PASSED [ 55%]
test/components/websearch/test_searchapi.py::TestSearchApiSearchAPI::test_request_exception PASSED [ 55%]
test/components/websearch/test_searchapi.py::TestSearchApiSearchAPI::test_bad_response_code PASSED [ 55%]
test/components/websearch/test_serperdev.py::TestSerperDevSearchAPI::test_init_fail_wo_api_key PASSED [ 56%]
test/components/websearch/test_serperdev.py::TestSerperDevSearchAPI::test_to_dict PASSED [ 56%]
test/components/websearch/test_serperdev.py::TestSerperDevSearchAPI::test_web_search_top_k[1] PASSED [ 56%]
test/components/websearch/test_serperdev.py::TestSerperDevSearchAPI::test_web_search_top_k[5] PASSED [ 56%]
test/components/websearch/test_serperdev.py::TestSerperDevSearchAPI::test_web_search_top_k[7] PASSED [ 56%]
test/components/websearch/test_serperdev.py::TestSerperDevSearchAPI::test_no_snippet PASSED [ 56%]
test/components/websearch/test_serperdev.py::TestSerperDevSearchAPI::test_timeout_error PASSED [ 56%]
test/components/websearch/test_serperdev.py::TestSerperDevSearchAPI::test_request_exception PASSED [ 56%]
test/components/websearch/test_serperdev.py::TestSerperDevSearchAPI::test_bad_response_code PASSED [ 56%]
test/components/writers/test_document_writer.py::TestDocumentWriter::test_to_dict PASSED [ 56%]
test/components/writers/test_document_writer.py::TestDocumentWriter::test_to_dict_with_custom_init_parameters PASSED [ 56%]
test/components/writers/test_document_writer.py::TestDocumentWriter::test_from_dict PASSED [ 56%]
test/components/writers/test_document_writer.py::TestDocumentWriter::test_from_dict_without_docstore PASSED [ 56%]
test/components/writers/test_document_writer.py::TestDocumentWriter::test_from_dict_without_docstore_type PASSED [ 56%]
test/components/writers/test_document_writer.py::TestDocumentWriter::test_from_dict_nonexisting_docstore 
-------------------------------- live log call ---------------------------------
ERROR    haystack.core.component.component:serialization.py:258 Failed to import class 'Nonexisting.DocumentStore'
PASSED                                                                   [ 56%]
test/components/writers/test_document_writer.py::TestDocumentWriter::test_run PASSED [ 56%]
test/components/writers/test_document_writer.py::TestDocumentWriter::test_run_skip_policy 
-------------------------------- live log call ---------------------------------
WARNING  haystack.document_stores.in_memory.document_store:document_store.py:427 ID '64db18e90bdf08e9d787b096c356902834f2526021a19f94b8f6ad038b87376d' already exists
WARNING  haystack.document_stores.in_memory.document_store:document_store.py:427 ID 'c6202d34fc5b4ac4479ad0d6fad8354a0121eddfa48f3f25ece0c042a7879187' already exists
PASSED                                                                   [ 56%]
test/core/component/test_component.py::test_correct_declaration PASSED   [ 57%]
test/core/component/test_component.py::test_correct_declaration_with_async PASSED [ 57%]
test/core/component/test_component.py::test_correct_declaration_with_additional_readonly_property PASSED [ 57%]
test/core/component/test_component.py::test_correct_declaration_with_additional_writable_property PASSED [ 57%]
test/core/component/test_component.py::test_missing_run PASSED           [ 57%]
test/core/component/test_component.py::test_async_run_not_async PASSED   [ 57%]
test/core/component/test_component.py::test_async_run_not_coroutine PASSED [ 57%]
test/core/component/test_component.py::test_parameters_mismatch_run_and_async_run PASSED [ 57%]
test/core/component/test_component.py::test_set_input_types PASSED       [ 57%]
test/core/component/test_component.py::test_set_input_types_no_kwarg PASSED [ 57%]
test/core/component/test_component.py::test_set_input_types_overrides_run PASSED [ 57%]
test/core/component/test_component.py::test_set_output_types PASSED      [ 57%]
test/core/component/test_component.py::test_output_types_decorator_with_compatible_type PASSED [ 57%]
test/core/component/test_component.py::test_output_types_decorator_wrong_method PASSED [ 57%]
test/core/component/test_component.py::test_output_types_decorator_and_set_output_types PASSED [ 57%]
test/core/component/test_component.py::test_output_types_decorator_mismatch_run_async_run PASSED [ 57%]
test/core/component/test_component.py::test_output_types_decorator_missing_async_run PASSED [ 58%]
test/core/component/test_component.py::test_component_decorator_set_it_as_component PASSED [ 58%]
test/core/component/test_component.py::test_input_has_default_value PASSED [ 58%]
test/core/component/test_component.py::test_keyword_only_args PASSED     [ 58%]
test/core/component/test_component.py::test_repr PASSED                  [ 58%]
test/core/component/test_component.py::test_repr_added_to_pipeline PASSED [ 58%]
test/core/component/test_component.py::test_pre_init_hooking PASSED      [ 58%]
test/core/component/test_component.py::test_pre_init_hooking_variadic_positional_args PASSED [ 58%]
test/core/component/test_component.py::test_pre_init_hooking_variadic_kwargs PASSED [ 58%]
test/core/component/test_sockets.py::TestSockets::test_init PASSED       [ 58%]
test/core/component/test_sockets.py::TestSockets::test_init_with_empty_sockets PASSED [ 58%]
test/core/component/test_sockets.py::TestSockets::test_getattribute PASSED [ 58%]
test/core/component/test_sockets.py::TestSockets::test_getattribute_non_existing_socket PASSED [ 58%]
test/core/component/test_sockets.py::TestSockets::test_repr PASSED       [ 58%]
test/core/component/test_sockets.py::TestSockets::test_get PASSED        [ 58%]
test/core/component/test_sockets.py::TestSockets::test_contains PASSED   [ 58%]
test/core/pipeline/test_draw.py::test_to_mermaid_image_does_not_edit_graph PASSED [ 58%]
test/core/pipeline/test_draw.py::test_to_mermaid_image_failing_request 
-------------------------------- live log call ---------------------------------
WARNING  haystack.core.pipeline.draw:draw.py:81 Failed to draw the pipeline: https://mermaid.ink/img/ returned status 429
WARNING  haystack.core.pipeline.draw:draw.py:86 No pipeline diagram will be saved.
WARNING  haystack.core.pipeline.draw:draw.py:90 Failed to draw the pipeline: could not connect to https://mermaid.ink/img/ (test_to_mermaid_image_failing_request.<locals>.raise_for_status() missing 1 required positional argument: 'self')
WARNING  haystack.core.pipeline.draw:draw.py:94 No pipeline diagram will be saved.
PASSED                                                                   [ 59%]
test/core/pipeline/test_draw.py::test_to_mermaid_text PASSED             [ 59%]
test/core/pipeline/test_draw.py::test_to_mermaid_text_does_not_edit_graph PASSED [ 59%]
test/core/pipeline/test_pipeline.py::TestPipeline::test_pipeline_dumps PASSED [ 59%]
test/core/pipeline/test_pipeline.py::TestPipeline::test_pipeline_loads_invalid_data PASSED [ 59%]
test/core/pipeline/test_pipeline.py::TestPipeline::test_pipeline_dump PASSED [ 59%]
test/core/pipeline/test_pipeline.py::TestPipeline::test_pipeline_load PASSED [ 59%]
test/core/pipeline/test_pipeline.py::TestPipeline::test_show_in_notebook PASSED [ 59%]
test/core/pipeline/test_pipeline.py::TestPipeline::test_show_not_in_notebook PASSED [ 59%]
test/core/pipeline/test_pipeline.py::TestPipeline::test_draw PASSED      [ 59%]
test/core/pipeline/test_pipeline.py::TestPipeline::test_add_component_to_different_pipelines PASSED [ 59%]
test/core/pipeline/test_pipeline.py::TestPipeline::test_remove_component_raises_if_invalid_component_name PASSED [ 59%]
test/core/pipeline/test_pipeline.py::TestPipeline::test_remove_component_removes_component_and_its_edges PASSED [ 59%]
test/core/pipeline/test_pipeline.py::TestPipeline::test_remove_component_allows_you_to_reuse_the_component PASSED [ 59%]
test/core/pipeline/test_pipeline.py::TestPipeline::test_get_component_name PASSED [ 59%]
test/core/pipeline/test_pipeline.py::TestPipeline::test_get_component_name_not_added_to_pipeline PASSED [ 59%]
test/core/pipeline/test_pipeline.py::TestPipeline::test_repr PASSED      [ 60%]
test/core/pipeline/test_pipeline.py::TestPipeline::test_to_dict PASSED   [ 60%]
test/core/pipeline/test_pipeline.py::TestPipeline::test_from_dict PASSED [ 60%]
test/core/pipeline/test_pipeline.py::TestPipeline::test_from_dict_with_callbacks PASSED [ 60%]
test/core/pipeline/test_pipeline.py::TestPipeline::test_from_dict_with_empty_dict PASSED [ 60%]
test/core/pipeline/test_pipeline.py::TestPipeline::test_from_dict_with_components_instances PASSED [ 60%]
test/core/pipeline/test_pipeline.py::TestPipeline::test_from_dict_without_component_type PASSED [ 60%]
test/core/pipeline/test_pipeline.py::TestPipeline::test_from_dict_without_registered_component_type PASSED [ 60%]
test/core/pipeline/test_pipeline.py::TestPipeline::test_from_dict_without_connection_sender PASSED [ 60%]
test/core/pipeline/test_pipeline.py::TestPipeline::test_from_dict_without_connection_receiver PASSED [ 60%]
test/core/pipeline/test_pipeline.py::TestPipeline::test_describe_input_only_no_inputs_components PASSED [ 60%]
test/core/pipeline/test_pipeline.py::TestPipeline::test_describe_input_some_components_with_no_inputs PASSED [ 60%]
test/core/pipeline/test_pipeline.py::TestPipeline::test_describe_input_all_components_have_inputs PASSED [ 60%]
test/core/pipeline/test_pipeline.py::TestPipeline::test_describe_output_multiple_possible PASSED [ 60%]
test/core/pipeline/test_pipeline.py::TestPipeline::test_describe_output_single PASSED [ 60%]
test/core/pipeline/test_pipeline.py::TestPipeline::test_describe_no_outputs PASSED [ 60%]
test/core/pipeline/test_pipeline.py::TestPipeline::test_from_template PASSED [ 60%]
test/core/pipeline/test_pipeline.py::TestPipeline::test_walk_pipeline_with_no_cycles PASSED [ 61%]
test/core/pipeline/test_pipeline.py::TestPipeline::test_walk_pipeline_with_cycles PASSED [ 61%]
test/core/pipeline/test_pipeline.py::TestPipeline::test__init_graph PASSED [ 61%]
test/core/pipeline/test_pipeline.py::TestPipeline::test__normalize_varidiac_input_data PASSED [ 61%]
test/core/pipeline/test_pipeline.py::TestPipeline::test__prepare_component_input_data PASSED [ 61%]
test/core/pipeline/test_pipeline.py::TestPipeline::test__prepare_component_input_data_with_connected_inputs PASSED [ 61%]
test/core/pipeline/test_pipeline.py::TestPipeline::test__prepare_component_input_data_with_non_existing_input 
-------------------------------- live log call ---------------------------------
WARNING  haystack.core.pipeline.base:base.py:755 Inputs ['input_name'] were not matched to any component inputs, please check your run parameters.
PASSED                                                                   [ 61%]
test/core/pipeline/test_pipeline.py::TestPipeline::test_connect PASSED   [ 61%]
test/core/pipeline/test_pipeline.py::TestPipeline::test_connect_already_connected PASSED [ 61%]
test/core/pipeline/test_pipeline.py::TestPipeline::test_connect_with_sender_component_name PASSED [ 61%]
test/core/pipeline/test_pipeline.py::TestPipeline::test_connect_with_receiver_component_name PASSED [ 61%]
test/core/pipeline/test_pipeline.py::TestPipeline::test_connect_with_sender_and_receiver_component_name PASSED [ 61%]
test/core/pipeline/test_pipeline.py::TestPipeline::test_connect_with_sender_not_in_pipeline PASSED [ 61%]
test/core/pipeline/test_pipeline.py::TestPipeline::test_connect_with_receiver_not_in_pipeline PASSED [ 61%]
test/core/pipeline/test_pipeline.py::TestPipeline::test_connect_with_sender_socket_name_not_in_pipeline PASSED [ 61%]
test/core/pipeline/test_pipeline.py::TestPipeline::test_connect_with_receiver_socket_name_not_in_pipeline PASSED [ 61%]
test/core/pipeline/test_pipeline.py::TestPipeline::test_connect_with_no_matching_types_and_same_names PASSED [ 62%]
test/core/pipeline/test_pipeline.py::TestPipeline::test_connect_with_multiple_sender_connections_with_same_type_and_differing_name PASSED [ 62%]
test/core/pipeline/test_pipeline.py::TestPipeline::test_connect_with_multiple_receiver_connections_with_same_type_and_differing_name PASSED [ 62%]
test/core/pipeline/test_pipeline.py::TestPipeline::test_connect_with_multiple_sender_connections_with_same_type_and_same_name PASSED [ 62%]
test/core/pipeline/test_pipeline.py::TestPipeline::test_connect_with_multiple_receiver_connections_with_same_type_and_same_name PASSED [ 62%]
test/core/pipeline/test_pipeline.py::TestPipeline::test_connect_multiple_outputs_to_non_variadic_input PASSED [ 62%]
test/core/pipeline/test_pipeline.py::TestPipeline::test_connect_multiple_outputs_to_variadic_input PASSED [ 62%]
test/core/pipeline/test_pipeline.py::TestPipeline::test_connect_same_component_as_sender_and_receiver PASSED [ 62%]
test/core/pipeline/test_pipeline.py::TestPipeline::test__run_component 
-------------------------------- live log call ---------------------------------
INFO     haystack.core.pipeline.pipeline:pipeline.py:70 Running component document_builder
PASSED                                                                   [ 62%]
test/core/pipeline/test_pipeline.py::TestPipeline::test__run_component_with_variadic_input PASSED [ 62%]
test/core/pipeline/test_pipeline.py::TestPipeline::test__component_has_enough_inputs_to_run PASSED [ 62%]
test/core/pipeline/test_pipeline.py::TestPipeline::test__find_components_that_will_receive_no_input PASSED [ 62%]
test/core/pipeline/test_pipeline.py::TestPipeline::test__distribute_output PASSED [ 62%]
test/core/pipeline/test_pipeline.py::TestPipeline::test__find_next_runnable_component PASSED [ 62%]
test/core/pipeline/test_pipeline.py::TestPipeline::test__find_next_runnable_component_without_component_inputs PASSED [ 62%]
test/core/pipeline/test_pipeline.py::TestPipeline::test__find_next_runnable_component_with_component_with_only_variadic_non_greedy_input PASSED [ 62%]
test/core/pipeline/test_pipeline.py::TestPipeline::test__find_next_runnable_component_with_component_with_only_default_input PASSED [ 63%]
test/core/pipeline/test_pipeline.py::TestPipeline::test__find_next_runnable_component_with_component_with_variadic_non_greedy_and_default_input PASSED [ 63%]
test/core/pipeline/test_pipeline.py::TestPipeline::test__find_next_runnable_component_with_different_components_inputs PASSED [ 63%]
test/core/pipeline/test_pipeline.py::TestPipeline::test__find_next_runnable_component_with_different_components_without_any_input PASSED [ 63%]
test/core/pipeline/test_pipeline.py::TestPipeline::test__is_stuck_in_a_loop PASSED [ 63%]
test/core/pipeline/test_pipeline.py::TestPipeline::test__enqueue_component PASSED [ 63%]
test/core/pipeline/test_pipeline.py::TestPipeline::test__dequeue_component PASSED [ 63%]
test/core/pipeline/test_pipeline.py::TestPipeline::test__add_missing_input_defaults PASSED [ 63%]
test/core/pipeline/test_pipeline.py::TestPipeline::test__find_next_runnable_lazy_variadic_or_default_component PASSED [ 63%]
test/core/pipeline/test_pipeline.py::TestPipeline::test__enqueue_waiting_component PASSED [ 63%]
test/core/pipeline/test_pipeline.py::TestPipeline::test__dequeue_waiting_component PASSED [ 63%]
test/core/pipeline/test_pipeline.py::TestPipeline::test__is_lazy_variadic PASSED [ 63%]
test/core/pipeline/test_pipeline.py::TestPipeline::test__find_receivers_from PASSED [ 63%]
test/core/pipeline/test_templates.py::TestPipelineTemplate::test_from_str PASSED [ 63%]
test/core/pipeline/test_templates.py::TestPipelineTemplate::test_from_file PASSED [ 63%]
test/core/pipeline/test_templates.py::TestPipelineTemplate::test_from_predefined PASSED [ 63%]
test/core/pipeline/test_templates.py::TestPipelineTemplate::test_build_pipeline_with_default_components PASSED [ 63%]
test/core/pipeline/test_tracing.py::TestTracing::test_with_enabled_tracing FAILED [ 64%]
test/core/pipeline/test_tracing.py::TestTracing::test_with_enabled_content_tracing FAILED [ 64%]
test/core/pipeline/test_type_utils.py::test_type_name[primitive-types] PASSED [ 64%]
test/core/pipeline/test_type_utils.py::test_type_name[any] PASSED        [ 64%]
test/core/pipeline/test_type_utils.py::test_type_name[class] PASSED      [ 64%]
test/core/pipeline/test_type_utils.py::test_type_name[shallow-optional-with-primitive] PASSED [ 64%]
test/core/pipeline/test_type_utils.py::test_type_name[shallow-optional-with-any] PASSED [ 64%]
test/core/pipeline/test_type_utils.py::test_type_name[shallow-optional-with-class] PASSED [ 64%]
test/core/pipeline/test_type_utils.py::test_type_name[shallow-union] PASSED [ 64%]
test/core/pipeline/test_type_utils.py::test_type_name[shallow-sequence-of-primitives] PASSED [ 64%]
test/core/pipeline/test_type_utils.py::test_type_name[nested-sequence-of-primitives] PASSED [ 64%]
test/core/pipeline/test_type_utils.py::test_type_name[optional-nested-sequence-of-primitives] PASSED [ 64%]
test/core/pipeline/test_type_utils.py::test_type_name[nested-optional-sequence-of-primitives] PASSED [ 64%]
test/core/pipeline/test_type_utils.py::test_type_name[shallow-sequence-of-classes] PASSED [ 64%]
test/core/pipeline/test_type_utils.py::test_type_name[nested-sequence-of-classes] PASSED [ 64%]
test/core/pipeline/test_type_utils.py::test_type_name[shallow-mapping-of-primitives] PASSED [ 64%]
test/core/pipeline/test_type_utils.py::test_type_name[nested-mapping-of-primitives] PASSED [ 65%]
test/core/pipeline/test_type_utils.py::test_type_name[nested-mapping-of-primitives-with-any] PASSED [ 65%]
test/core/pipeline/test_type_utils.py::test_type_name[shallow-mapping-of-classes] PASSED [ 65%]
test/core/pipeline/test_type_utils.py::test_type_name[nested-mapping-of-classes] PASSED [ 65%]
test/core/pipeline/test_type_utils.py::test_type_name[string-literal] PASSED [ 65%]
test/core/pipeline/test_type_utils.py::test_type_name[primitive-literal] PASSED [ 65%]
test/core/pipeline/test_type_utils.py::test_type_name[enum-literal] PASSED [ 65%]
test/core/pipeline/test_type_utils.py::test_type_name[deeply-nested-complex-type] PASSED [ 65%]
test/core/pipeline/test_type_utils.py::test_types_are_compatible[same-primitives] PASSED [ 65%]
test/core/pipeline/test_type_utils.py::test_types_are_compatible[receiving-primitive-is-optional] PASSED [ 65%]
test/core/pipeline/test_type_utils.py::test_types_are_compatible[receiving-type-is-union-of-primitives] PASSED [ 65%]
test/core/pipeline/test_type_utils.py::test_types_are_compatible[identical-unions] PASSED [ 65%]
test/core/pipeline/test_type_utils.py::test_types_are_compatible[receiving-union-is-superset-of-sender] PASSED [ 65%]
test/core/pipeline/test_type_utils.py::test_types_are_compatible[primitive-to-any] PASSED [ 65%]
test/core/pipeline/test_type_utils.py::test_types_are_compatible[same-class] PASSED [ 65%]
test/core/pipeline/test_type_utils.py::test_types_are_compatible[receiving-class-is-optional] PASSED [ 65%]
test/core/pipeline/test_type_utils.py::test_types_are_compatible[class-to-any] PASSED [ 65%]
test/core/pipeline/test_type_utils.py::test_types_are_compatible[subclass-to-class] PASSED [ 66%]
test/core/pipeline/test_type_utils.py::test_types_are_compatible[receiving-type-is-union-of-classes] PASSED [ 66%]
test/core/pipeline/test_type_utils.py::test_types_are_compatible[receiving-type-is-union-of-superclasses] PASSED [ 66%]
test/core/pipeline/test_type_utils.py::test_types_are_compatible[same-lists] PASSED [ 66%]
test/core/pipeline/test_type_utils.py::test_types_are_compatible[receiving-list-is-optional] PASSED [ 66%]
test/core/pipeline/test_type_utils.py::test_types_are_compatible[list-of-primitive-to-list-of-any] PASSED [ 66%]
test/core/pipeline/test_type_utils.py::test_types_are_compatible[list-of-same-classes] PASSED [ 66%]
test/core/pipeline/test_type_utils.py::test_types_are_compatible[list-of-subclass-to-list-of-class] PASSED [ 66%]
test/core/pipeline/test_type_utils.py::test_types_are_compatible[list-of-classes-to-list-of-any] PASSED [ 66%]
test/core/pipeline/test_type_utils.py::test_types_are_compatible[nested-sequences-of-same-primitives] PASSED [ 66%]
test/core/pipeline/test_type_utils.py::test_types_are_compatible[nested-sequences-of-primitives-to-nested-sequences-of-any] PASSED [ 66%]
test/core/pipeline/test_type_utils.py::test_types_are_compatible[nested-sequences-of-same-classes] PASSED [ 66%]
test/core/pipeline/test_type_utils.py::test_types_are_compatible[nested-sequences-of-subclasses-to-nested-sequences-of-classes] PASSED [ 66%]
test/core/pipeline/test_type_utils.py::test_types_are_compatible[nested-sequences-of-classes-to-nested-sequences-of-any] PASSED [ 66%]
test/core/pipeline/test_type_utils.py::test_types_are_compatible[same-dicts-of-primitives] PASSED [ 66%]
test/core/pipeline/test_type_utils.py::test_types_are_compatible[dict-of-primitives-to-dict-of-any-keys] PASSED [ 66%]
test/core/pipeline/test_type_utils.py::test_types_are_compatible[dict-of-primitives-to-dict-of-any-values] PASSED [ 67%]
test/core/pipeline/test_type_utils.py::test_types_are_compatible[dict-of-primitives-to-dict-of-any-key-and-values] PASSED [ 67%]
test/core/pipeline/test_type_utils.py::test_types_are_compatible[same-dicts-of-classes-values] PASSED [ 67%]
test/core/pipeline/test_type_utils.py::test_types_are_compatible[dict-of-subclasses-to-dict-of-classes] PASSED [ 67%]
test/core/pipeline/test_type_utils.py::test_types_are_compatible[dict-of-classes-to-dict-of-any-keys] PASSED [ 67%]
test/core/pipeline/test_type_utils.py::test_types_are_compatible[dict-of-classes-to-dict-of-any-values] PASSED [ 67%]
test/core/pipeline/test_type_utils.py::test_types_are_compatible[dict-of-classes-to-dict-of-any-key-and-values] PASSED [ 67%]
test/core/pipeline/test_type_utils.py::test_types_are_compatible[nested-mappings-of-same-primitives] PASSED [ 67%]
test/core/pipeline/test_type_utils.py::test_types_are_compatible[nested-mapping-of-primitives-to-nested-mapping-of-any-keys] PASSED [ 67%]
test/core/pipeline/test_type_utils.py::test_types_are_compatible[nested-mapping-of-primitives-to-nested-mapping-of-higher-level-any-keys] PASSED [ 67%]
test/core/pipeline/test_type_utils.py::test_types_are_compatible[nested-mapping-of-primitives-to-nested-mapping-of-any-values] PASSED [ 67%]
test/core/pipeline/test_type_utils.py::test_types_are_compatible[nested-mapping-of-primitives-to-nested-mapping-of-any-keys-and-values] PASSED [ 67%]
test/core/pipeline/test_type_utils.py::test_types_are_compatible[nested-mappings-of-same-classes] PASSED [ 67%]
test/core/pipeline/test_type_utils.py::test_types_are_compatible[nested-mapping-of-subclasses-to-nested-mapping-of-classes] PASSED [ 67%]
test/core/pipeline/test_type_utils.py::test_types_are_compatible[nested-mapping-of-classes-to-nested-mapping-of-any-keys] PASSED [ 67%]
test/core/pipeline/test_type_utils.py::test_types_are_compatible[nested-mapping-of-classes-to-nested-mapping-of-higher-level-any-keys] PASSED [ 67%]
test/core/pipeline/test_type_utils.py::test_types_are_compatible[nested-mapping-of-classes-to-nested-mapping-of-any-values] PASSED [ 67%]
test/core/pipeline/test_type_utils.py::test_types_are_compatible[nested-mapping-of-classes-to-nested-mapping-of-any-keys-and-values] PASSED [ 68%]
test/core/pipeline/test_type_utils.py::test_types_are_compatible[same-primitive-literal] PASSED [ 68%]
test/core/pipeline/test_type_utils.py::test_types_are_compatible[same-enum-literal] PASSED [ 68%]
test/core/pipeline/test_type_utils.py::test_types_are_compatible[identical-deeply-nested-complex-type] PASSED [ 68%]
test/core/pipeline/test_type_utils.py::test_types_are_not_compatible[different-primitives] PASSED [ 68%]
test/core/pipeline/test_type_utils.py::test_types_are_not_compatible[different-classes] PASSED [ 68%]
test/core/pipeline/test_type_utils.py::test_types_are_not_compatible[class-to-subclass] PASSED [ 68%]
test/core/pipeline/test_type_utils.py::test_types_are_not_compatible[any-to-primitive] PASSED [ 68%]
test/core/pipeline/test_type_utils.py::test_types_are_not_compatible[any-to-class] PASSED [ 68%]
test/core/pipeline/test_type_utils.py::test_types_are_not_compatible[sending-primitive-is-optional] PASSED [ 68%]
test/core/pipeline/test_type_utils.py::test_types_are_not_compatible[sending-class-is-optional] PASSED [ 68%]
test/core/pipeline/test_type_utils.py::test_types_are_not_compatible[sending-list-is-optional] PASSED [ 68%]
test/core/pipeline/test_type_utils.py::test_types_are_not_compatible[sending-type-is-union] PASSED [ 68%]
test/core/pipeline/test_type_utils.py::test_types_are_not_compatible[sending-union-is-superset-of-receiver] PASSED [ 68%]
test/core/pipeline/test_type_utils.py::test_types_are_not_compatible[partially-overlapping-unions-with-primitives] PASSED [ 68%]
test/core/pipeline/test_type_utils.py::test_types_are_not_compatible[partially-overlapping-unions-with-classes] PASSED [ 68%]
test/core/pipeline/test_type_utils.py::test_types_are_not_compatible[different-lists-of-primitives] PASSED [ 69%]
test/core/pipeline/test_type_utils.py::test_types_are_not_compatible[list-of-primitive-to-bare-list] PASSED [ 69%]
test/core/pipeline/test_type_utils.py::test_types_are_not_compatible[list-of-primitive-to-list-object] PASSED [ 69%]
test/core/pipeline/test_type_utils.py::test_types_are_not_compatible[different-lists-of-classes] PASSED [ 69%]
test/core/pipeline/test_type_utils.py::test_types_are_not_compatible[lists-of-classes-to-subclasses] PASSED [ 69%]
test/core/pipeline/test_type_utils.py::test_types_are_not_compatible[list-of-any-to-list-of-primitives] PASSED [ 69%]
test/core/pipeline/test_type_utils.py::test_types_are_not_compatible[list-of-any-to-list-of-classes] PASSED [ 69%]
test/core/pipeline/test_type_utils.py::test_types_are_not_compatible[nested-sequences-of-different-primitives] PASSED [ 69%]
test/core/pipeline/test_type_utils.py::test_types_are_not_compatible[different-nested-sequences-of-same-primitives] PASSED [ 69%]
test/core/pipeline/test_type_utils.py::test_types_are_not_compatible[nested-sequences-of-different-classes] PASSED [ 69%]
test/core/pipeline/test_type_utils.py::test_types_are_not_compatible[nested-sequences-of-classes-to-subclasses] PASSED [ 69%]
test/core/pipeline/test_type_utils.py::test_types_are_not_compatible[different-nested-sequences-of-same-class] PASSED [ 69%]
test/core/pipeline/test_type_utils.py::test_types_are_not_compatible[nested-list-of-Any-to-nested-list-of-primitives] PASSED [ 69%]
test/core/pipeline/test_type_utils.py::test_types_are_not_compatible[nested-list-of-Any-to-nested-list-of-classes] PASSED [ 69%]
test/core/pipeline/test_type_utils.py::test_types_are_not_compatible[different-dict-of-primitive-keys] PASSED [ 69%]
test/core/pipeline/test_type_utils.py::test_types_are_not_compatible[different-dict-of-primitive-values] PASSED [ 69%]
test/core/pipeline/test_type_utils.py::test_types_are_not_compatible[different-dict-of-class-values] PASSED [ 69%]
test/core/pipeline/test_type_utils.py::test_types_are_not_compatible[different-dict-of-class-to-subclass-values] PASSED [ 70%]
test/core/pipeline/test_type_utils.py::test_types_are_not_compatible[dict-of-Any-keys-to-dict-of-primitives] PASSED [ 70%]
test/core/pipeline/test_type_utils.py::test_types_are_not_compatible[dict-of-Any-values-to-dict-of-primitives] PASSED [ 70%]
test/core/pipeline/test_type_utils.py::test_types_are_not_compatible[dict-of-Any-values-to-dict-of-classes] PASSED [ 70%]
test/core/pipeline/test_type_utils.py::test_types_are_not_compatible[dict-of-Any-keys-and-values-to-dict-of-primitives] PASSED [ 70%]
test/core/pipeline/test_type_utils.py::test_types_are_not_compatible[dict-of-Any-keys-and-values-to-dict-of-classes] PASSED [ 70%]
test/core/pipeline/test_type_utils.py::test_types_are_not_compatible[different-nested-mappings-of-same-primitives] PASSED [ 70%]
test/core/pipeline/test_type_utils.py::test_types_are_not_compatible[same-nested-mappings-of-different-primitive-keys] PASSED [ 70%]
test/core/pipeline/test_type_utils.py::test_types_are_not_compatible[same-nested-mappings-of-different-higer-level-primitive-keys] PASSED [ 70%]
test/core/pipeline/test_type_utils.py::test_types_are_not_compatible[same-nested-mappings-of-different-primitive-values] PASSED [ 70%]
test/core/pipeline/test_type_utils.py::test_types_are_not_compatible[same-nested-mappings-of-different-class-values] PASSED [ 70%]
test/core/pipeline/test_type_utils.py::test_types_are_not_compatible[same-nested-mappings-of-class-to-subclass-values] PASSED [ 70%]
test/core/pipeline/test_type_utils.py::test_types_are_not_compatible[nested-mapping-of-Any-keys-to-nested-mapping-of-primitives] PASSED [ 70%]
test/core/pipeline/test_type_utils.py::test_types_are_not_compatible[nested-mapping-of-higher-level-Any-keys-to-nested-mapping-of-primitives] PASSED [ 70%]
test/core/pipeline/test_type_utils.py::test_types_are_not_compatible[nested-mapping-of-Any-values-to-nested-mapping-of-primitives] PASSED [ 70%]
test/core/pipeline/test_type_utils.py::test_types_are_not_compatible[nested-mapping-of-Any-values-to-nested-mapping-of-classes] PASSED [ 70%]
test/core/pipeline/test_type_utils.py::test_types_are_not_compatible[nested-mapping-of-Any-keys-and-values-to-nested-mapping-of-primitives] PASSED [ 71%]
test/core/pipeline/test_type_utils.py::test_types_are_not_compatible[nested-mapping-of-Any-keys-and-values-to-nested-mapping-of-classes] PASSED [ 71%]
test/core/pipeline/test_type_utils.py::test_types_are_not_compatible[different-literal-of-same-primitive] PASSED [ 71%]
test/core/pipeline/test_type_utils.py::test_types_are_not_compatible[subset-literal] PASSED [ 71%]
test/core/pipeline/test_type_utils.py::test_types_are_not_compatible[different-literal-of-same-enum] PASSED [ 71%]
test/core/pipeline/test_type_utils.py::test_types_are_not_compatible[deeply-nested-complex-type-is-compatible-but-cannot-be-checked] PASSED [ 71%]
test/core/pipeline/test_utils.py::test_parse_connection PASSED           [ 71%]
test/core/pipeline/test_validation_pipeline_io.py::test_find_pipeline_input_no_input PASSED [ 71%]
test/core/pipeline/test_validation_pipeline_io.py::test_find_pipeline_input_one_input PASSED [ 71%]
test/core/pipeline/test_validation_pipeline_io.py::test_find_pipeline_input_two_inputs_same_component PASSED [ 71%]
test/core/pipeline/test_validation_pipeline_io.py::test_find_pipeline_input_some_inputs_different_components PASSED [ 71%]
test/core/pipeline/test_validation_pipeline_io.py::test_find_pipeline_variable_input_nodes_in_the_pipeline PASSED [ 71%]
test/core/pipeline/test_validation_pipeline_io.py::test_find_pipeline_output_no_output PASSED [ 71%]
test/core/pipeline/test_validation_pipeline_io.py::test_find_pipeline_output_one_output PASSED [ 71%]
test/core/pipeline/test_validation_pipeline_io.py::test_find_pipeline_some_outputs_same_component PASSED [ 71%]
test/core/pipeline/test_validation_pipeline_io.py::test_find_pipeline_some_outputs_different_components PASSED [ 71%]
test/core/pipeline/test_validation_pipeline_io.py::test_validate_pipeline_input_pipeline_with_no_inputs PASSED [ 71%]
test/core/pipeline/test_validation_pipeline_io.py::test_validate_pipeline_input_pipeline_with_no_inputs_no_outputs PASSED [ 72%]
test/core/pipeline/test_validation_pipeline_io.py::test_validate_pipeline_input_unknown_component PASSED [ 72%]
test/core/pipeline/test_validation_pipeline_io.py::test_validate_pipeline_input_all_necessary_input_is_present PASSED [ 72%]
test/core/pipeline/test_validation_pipeline_io.py::test_validate_pipeline_input_all_necessary_input_is_present_considering_defaults PASSED [ 72%]
test/core/pipeline/test_validation_pipeline_io.py::test_validate_pipeline_input_only_expected_input_is_present PASSED [ 72%]
test/core/pipeline/test_validation_pipeline_io.py::test_validate_pipeline_input_only_expected_input_is_present_falsy PASSED [ 72%]
test/core/pipeline/test_validation_pipeline_io.py::test_validate_pipeline_falsy_input_present PASSED [ 72%]
test/core/pipeline/test_validation_pipeline_io.py::test_validate_pipeline_falsy_input_missing PASSED [ 72%]
test/core/pipeline/test_validation_pipeline_io.py::test_validate_pipeline_input_only_expected_input_is_present_including_unknown_names PASSED [ 72%]
test/core/pipeline/test_validation_pipeline_io.py::test_validate_pipeline_input_only_expected_input_is_present_and_defaults_dont_interfere PASSED [ 72%]
test/core/sample_components/test_accumulate.py::test_to_dict PASSED      [ 72%]
test/core/sample_components/test_accumulate.py::test_to_dict_with_custom_function PASSED [ 72%]
test/core/sample_components/test_accumulate.py::test_from_dict PASSED    [ 72%]
test/core/sample_components/test_accumulate.py::test_from_dict_with_default_function PASSED [ 72%]
test/core/sample_components/test_accumulate.py::test_from_dict_with_custom_function PASSED [ 72%]
test/core/sample_components/test_accumulate.py::test_accumulate_default PASSED [ 72%]
test/core/sample_components/test_accumulate.py::test_accumulate_callable PASSED [ 73%]
test/core/sample_components/test_add_value.py::test_run PASSED           [ 73%]
test/core/sample_components/test_concatenate.py::test_input_lists PASSED [ 73%]
test/core/sample_components/test_concatenate.py::test_input_strings PASSED [ 73%]
test/core/sample_components/test_concatenate.py::test_input_first_list_second_string PASSED [ 73%]
test/core/sample_components/test_concatenate.py::test_input_first_string_second_list PASSED [ 73%]
test/core/sample_components/test_double.py::test_double_default PASSED   [ 73%]
test/core/sample_components/test_fstring.py::test_fstring_with_one_var PASSED [ 73%]
test/core/sample_components/test_fstring.py::test_fstring_with_no_vars PASSED [ 73%]
test/core/sample_components/test_fstring.py::test_fstring_with_template_at_runtime PASSED [ 73%]
test/core/sample_components/test_fstring.py::test_fstring_with_vars_mismatch PASSED [ 73%]
test/core/sample_components/test_fstring.py::test_fstring_with_vars_in_excess PASSED [ 73%]
test/core/sample_components/test_fstring.py::test_fstring_with_vars_missing PASSED [ 73%]
test/core/sample_components/test_greet.py::test_greet_message 
-------------------------------- live log call ---------------------------------
WARNING  haystack.testing.sample_components.greet:greet.py:46 Hello, that's 10
PASSED                                                                   [ 73%]
test/core/sample_components/test_parity.py::test_parity PASSED           [ 73%]
test/core/sample_components/test_remainder.py::test_remainder_default PASSED [ 73%]
test/core/sample_components/test_remainder.py::test_remainder_with_divisor PASSED [ 73%]
test/core/sample_components/test_remainder.py::test_remainder_zero PASSED [ 74%]
test/core/sample_components/test_repeat.py::test_repeat_default PASSED   [ 74%]
test/core/sample_components/test_subtract.py::test_subtract PASSED       [ 74%]
test/core/sample_components/test_sum.py::test_sum_receives_no_values PASSED [ 74%]
test/core/sample_components/test_sum.py::test_sum_receives_one_value PASSED [ 74%]
test/core/sample_components/test_sum.py::test_sum_receives_few_values PASSED [ 74%]
test/core/sample_components/test_threshold.py::test_threshold PASSED     [ 74%]
test/core/test_serialization.py::test_default_component_to_dict PASSED   [ 74%]
test/core/test_serialization.py::test_default_component_to_dict_with_init_parameters PASSED [ 74%]
test/core/test_serialization.py::test_default_component_from_dict PASSED [ 74%]
test/core/test_serialization.py::test_default_component_from_dict_without_type PASSED [ 74%]
test/core/test_serialization.py::test_default_component_from_dict_unregistered_component PASSED [ 74%]
test/core/test_serialization.py::test_from_dict_import_type PASSED       [ 74%]
test/core/test_serialization.py::test_get_qualified_class_name PASSED    [ 74%]
test/core/test_serialization.py::test_import_class_by_name PASSED        [ 74%]
test/core/test_serialization.py::test_import_class_by_name_no_valid_class 
-------------------------------- live log call ---------------------------------
ERROR    haystack.core.component.component:serialization.py:258 Failed to import class 'some.invalid.class'
PASSED                                                                   [ 74%]
test/core/test_serialization.py::test_component_to_dict_invalid_type PASSED [ 75%]
test/dataclasses/test_answer.py::TestExtractedAnswer::test_init PASSED   [ 75%]
test/dataclasses/test_answer.py::TestExtractedAnswer::test_protocol PASSED [ 75%]
test/dataclasses/test_answer.py::TestExtractedAnswer::test_to_dict PASSED [ 75%]
test/dataclasses/test_answer.py::TestExtractedAnswer::test_from_dict PASSED [ 75%]
test/dataclasses/test_answer.py::TestExtractedTableAnswer::test_init PASSED [ 75%]
test/dataclasses/test_answer.py::TestExtractedTableAnswer::test_protocol PASSED [ 75%]
test/dataclasses/test_answer.py::TestExtractedTableAnswer::test_to_dict PASSED [ 75%]
test/dataclasses/test_answer.py::TestExtractedTableAnswer::test_from_dict PASSED [ 75%]
test/dataclasses/test_answer.py::TestGeneratedAnswer::test_init PASSED   [ 75%]
test/dataclasses/test_answer.py::TestGeneratedAnswer::test_protocol PASSED [ 75%]
test/dataclasses/test_answer.py::TestGeneratedAnswer::test_to_dict PASSED [ 75%]
test/dataclasses/test_answer.py::TestGeneratedAnswer::test_from_dict PASSED [ 75%]
test/dataclasses/test_byte_stream.py::test_from_file_path PASSED         [ 75%]
test/dataclasses/test_byte_stream.py::test_from_string PASSED            [ 75%]
test/dataclasses/test_byte_stream.py::test_to_string PASSED              [ 75%]
test/dataclasses/test_byte_stream.py::test_to_from_string_encoding PASSED [ 76%]
test/dataclasses/test_byte_stream.py::test_to_string_encoding_error PASSED [ 76%]
test/dataclasses/test_byte_stream.py::test_to_file PASSED                [ 76%]
test/dataclasses/test_chat_message.py::test_from_assistant_with_valid_content PASSED [ 76%]
test/dataclasses/test_chat_message.py::test_from_user_with_valid_content PASSED [ 76%]
test/dataclasses/test_chat_message.py::test_from_system_with_valid_content PASSED [ 76%]
test/dataclasses/test_chat_message.py::test_with_empty_content PASSED    [ 76%]
test/dataclasses/test_chat_message.py::test_from_function_with_empty_name PASSED [ 76%]
test/dataclasses/test_chat_message.py::test_to_openai_format PASSED      [ 76%]
test/dataclasses/test_chat_message.py::test_to_dict PASSED               [ 76%]
test/dataclasses/test_chat_message.py::test_from_dict PASSED             [ 76%]
test/dataclasses/test_chat_message.py::test_from_dict_with_meta PASSED   [ 76%]
test/dataclasses/test_document.py::test_document_str[doc0-content: 'test text'] PASSED [ 76%]
test/dataclasses/test_document.py::test_document_str[doc1-dataframe: (2, 2)] PASSED [ 76%]
test/dataclasses/test_document.py::test_document_str[doc2-blob: 18 bytes] PASSED [ 76%]
test/dataclasses/test_document.py::test_document_str[doc3-content: 'test text', dataframe: (2, 2), blob: 18 bytes] PASSED [ 76%]
test/dataclasses/test_document.py::test_init PASSED                      [ 76%]
test/dataclasses/test_document.py::test_init_with_wrong_parameters PASSED [ 77%]
test/dataclasses/test_document.py::test_init_with_parameters PASSED      [ 77%]
test/dataclasses/test_document.py::test_init_with_legacy_fields PASSED   [ 77%]
test/dataclasses/test_document.py::test_init_with_legacy_field PASSED    [ 77%]
test/dataclasses/test_document.py::test_basic_equality_type_mismatch PASSED [ 77%]
test/dataclasses/test_document.py::test_basic_equality_id PASSED         [ 77%]
test/dataclasses/test_document.py::test_to_dict PASSED                   [ 77%]
test/dataclasses/test_document.py::test_to_dict_without_flattening PASSED [ 77%]
test/dataclasses/test_document.py::test_to_dict_with_custom_parameters PASSED [ 77%]
test/dataclasses/test_document.py::test_to_dict_with_custom_parameters_without_flattening PASSED [ 77%]
test/dataclasses/test_document.py::test_from_dict PASSED                 [ 77%]
test/dataclasses/test_document.py::test_from_dict_with_legacy_fields PASSED [ 77%]
test/dataclasses/test_document.py::test_from_dict_with_legacy_field_and_flat_meta PASSED [ 77%]
test/dataclasses/test_document.py::test_from_dict_with_flat_meta PASSED  [ 77%]
test/dataclasses/test_document.py::test_from_dict_with_flat_and_non_flat_meta PASSED [ 77%]
test/dataclasses/test_document.py::test_content_type PASSED              [ 77%]
test/dataclasses/test_sparse_embedding.py::TestSparseEmbedding::test_init PASSED [ 78%]
test/dataclasses/test_sparse_embedding.py::TestSparseEmbedding::test_init_with_wrong_parameters PASSED [ 78%]
test/dataclasses/test_sparse_embedding.py::TestSparseEmbedding::test_to_dict PASSED [ 78%]
test/dataclasses/test_sparse_embedding.py::TestSparseEmbedding::test_from_dict PASSED [ 78%]
test/dataclasses/test_sparse_embedding.py::TestSparseEmbedding::test_eq PASSED [ 78%]
test/dataclasses/test_streaming_chunk.py::test_create_chunk_with_content_and_metadata PASSED [ 78%]
test/dataclasses/test_streaming_chunk.py::test_create_chunk_with_only_content PASSED [ 78%]
test/dataclasses/test_streaming_chunk.py::test_access_content PASSED     [ 78%]
test/dataclasses/test_streaming_chunk.py::test_create_chunk_with_empty_content PASSED [ 78%]
test/document_stores/test_filter_policy.py::test_merge_two_comparison_filters PASSED [ 78%]
test/document_stores/test_filter_policy.py::test_merge_init_comparison_and_runtime_logical_filters PASSED [ 78%]
test/document_stores/test_filter_policy.py::test_merge_runtime_comparison_and_init_logical_filters_with_string_operators PASSED [ 78%]
test/document_stores/test_filter_policy.py::test_merge_runtime_comparison_and_init_logical_filters PASSED [ 78%]
test/document_stores/test_filter_policy.py::test_merge_two_logical_filters PASSED [ 78%]
test/document_stores/test_filter_policy.py::test_merge_with_different_logical_operators 
-------------------------------- live log call ---------------------------------
WARNING  haystack.document_stores.types.filter_policy:filter_policy.py:111 The provided logical operators, AND and OR, do not match so the parsed logical filter, {'operator': 'AND', 'conditions': [{'field': 'meta.type', 'operator': '==', 'value': 'article'}]}, will be ignored and only the provided logical filter,{'operator': 'OR', 'conditions': [{'field': 'meta.genre', 'operator': 'IN', 'value': ['economy', 'politics']}]}, will be used. Update the logical operators to match to include the parsed filter.
PASSED                                                                   [ 78%]
test/document_stores/test_filter_policy.py::test_merge_comparison_filters_with_same_field 
-------------------------------- live log call ---------------------------------
WARNING  haystack.document_stores.types.filter_policy:filter_policy.py:272 The parsed filter, {'field': 'meta.date', 'operator': '>=', 'value': '2015-01-01'}, is ignored as the field is already present in the existing filters, {'field': 'meta.date', 'operator': '<=', 'value': '2020-12-31'}.
PASSED                                                                   [ 78%]
test/document_stores/test_filter_policy.py::test_merge_with_custom_logical_operator[AND] PASSED [ 78%]
test/document_stores/test_filter_policy.py::test_merge_with_custom_logical_operator[OR] PASSED [ 79%]
test/document_stores/test_filter_policy.py::test_merge_with_custom_logical_operator[NOT] PASSED [ 79%]
test/document_stores/test_in_memory.py::TestMemoryDocumentStore::test_no_filters PASSED [ 79%]
test/document_stores/test_in_memory.py::TestMemoryDocumentStore::test_comparison_equal PASSED [ 79%]
test/document_stores/test_in_memory.py::TestMemoryDocumentStore::test_comparison_equal_with_dataframe PASSED [ 79%]
test/document_stores/test_in_memory.py::TestMemoryDocumentStore::test_comparison_equal_with_none PASSED [ 79%]
test/document_stores/test_in_memory.py::TestMemoryDocumentStore::test_comparison_not_equal PASSED [ 79%]
test/document_stores/test_in_memory.py::TestMemoryDocumentStore::test_comparison_not_equal_with_dataframe PASSED [ 79%]
test/document_stores/test_in_memory.py::TestMemoryDocumentStore::test_comparison_not_equal_with_none PASSED [ 79%]
test/document_stores/test_in_memory.py::TestMemoryDocumentStore::test_comparison_greater_than PASSED [ 79%]
test/document_stores/test_in_memory.py::TestMemoryDocumentStore::test_comparison_greater_than_with_iso_date PASSED [ 79%]
test/document_stores/test_in_memory.py::TestMemoryDocumentStore::test_comparison_greater_than_with_string PASSED [ 79%]
test/document_stores/test_in_memory.py::TestMemoryDocumentStore::test_comparison_greater_than_with_dataframe PASSED [ 79%]
test/document_stores/test_in_memory.py::TestMemoryDocumentStore::test_comparison_greater_than_with_list PASSED [ 79%]
test/document_stores/test_in_memory.py::TestMemoryDocumentStore::test_comparison_greater_than_with_none PASSED [ 79%]
test/document_stores/test_in_memory.py::TestMemoryDocumentStore::test_comparison_greater_than_equal PASSED [ 79%]
test/document_stores/test_in_memory.py::TestMemoryDocumentStore::test_comparison_greater_than_equal_with_iso_date PASSED [ 80%]
test/document_stores/test_in_memory.py::TestMemoryDocumentStore::test_comparison_greater_than_equal_with_string PASSED [ 80%]
test/document_stores/test_in_memory.py::TestMemoryDocumentStore::test_comparison_greater_than_equal_with_dataframe PASSED [ 80%]
test/document_stores/test_in_memory.py::TestMemoryDocumentStore::test_comparison_greater_than_equal_with_list PASSED [ 80%]
test/document_stores/test_in_memory.py::TestMemoryDocumentStore::test_comparison_greater_than_equal_with_none PASSED [ 80%]
test/document_stores/test_in_memory.py::TestMemoryDocumentStore::test_comparison_less_than PASSED [ 80%]
test/document_stores/test_in_memory.py::TestMemoryDocumentStore::test_comparison_less_than_with_iso_date PASSED [ 80%]
test/document_stores/test_in_memory.py::TestMemoryDocumentStore::test_comparison_less_than_with_string PASSED [ 80%]
test/document_stores/test_in_memory.py::TestMemoryDocumentStore::test_comparison_less_than_with_dataframe PASSED [ 80%]
test/document_stores/test_in_memory.py::TestMemoryDocumentStore::test_comparison_less_than_with_list PASSED [ 80%]
test/document_stores/test_in_memory.py::TestMemoryDocumentStore::test_comparison_less_than_with_none PASSED [ 80%]
test/document_stores/test_in_memory.py::TestMemoryDocumentStore::test_comparison_less_than_equal PASSED [ 80%]
test/document_stores/test_in_memory.py::TestMemoryDocumentStore::test_comparison_less_than_equal_with_iso_date PASSED [ 80%]
test/document_stores/test_in_memory.py::TestMemoryDocumentStore::test_comparison_less_than_equal_with_string PASSED [ 80%]
test/document_stores/test_in_memory.py::TestMemoryDocumentStore::test_comparison_less_than_equal_with_dataframe PASSED [ 80%]
test/document_stores/test_in_memory.py::TestMemoryDocumentStore::test_comparison_less_than_equal_with_list PASSED [ 80%]
test/document_stores/test_in_memory.py::TestMemoryDocumentStore::test_comparison_less_than_equal_with_none PASSED [ 80%]
test/document_stores/test_in_memory.py::TestMemoryDocumentStore::test_comparison_in PASSED [ 81%]
test/document_stores/test_in_memory.py::TestMemoryDocumentStore::test_comparison_in_with_with_non_list PASSED [ 81%]
test/document_stores/test_in_memory.py::TestMemoryDocumentStore::test_comparison_in_with_with_non_list_iterable PASSED [ 81%]
test/document_stores/test_in_memory.py::TestMemoryDocumentStore::test_comparison_not_in PASSED [ 81%]
test/document_stores/test_in_memory.py::TestMemoryDocumentStore::test_comparison_not_in_with_with_non_list PASSED [ 81%]
test/document_stores/test_in_memory.py::TestMemoryDocumentStore::test_comparison_not_in_with_with_non_list_iterable PASSED [ 81%]
test/document_stores/test_in_memory.py::TestMemoryDocumentStore::test_and_operator PASSED [ 81%]
test/document_stores/test_in_memory.py::TestMemoryDocumentStore::test_or_operator PASSED [ 81%]
test/document_stores/test_in_memory.py::TestMemoryDocumentStore::test_not_operator PASSED [ 81%]
test/document_stores/test_in_memory.py::TestMemoryDocumentStore::test_missing_top_level_operator_key PASSED [ 81%]
test/document_stores/test_in_memory.py::TestMemoryDocumentStore::test_missing_top_level_conditions_key PASSED [ 81%]
test/document_stores/test_in_memory.py::TestMemoryDocumentStore::test_missing_condition_field_key PASSED [ 81%]
test/document_stores/test_in_memory.py::TestMemoryDocumentStore::test_missing_condition_operator_key PASSED [ 81%]
test/document_stores/test_in_memory.py::TestMemoryDocumentStore::test_missing_condition_value_key PASSED [ 81%]
test/document_stores/test_in_memory.py::TestMemoryDocumentStore::test_delete_documents PASSED [ 81%]
test/document_stores/test_in_memory.py::TestMemoryDocumentStore::test_delete_documents_empty_document_store PASSED [ 81%]
test/document_stores/test_in_memory.py::TestMemoryDocumentStore::test_delete_documents_non_existing_document PASSED [ 82%]
test/document_stores/test_in_memory.py::TestMemoryDocumentStore::test_write_documents_duplicate_fail PASSED [ 82%]
test/document_stores/test_in_memory.py::TestMemoryDocumentStore::test_write_documents_duplicate_skip 
-------------------------------- live log call ---------------------------------
WARNING  haystack.document_stores.in_memory.document_store:document_store.py:427 ID '657fb193c73ab574d2d920d5fde04d5a786dc0b2df9bc5f154763afd2d9530bb' already exists
PASSED                                                                   [ 82%]
test/document_stores/test_in_memory.py::TestMemoryDocumentStore::test_write_documents_duplicate_overwrite PASSED [ 82%]
test/document_stores/test_in_memory.py::TestMemoryDocumentStore::test_write_documents_invalid_input PASSED [ 82%]
test/document_stores/test_in_memory.py::TestMemoryDocumentStore::test_count_empty PASSED [ 82%]
test/document_stores/test_in_memory.py::TestMemoryDocumentStore::test_count_not_empty PASSED [ 82%]
test/document_stores/test_in_memory.py::TestMemoryDocumentStore::test_to_dict PASSED [ 82%]
test/document_stores/test_in_memory.py::TestMemoryDocumentStore::test_to_dict_with_custom_init_parameters PASSED [ 82%]
test/document_stores/test_in_memory.py::TestMemoryDocumentStore::test_from_dict PASSED [ 82%]
test/document_stores/test_in_memory.py::TestMemoryDocumentStore::test_save_to_disk_and_load_from_disk PASSED [ 82%]
test/document_stores/test_in_memory.py::TestMemoryDocumentStore::test_invalid_bm25_algorithm PASSED [ 82%]
test/document_stores/test_in_memory.py::TestMemoryDocumentStore::test_write_documents PASSED [ 82%]
test/document_stores/test_in_memory.py::TestMemoryDocumentStore::test_bm25_retrieval PASSED [ 82%]
test/document_stores/test_in_memory.py::TestMemoryDocumentStore::test_bm25_retrieval_with_empty_document_store 
-------------------------------- live log call ---------------------------------
INFO     haystack.document_stores.in_memory.document_store:document_store.py:518 No documents found for BM25 retrieval. Returning empty list.
PASSED                                                                   [ 82%]
test/document_stores/test_in_memory.py::TestMemoryDocumentStore::test_bm25_retrieval_empty_query PASSED [ 82%]
test/document_stores/test_in_memory.py::TestMemoryDocumentStore::test_bm25_retrieval_with_different_top_k PASSED [ 82%]
test/document_stores/test_in_memory.py::TestMemoryDocumentStore::test_bm25_plus_retrieval PASSED [ 83%]
test/document_stores/test_in_memory.py::TestMemoryDocumentStore::test_bm25_retrieval_with_two_queries PASSED [ 83%]
test/document_stores/test_in_memory.py::TestMemoryDocumentStore::test_bm25_retrieval_with_updated_docs PASSED [ 83%]
test/document_stores/test_in_memory.py::TestMemoryDocumentStore::test_bm25_retrieval_with_scale_score PASSED [ 83%]
test/document_stores/test_in_memory.py::TestMemoryDocumentStore::test_bm25_retrieval_with_non_scaled_BM25Okapi PASSED [ 83%]
test/document_stores/test_in_memory.py::TestMemoryDocumentStore::test_bm25_retrieval_with_table_content PASSED [ 83%]
test/document_stores/test_in_memory.py::TestMemoryDocumentStore::test_bm25_retrieval_with_text_and_table_content 
-------------------------------- live log call ---------------------------------
WARNING  haystack.document_stores.in_memory.document_store:document_store.py:442 Document '2136cb76618c1f80898964eb8b800fb35c93fa38aa3f1c51ecf86f43d0a82be7' has both text and dataframe content. Using text content for retrieval and skipping dataframe content.
PASSED                                                                   [ 83%]
test/document_stores/test_in_memory.py::TestMemoryDocumentStore::test_bm25_retrieval_default_filter_for_text_and_dataframes PASSED [ 83%]
test/document_stores/test_in_memory.py::TestMemoryDocumentStore::test_embedding_retrieval PASSED [ 83%]
test/document_stores/test_in_memory.py::TestMemoryDocumentStore::test_embedding_retrieval_invalid_query PASSED [ 83%]
test/document_stores/test_in_memory.py::TestMemoryDocumentStore::test_embedding_retrieval_no_embeddings 
-------------------------------- live log call ---------------------------------
WARNING  haystack.document_stores.in_memory.document_store:document_store.py:570 No Documents found with embeddings. Returning empty list. To generate embeddings, use a DocumentEmbedder.
PASSED                                                                   [ 83%]
test/document_stores/test_in_memory.py::TestMemoryDocumentStore::test_embedding_retrieval_some_documents_wo_embeddings 
-------------------------------- live log call ---------------------------------
INFO     haystack.document_stores.in_memory.document_store:document_store.py:576 Skipping some Documents that don't have an embedding. To generate embeddings, use a DocumentEmbedder.
PASSED                                                                   [ 83%]
test/document_stores/test_in_memory.py::TestMemoryDocumentStore::test_embedding_retrieval_documents_different_embedding_sizes PASSED [ 83%]
test/document_stores/test_in_memory.py::TestMemoryDocumentStore::test_embedding_retrieval_query_documents_different_embedding_sizes PASSED [ 83%]
test/document_stores/test_in_memory.py::TestMemoryDocumentStore::test_embedding_retrieval_with_different_top_k PASSED [ 83%]
test/document_stores/test_in_memory.py::TestMemoryDocumentStore::test_embedding_retrieval_with_scale_score PASSED [ 83%]
test/document_stores/test_in_memory.py::TestMemoryDocumentStore::test_embedding_retrieval_return_embedding PASSED [ 84%]
test/document_stores/test_in_memory.py::TestMemoryDocumentStore::test_compute_cosine_similarity_scores PASSED [ 84%]
test/document_stores/test_in_memory.py::TestMemoryDocumentStore::test_compute_dot_product_similarity_scores PASSED [ 84%]
test/document_stores/test_in_memory.py::TestMemoryDocumentStore::test_multiple_document_stores_using_same_index PASSED [ 84%]
test/evaluation/test_eval_run_result.py::test_init_results_evaluator PASSED [ 84%]
test/evaluation/test_eval_run_result.py::test_score_report PASSED        [ 84%]
test/evaluation/test_eval_run_result.py::test_to_pandas PASSED           [ 84%]
test/evaluation/test_eval_run_result.py::test_comparative_individual_scores_report PASSED [ 84%]
test/evaluation/test_eval_run_result.py::test_comparative_individual_scores_report_keep_truth_answer_in_df PASSED [ 84%]
test/marshal/test_yaml.py::test_yaml_marshal PASSED                      [ 84%]
test/marshal/test_yaml.py::test_yaml_marshal_invalid_type PASSED         [ 84%]
test/marshal/test_yaml.py::test_yaml_unmarshal PASSED                    [ 84%]
test/test_imports.py::test_for_missing_dependencies PASSED               [ 84%]
test/test_logging.py::TestSkipLoggingConfiguration::test_skip_logging_configuration 
-------------------------------- live log call ---------------------------------
WARNING  test.test_logging:test_logging.py:52 Hello, structured logging!
PASSED                                                                   [ 84%]
test/test_logging.py::TestStructuredLoggingConsoleRendering::test_log_filtering_when_using_debug PASSED [ 84%]
test/test_logging.py::TestStructuredLoggingConsoleRendering::test_log_filtering_when_using_debug_and_log_level_is_debug 
-------------------------------- live log call ---------------------------------
DEBUG    test.test_logging:test_logging.py:79 Hello, structured logging!
PASSED                                                                   [ 84%]
test/test_logging.py::TestStructuredLoggingConsoleRendering::test_console_rendered_structured_log_even_if_no_tty_but_python_config 
-------------------------------- live log call ---------------------------------
WARNING  test.test_logging:test_logging.py:94 Hello, structured logging!
PASSED                                                                   [ 84%]
test/test_logging.py::TestStructuredLoggingConsoleRendering::test_console_rendered_structured_log_if_in_ipython 
-------------------------------- live log call ---------------------------------
WARNING  test.test_logging:test_logging.py:110 Hello, structured logging!
PASSED                                                                   [ 85%]
test/test_logging.py::TestStructuredLoggingConsoleRendering::test_console_rendered_structured_log_even_in_jupyter 
-------------------------------- live log call ---------------------------------
WARNING  test.test_logging:test_logging.py:126 Hello, structured logging!
PASSED                                                                   [ 85%]
test/test_logging.py::TestStructuredLoggingConsoleRendering::test_console_rendered_structured_log_even_if_no_tty_but_forced_through_env 
-------------------------------- live log call ---------------------------------
WARNING  test.test_logging:test_logging.py:142 Hello, structured logging!
PASSED                                                                   [ 85%]
test/test_logging.py::TestStructuredLoggingConsoleRendering::test_console_rendered_structured_log 
-------------------------------- live log call ---------------------------------
WARNING  test.test_logging:test_logging.py:154 Hello, structured logging!
PASSED                                                                   [ 85%]
test/test_logging.py::TestStructuredLoggingConsoleRendering::test_logging_exceptions 
-------------------------------- live log call ---------------------------------
ERROR    test.test_logging:test_logging.py:182 An error happened
Traceback (most recent call last):
  File "/app/test/test_logging.py", line 180, in test_logging_exceptions
    function_that_raises_and_adds_to_stack_trace()
  File "/app/test/test_logging.py", line 177, in function_that_raises_and_adds_to_stack_trace
    raise ValueError("This is an error")
ValueError: This is an error
PASSED                                                                   [ 85%]
test/test_logging.py::TestStructuredLoggingConsoleRendering::test_logging_of_contextvars 
-------------------------------- live log call ---------------------------------
WARNING  test.test_logging:test_logging.py:193 Hello, structured logging!
PASSED                                                                   [ 85%]
test/test_logging.py::TestStructuredLoggingJSONRendering::test_logging_as_json_if_not_atty 
-------------------------------- live log call ---------------------------------
WARNING  test.test_logging:test_logging.py:207 Hello, structured logging!
PASSED                                                                   [ 85%]
test/test_logging.py::TestStructuredLoggingJSONRendering::test_logging_as_json 
-------------------------------- live log call ---------------------------------
WARNING  test.test_logging:test_logging.py:227 Hello, structured logging!
PASSED                                                                   [ 85%]
test/test_logging.py::TestStructuredLoggingJSONRendering::test_logging_as_json_enabling_via_env 
-------------------------------- live log call ---------------------------------
WARNING  test.test_logging:test_logging.py:248 Hello, structured logging!
PASSED                                                                   [ 85%]
test/test_logging.py::TestStructuredLoggingJSONRendering::test_logging_of_contextvars 
-------------------------------- live log call ---------------------------------
WARNING  test.test_logging:test_logging.py:271 Hello, structured logging!
PASSED                                                                   [ 85%]
test/test_logging.py::TestStructuredLoggingJSONRendering::test_logging_exceptions_json 
-------------------------------- live log call ---------------------------------
ERROR    test.test_logging:test_logging.py:300 An error happened 
Traceback (most recent call last):
  File "/app/test/test_logging.py", line 298, in test_logging_exceptions_json
    function_that_raises_and_adds_to_stack_trace()
  File "/app/test/test_logging.py", line 295, in function_that_raises_and_adds_to_stack_trace
    raise ValueError("This is an error")
ValueError: This is an error
PASSED                                                                   [ 85%]
test/test_logging.py::TestLogTraceCorrelation::test_trace_log_correlation_python_logs_with_console_rendering 
-------------------------------- live log call ---------------------------------
WARNING  test.test_logging:test_logging.py:342 Hello, structured logging!
PASSED                                                                   [ 85%]
test/test_logging.py::TestLogTraceCorrelation::test_trace_log_correlation_python_logs 
-------------------------------- live log call ---------------------------------
WARNING  test.test_logging:test_logging.py:352 Hello, structured logging!
PASSED                                                                   [ 85%]
test/test_logging.py::TestLogTraceCorrelation::test_trace_log_correlation_no_span 
-------------------------------- live log call ---------------------------------
WARNING  test.test_logging:test_logging.py:374 Hello, structured logging!
PASSED                                                                   [ 85%]
test/test_logging.py::TestLogTraceCorrelation::test_trace_log_correlation_no_tracer 
-------------------------------- live log call ---------------------------------
WARNING  test.test_logging:test_logging.py:394 Hello, structured logging!
PASSED                                                                   [ 85%]
test/test_logging.py::TestCompositeLogger::test_correct_stack_level_with_stdlib_rendering 
-------------------------------- live log call ---------------------------------
WARNING  test.test_logging:test_logging.py:418 Hello, structured logging!
PASSED                                                                   [ 85%]
test/test_logging.py::TestCompositeLogger::test_correct_stack_level_with_consoler_rendering 
-------------------------------- live log call ---------------------------------
WARNING  test.test_logging:test_logging.py:431 Hello, structured logging!
PASSED                                                                   [ 86%]
test/test_logging.py::TestCompositeLogger::test_various_levels[debug-debug] 
-------------------------------- live log call ---------------------------------
DEBUG    test.test_logging:test_logging.py:455 Hello, structured logging!
PASSED                                                                   [ 86%]
test/test_logging.py::TestCompositeLogger::test_various_levels[info-info] 
-------------------------------- live log call ---------------------------------
INFO     test.test_logging:test_logging.py:455 Hello, structured logging!
PASSED                                                                   [ 86%]
test/test_logging.py::TestCompositeLogger::test_various_levels[warning-warning] 
-------------------------------- live log call ---------------------------------
WARNING  test.test_logging:test_logging.py:455 Hello, structured logging!
PASSED                                                                   [ 86%]
test/test_logging.py::TestCompositeLogger::test_various_levels[error-error] 
-------------------------------- live log call ---------------------------------
ERROR    test.test_logging:test_logging.py:455 Hello, structured logging!
PASSED                                                                   [ 86%]
test/test_logging.py::TestCompositeLogger::test_various_levels[fatal-critical] 
-------------------------------- live log call ---------------------------------
CRITICAL test.test_logging:test_logging.py:455 Hello, structured logging!
PASSED                                                                   [ 86%]
test/test_logging.py::TestCompositeLogger::test_various_levels[exception-error] 
-------------------------------- live log call ---------------------------------
ERROR    test.test_logging:test_logging.py:455 Hello, structured logging!
PASSED                                                                   [ 86%]
test/test_logging.py::TestCompositeLogger::test_various_levels[critical-critical] 
-------------------------------- live log call ---------------------------------
CRITICAL test.test_logging:test_logging.py:455 Hello, structured logging!
PASSED                                                                   [ 86%]
test/test_logging.py::TestCompositeLogger::test_log 
-------------------------------- live log call ---------------------------------
DEBUG    test.test_logging:test_logging.py:477 Hello, structured 'logging'!
PASSED                                                                   [ 86%]
test/test_logging.py::TestCompositeLogger::test_log_json_content 
-------------------------------- live log call ---------------------------------
DEBUG    test.test_logging:test_logging.py:499 Hello, structured: {"key": "value"}
PASSED                                                                   [ 86%]
test/test_logging.py::TestCompositeLogger::test_log_with_string_cast 
-------------------------------- live log call ---------------------------------
DEBUG    test.test_logging:test_logging.py:521 Hello, structured '<class '_pytest.logging.LogCaptureFixture'>'!
PASSED                                                                   [ 86%]
test/test_logging.py::TestCompositeLogger::test_haystack_logger_with_positional_args[debug-debug] PASSED [ 86%]
test/test_logging.py::TestCompositeLogger::test_haystack_logger_with_positional_args[info-info] PASSED [ 86%]
test/test_logging.py::TestCompositeLogger::test_haystack_logger_with_positional_args[warning-warning] PASSED [ 86%]
test/test_logging.py::TestCompositeLogger::test_haystack_logger_with_positional_args[error-error] PASSED [ 86%]
test/test_logging.py::TestCompositeLogger::test_haystack_logger_with_positional_args[fatal-critical] PASSED [ 86%]
test/test_logging.py::TestCompositeLogger::test_haystack_logger_with_positional_args[exception-exception] PASSED [ 86%]
test/test_logging.py::TestCompositeLogger::test_haystack_logger_with_positional_args[critical-critical] PASSED [ 87%]
test/test_logging.py::TestCompositeLogger::test_haystack_logger_with_old_interpolation[debug-debug] 
-------------------------------- live log call ---------------------------------
DEBUG    test.test_logging:test_logging.py:577 Hello, structured logging %s!
PASSED                                                                   [ 87%]
test/test_logging.py::TestCompositeLogger::test_haystack_logger_with_old_interpolation[info-info] 
-------------------------------- live log call ---------------------------------
INFO     test.test_logging:test_logging.py:577 Hello, structured logging %s!
PASSED                                                                   [ 87%]
test/test_logging.py::TestCompositeLogger::test_haystack_logger_with_old_interpolation[warning-warning] 
-------------------------------- live log call ---------------------------------
WARNING  test.test_logging:test_logging.py:577 Hello, structured logging %s!
PASSED                                                                   [ 87%]
test/test_logging.py::TestCompositeLogger::test_haystack_logger_with_old_interpolation[error-error] 
-------------------------------- live log call ---------------------------------
ERROR    test.test_logging:test_logging.py:577 Hello, structured logging %s!
PASSED                                                                   [ 87%]
test/test_logging.py::TestCompositeLogger::test_haystack_logger_with_old_interpolation[fatal-critical] 
-------------------------------- live log call ---------------------------------
CRITICAL test.test_logging:test_logging.py:577 Hello, structured logging %s!
PASSED                                                                   [ 87%]
test/test_logging.py::TestCompositeLogger::test_haystack_logger_with_old_interpolation[exception-exception] 
-------------------------------- live log call ---------------------------------
ERROR    test.test_logging:test_logging.py:577 Hello, structured logging %s!
PASSED                                                                   [ 87%]
test/test_logging.py::TestCompositeLogger::test_haystack_logger_with_old_interpolation[critical-critical] 
-------------------------------- live log call ---------------------------------
CRITICAL test.test_logging:test_logging.py:577 Hello, structured logging %s!
PASSED                                                                   [ 87%]
test/test_logging.py::TestCompositeLogger::test_that_haystack_logger_is_used PASSED [ 87%]
test/test_telemetry.py::test_pipeline_running PASSED                     [ 87%]
test/test_telemetry.py::test_pipeline_running_with_non_serializable_component PASSED [ 87%]
test/test_telemetry.py::test_pipeline_running_with_non_dict_telemetry_data 
-------------------------------- live log call ---------------------------------
DEBUG    haystack.telemetry._telemetry:_telemetry.py:132 There was an issue sending a telemetry event
Traceback (most recent call last):
  File "/app/haystack/telemetry/_telemetry.py", line 127, in send_telemetry_wrapper
    output = func(*args, **kwargs)
  File "/app/haystack/telemetry/_telemetry.py", line 163, in pipeline_running
    raise TypeError(
TypeError: Telemetry data for component my_component must be a dictionary but is <class 'list'>.
PASSED                                                                   [ 87%]
test/testing/test_factory.py::test_document_store_class_default PASSED   [ 87%]
test/testing/test_factory.py::test_document_store_from_dict PASSED       [ 87%]
test/testing/test_factory.py::test_document_store_class_with_documents PASSED [ 87%]
test/testing/test_factory.py::test_document_store_class_with_documents_count PASSED [ 87%]
test/testing/test_factory.py::test_document_store_class_with_documents_and_documents_count PASSED [ 88%]
test/testing/test_factory.py::test_document_store_class_with_bases PASSED [ 88%]
test/testing/test_factory.py::test_document_store_class_with_extra_fields PASSED [ 88%]
test/testing/test_factory.py::test_component_class_default PASSED        [ 88%]
test/testing/test_factory.py::test_component_class_is_registered PASSED  [ 88%]
test/testing/test_factory.py::test_component_class_with_input_types PASSED [ 88%]
test/testing/test_factory.py::test_component_class_with_output_types PASSED [ 88%]
test/testing/test_factory.py::test_component_class_with_output PASSED    [ 88%]
test/testing/test_factory.py::test_component_class_with_output_and_output_types PASSED [ 88%]
test/testing/test_factory.py::test_component_class_with_bases PASSED     [ 88%]
test/testing/test_factory.py::test_component_class_with_extra_fields PASSED [ 88%]
test/tracing/test_datadog.py::TestDatadogTracer::test_opentelemetry_tracer PASSED [ 88%]
test/tracing/test_datadog.py::TestDatadogTracer::test_tagging PASSED     [ 88%]
test/tracing/test_datadog.py::TestDatadogTracer::test_current_span PASSED [ 88%]
test/tracing/test_datadog.py::TestDatadogTracer::test_tracing_complex_values PASSED [ 88%]
test/tracing/test_datadog.py::TestDatadogTracer::test_get_log_correlation_info PASSED [ 88%]
test/tracing/test_logging_tracer.py::TestLoggingTracer::test_init PASSED [ 89%]
test/tracing/test_logging_tracer.py::TestLoggingTracer::test_logging_tracer 
-------------------------------- live log call ---------------------------------
DEBUG    haystack.tracing.logging_tracer:logging_tracer.py:72 Operation: test
DEBUG    haystack.tracing.logging_tracer:logging_tracer.py:75 key=value[0m
PASSED                                                                   [ 89%]
test/tracing/test_logging_tracer.py::TestLoggingTracer::test_tracing_complex_values 
-------------------------------- live log call ---------------------------------
DEBUG    haystack.tracing.logging_tracer:logging_tracer.py:72 Operation: test
DEBUG    haystack.tracing.logging_tracer:logging_tracer.py:75 key={'a': 1, 'b': [2, 3, 4]}[0m
PASSED                                                                   [ 89%]
test/tracing/test_logging_tracer.py::TestLoggingTracer::test_apply_color_strings 
-------------------------------- live log call ---------------------------------
DEBUG    haystack.tracing.logging_tracer:logging_tracer.py:72 Operation: test
DEBUG    haystack.tracing.logging_tracer:logging_tracer.py:75 color_stringkey=value[0m
PASSED                                                                   [ 89%]
test/tracing/test_logging_tracer.py::TestLoggingTracer::test_logging_pipeline 
-------------------------------- live log call ---------------------------------
INFO     haystack.core.pipeline.pipeline:pipeline.py:70 Running component hello
DEBUG    haystack.tracing.logging_tracer:logging_tracer.py:72 Operation: haystack.component.run
DEBUG    haystack.tracing.logging_tracer:logging_tracer.py:75 haystack.component.name=hello[0m
DEBUG    haystack.tracing.logging_tracer:logging_tracer.py:75 haystack.component.type=Hello[0m
DEBUG    haystack.tracing.logging_tracer:logging_tracer.py:75 haystack.component.input_types={'word': 'str'}[0m
DEBUG    haystack.tracing.logging_tracer:logging_tracer.py:75 haystack.component.input_spec={'word': {'type': 'typing.Optional[str]', 'senders': []}}[0m
DEBUG    haystack.tracing.logging_tracer:logging_tracer.py:75 haystack.component.output_spec={'output': {'type': 'str', 'receivers': ['hello2']}}[0m
DEBUG    haystack.tracing.logging_tracer:logging_tracer.py:75 haystack.component.visits=1[0m
INFO     haystack.core.pipeline.pipeline:pipeline.py:70 Running component hello2
DEBUG    haystack.tracing.logging_tracer:logging_tracer.py:72 Operation: haystack.component.run
DEBUG    haystack.tracing.logging_tracer:logging_tracer.py:75 haystack.component.name=hello2[0m
DEBUG    haystack.tracing.logging_tracer:logging_tracer.py:75 haystack.component.type=Hello[0m
DEBUG    haystack.tracing.logging_tracer:logging_tracer.py:75 haystack.component.input_types={'word': 'str'}[0m
DEBUG    haystack.tracing.logging_tracer:logging_tracer.py:75 haystack.component.input_spec={'word': {'type': 'typing.Optional[str]', 'senders': ['hello']}}[0m
DEBUG    haystack.tracing.logging_tracer:logging_tracer.py:75 haystack.component.output_spec={'output': {'type': 'str', 'receivers': []}}[0m
DEBUG    haystack.tracing.logging_tracer:logging_tracer.py:75 haystack.component.visits=1[0m
DEBUG    haystack.tracing.logging_tracer:logging_tracer.py:72 Operation: haystack.pipeline.run
DEBUG    haystack.tracing.logging_tracer:logging_tracer.py:75 haystack.pipeline.input_data={'hello': {'word': 'world'}}[0m
DEBUG    haystack.tracing.logging_tracer:logging_tracer.py:75 haystack.pipeline.output_data={'hello2': {'output': 'Hello, Hello, world!!'}}[0m
DEBUG    haystack.tracing.logging_tracer:logging_tracer.py:75 haystack.pipeline.metadata={}[0m
DEBUG    haystack.tracing.logging_tracer:logging_tracer.py:75 haystack.pipeline.max_runs_per_component=100[0m
PASSED                                                                   [ 89%]
test/tracing/test_logging_tracer.py::TestLoggingTracer::test_logging_pipeline_with_content_tracing 
-------------------------------- live log call ---------------------------------
INFO     haystack.core.pipeline.pipeline:pipeline.py:70 Running component hello
DEBUG    haystack.tracing.logging_tracer:logging_tracer.py:72 Operation: haystack.component.run
DEBUG    haystack.tracing.logging_tracer:logging_tracer.py:75 haystack.component.name=hello[0m
DEBUG    haystack.tracing.logging_tracer:logging_tracer.py:75 haystack.component.type=Hello[0m
DEBUG    haystack.tracing.logging_tracer:logging_tracer.py:75 haystack.component.input_types={'word': 'str'}[0m
DEBUG    haystack.tracing.logging_tracer:logging_tracer.py:75 haystack.component.input_spec={'word': {'type': 'typing.Optional[str]', 'senders': []}}[0m
DEBUG    haystack.tracing.logging_tracer:logging_tracer.py:75 haystack.component.output_spec={'output': {'type': 'str', 'receivers': []}}[0m
DEBUG    haystack.tracing.logging_tracer:logging_tracer.py:75 haystack.component.input={'word': 'world'}[0m
DEBUG    haystack.tracing.logging_tracer:logging_tracer.py:75 haystack.component.visits=1[0m
DEBUG    haystack.tracing.logging_tracer:logging_tracer.py:75 haystack.component.output={'output': 'Hello, world!'}[0m
DEBUG    haystack.tracing.logging_tracer:logging_tracer.py:72 Operation: haystack.pipeline.run
DEBUG    haystack.tracing.logging_tracer:logging_tracer.py:75 haystack.pipeline.input_data={'hello': {'word': 'world'}}[0m
DEBUG    haystack.tracing.logging_tracer:logging_tracer.py:75 haystack.pipeline.output_data={'hello': {'output': 'Hello, world!'}}[0m
DEBUG    haystack.tracing.logging_tracer:logging_tracer.py:75 haystack.pipeline.metadata={}[0m
DEBUG    haystack.tracing.logging_tracer:logging_tracer.py:75 haystack.pipeline.max_runs_per_component=100[0m
PASSED                                                                   [ 89%]
test/tracing/test_logging_tracer.py::TestLoggingTracer::test_logging_pipeline_on_failure 
-------------------------------- live log call ---------------------------------
INFO     haystack.core.pipeline.pipeline:pipeline.py:70 Running component failing_component
DEBUG    haystack.tracing.logging_tracer:logging_tracer.py:72 Operation: haystack.component.run
DEBUG    haystack.tracing.logging_tracer:logging_tracer.py:75 haystack.component.name=failing_component[0m
DEBUG    haystack.tracing.logging_tracer:logging_tracer.py:75 haystack.component.type=FailingComponent[0m
DEBUG    haystack.tracing.logging_tracer:logging_tracer.py:75 haystack.component.input_types={'word': 'str'}[0m
DEBUG    haystack.tracing.logging_tracer:logging_tracer.py:75 haystack.component.input_spec={'word': {'type': 'typing.Optional[str]', 'senders': []}}[0m
DEBUG    haystack.tracing.logging_tracer:logging_tracer.py:75 haystack.component.output_spec={'output': {'type': 'str', 'receivers': []}}[0m
DEBUG    haystack.tracing.logging_tracer:logging_tracer.py:72 Operation: haystack.pipeline.run
DEBUG    haystack.tracing.logging_tracer:logging_tracer.py:75 haystack.pipeline.input_data={'failing_component': {'word': 'world'}}[0m
DEBUG    haystack.tracing.logging_tracer:logging_tracer.py:75 haystack.pipeline.output_data={}[0m
DEBUG    haystack.tracing.logging_tracer:logging_tracer.py:75 haystack.pipeline.metadata={}[0m
DEBUG    haystack.tracing.logging_tracer:logging_tracer.py:75 haystack.pipeline.max_runs_per_component=100[0m
PASSED                                                                   [ 89%]
test/tracing/test_opentelemetry.py::TestOpenTelemetryTracer::test_opentelemetry_tracer PASSED [ 89%]
test/tracing/test_opentelemetry.py::TestOpenTelemetryTracer::test_tagging PASSED [ 89%]
test/tracing/test_opentelemetry.py::TestOpenTelemetryTracer::test_current_span PASSED [ 89%]
test/tracing/test_opentelemetry.py::TestOpenTelemetryTracer::test_tracing_complex_values PASSED [ 89%]
test/tracing/test_opentelemetry.py::TestOpenTelemetryTracer::test_log_correlation_info PASSED [ 89%]
test/tracing/test_tracer.py::TestNullTracer::test_tracing FAILED         [ 89%]
test/tracing/test_tracer.py::TestProxyTracer::test_tracing FAILED        [ 89%]
test/tracing/test_tracer.py::TestConfigureTracer::test_enable_tracer PASSED [ 89%]
test/tracing/test_tracer.py::TestConfigureTracer::test_disable_tracing PASSED [ 89%]
test/tracing/test_tracer.py::TestAutoEnableTracer::test_skip_auto_enable_tracer_if_already_configured PASSED [ 89%]
test/tracing/test_tracer.py::TestAutoEnableTracer::test_skip_auto_enable_if_tracing_disabled_via_env PASSED [ 90%]
test/tracing/test_tracer.py::TestAutoEnableTracer::test_enable_opentelemetry_tracer PASSED [ 90%]
test/tracing/test_tracer.py::TestAutoEnableTracer::test_add_datadog_tracer PASSED [ 90%]
test/tracing/test_tracer.py::TestAutoEnableTracer::test__auto_configured_opentelemetry_tracer PASSED [ 90%]
test/tracing/test_tracer.py::TestAutoEnableTracer::test__auto_configured_opentelemetry_tracer_with_failing_import PASSED [ 90%]
test/tracing/test_tracer.py::TestAutoEnableTracer::test__auto_configured_datadog_tracer PASSED [ 90%]
test/tracing/test_tracer.py::TestAutoEnableTracer::test__auto_configured_datadog_tracer_with_failing_import PASSED [ 90%]
test/tracing/test_tracer.py::TestTracingContent::test_set_content_tag_with_default_settings PASSED [ 90%]
test/tracing/test_tracer.py::TestTracingContent::test_set_content_tag_with_enabled_content_tracing PASSED [ 90%]
test/tracing/test_tracer.py::TestTracingContent::test_set_content_tag_when_enabled_via_env_variable PASSED [ 90%]
test/tracing/test_utils.py::TestTypeCoercion::test_type_coercion[1-1] PASSED [ 90%]
test/tracing/test_utils.py::TestTypeCoercion::test_type_coercion[1.0-1.0] PASSED [ 90%]
test/tracing/test_utils.py::TestTypeCoercion::test_type_coercion[True-True] PASSED [ 90%]
test/tracing/test_utils.py::TestTypeCoercion::test_type_coercion[None-] PASSED [ 90%]
test/tracing/test_utils.py::TestTypeCoercion::test_type_coercion[string-string] PASSED [ 90%]
test/tracing/test_utils.py::TestTypeCoercion::test_type_coercion[raw_value5-[1, 2, 3]] PASSED [ 90%]
test/tracing/test_utils.py::TestTypeCoercion::test_type_coercion[raw_value6-{"key": "value"}] PASSED [ 91%]
test/tracing/test_utils.py::TestTypeCoercion::test_type_coercion[raw_value7-NonSerializableClass] PASSED [ 91%]
test/tracing/test_utils.py::TestTypeCoercion::test_type_coercion[raw_value8-{"id": "1", "content": "text", "dataframe": null, "blob": null, "score": null, "embedding": null, "sparse_embedding": null}] PASSED [ 91%]
test/tracing/test_utils.py::TestTypeCoercion::test_type_coercion[raw_value9-[{"id": "1", "content": "text", "dataframe": null, "blob": null, "score": null, "embedding": null, "sparse_embedding": null}]] PASSED [ 91%]
test/tracing/test_utils.py::TestTypeCoercion::test_type_coercion[raw_value10-{"key": {"id": "1", "content": "text", "dataframe": null, "blob": null, "score": null, "embedding": null, "sparse_embedding": null}}] PASSED [ 91%]
test/utils/test_auth.py::test_secret_type PASSED                         [ 91%]
test/utils/test_auth.py::test_token_secret PASSED                        [ 91%]
test/utils/test_auth.py::test_env_var_secret PASSED                      [ 91%]
test/utils/test_base_serialization.py::test_serialize_class_instance PASSED [ 91%]
test/utils/test_base_serialization.py::test_serialize_class_instance_missing_method PASSED [ 91%]
test/utils/test_base_serialization.py::test_deserialize_class_instance PASSED [ 91%]
test/utils/test_base_serialization.py::test_deserialize_class_instance_invalid_data 
-------------------------------- live log call ---------------------------------
ERROR    haystack.core.component.component:serialization.py:258 Failed to import class 'test_base_serialization.CustomClass1'
PASSED                                                                   [ 91%]
test/utils/test_callable_serialization.py::test_callable_serialization PASSED [ 91%]
test/utils/test_callable_serialization.py::test_callable_serialization_non_local PASSED [ 91%]
test/utils/test_callable_serialization.py::test_callable_deserialization PASSED [ 91%]
test/utils/test_callable_serialization.py::test_callable_deserialization_non_local PASSED [ 91%]
test/utils/test_device.py::test_device_type PASSED                       [ 91%]
test/utils/test_device.py::test_device_creation PASSED                   [ 92%]
test/utils/test_device.py::test_device_map PASSED                        [ 92%]
test/utils/test_device.py::test_component_device_empty_and_full PASSED   [ 92%]
test/utils/test_device.py::test_component_device_single PASSED           [ 92%]
test/utils/test_device.py::test_component_device_multiple PASSED         [ 92%]
test/utils/test_device.py::test_component_device_resolution PASSED       [ 92%]
test/utils/test_docstore_deserialization.py::test_deserialize_document_store_in_init_params_inplace PASSED [ 92%]
test/utils/test_docstore_deserialization.py::test_from_dict_is_called PASSED [ 92%]
test/utils/test_docstore_deserialization.py::test_default_from_dict_is_called PASSED [ 92%]
test/utils/test_docstore_deserialization.py::test_missing_document_store_key PASSED [ 92%]
test/utils/test_docstore_deserialization.py::test_missing_type_key_in_document_store PASSED [ 92%]
test/utils/test_docstore_deserialization.py::test_invalid_class_import 
-------------------------------- live log call ---------------------------------
ERROR    haystack.core.component.component:serialization.py:258 Failed to import class 'invalid.module.InvalidClass'
PASSED                                                                   [ 92%]
test/utils/test_filters.py::test_document_matches_filter[== operator with equal values] PASSED [ 92%]
test/utils/test_filters.py::test_document_matches_filter[== operator with different values] PASSED [ 92%]
test/utils/test_filters.py::test_document_matches_filter[== operator with different types values] PASSED [ 92%]
test/utils/test_filters.py::test_document_matches_filter[== operator with equal pandas.DataFrame values] PASSED [ 92%]
test/utils/test_filters.py::test_document_matches_filter[== operator with different pandas.DataFrame values] PASSED [ 93%]
test/utils/test_filters.py::test_document_matches_filter[== operator with missing Document value] PASSED [ 93%]
test/utils/test_filters.py::test_document_matches_filter[== operator with None Document value] PASSED [ 93%]
test/utils/test_filters.py::test_document_matches_filter[== operator with None filter value] PASSED [ 93%]
test/utils/test_filters.py::test_document_matches_filter[!= operator with equal values] PASSED [ 93%]
test/utils/test_filters.py::test_document_matches_filter[!= operator with different values] PASSED [ 93%]
test/utils/test_filters.py::test_document_matches_filter[!= operator with different types values] PASSED [ 93%]
test/utils/test_filters.py::test_document_matches_filter[!= operator with equal pandas.DataFrame values] PASSED [ 93%]
test/utils/test_filters.py::test_document_matches_filter[!= operator with different pandas.DataFrame values] PASSED [ 93%]
test/utils/test_filters.py::test_document_matches_filter[!= operator with missing value] PASSED [ 93%]
test/utils/test_filters.py::test_document_matches_filter[!= operator with None Document value] PASSED [ 93%]
test/utils/test_filters.py::test_document_matches_filter[!= operator with None filter value] PASSED [ 93%]
test/utils/test_filters.py::test_document_matches_filter[> operator with equal Document value] PASSED [ 93%]
test/utils/test_filters.py::test_document_matches_filter[> operator with greater Document value] PASSED [ 93%]
test/utils/test_filters.py::test_document_matches_filter[> operator with smaller Document value] PASSED [ 93%]
test/utils/test_filters.py::test_document_matches_filter[> operator with equal ISO 8601 datetime Document value] PASSED [ 93%]
test/utils/test_filters.py::test_document_matches_filter[> operator with greater ISO 8601 datetime Document value] PASSED [ 93%]
test/utils/test_filters.py::test_document_matches_filter[> operator with smaller ISO 8601 datetime Document value] PASSED [ 94%]
test/utils/test_filters.py::test_document_matches_filter[> operator with missing Document value] PASSED [ 94%]
test/utils/test_filters.py::test_document_matches_filter[> operator with None Document value] PASSED [ 94%]
test/utils/test_filters.py::test_document_matches_filter[> operator with None filter value] PASSED [ 94%]
test/utils/test_filters.py::test_document_matches_filter[> operator with None Document and filter value] PASSED [ 94%]
test/utils/test_filters.py::test_document_matches_filter[>= operator with equal Document value] PASSED [ 94%]
test/utils/test_filters.py::test_document_matches_filter[>= operator with greater Document value] PASSED [ 94%]
test/utils/test_filters.py::test_document_matches_filter[>= operator with smaller Document value] PASSED [ 94%]
test/utils/test_filters.py::test_document_matches_filter[>= operator with equal ISO 8601 datetime Document value] PASSED [ 94%]
test/utils/test_filters.py::test_document_matches_filter[>= operator with greater ISO 8601 datetime Document value] PASSED [ 94%]
test/utils/test_filters.py::test_document_matches_filter[>= operator with smaller ISO 8601 datetime Document value] PASSED [ 94%]
test/utils/test_filters.py::test_document_matches_filter[>= operator with missing Document value] PASSED [ 94%]
test/utils/test_filters.py::test_document_matches_filter[>= operator with None Document value] PASSED [ 94%]
test/utils/test_filters.py::test_document_matches_filter[>= operator with None filter value] PASSED [ 94%]
test/utils/test_filters.py::test_document_matches_filter[>= operator with None Document and filter value] PASSED [ 94%]
test/utils/test_filters.py::test_document_matches_filter[< operator with equal Document value] PASSED [ 94%]
test/utils/test_filters.py::test_document_matches_filter[< operator with greater Document value] PASSED [ 95%]
test/utils/test_filters.py::test_document_matches_filter[< operator with smaller Document value] PASSED [ 95%]
test/utils/test_filters.py::test_document_matches_filter[< operator with equal ISO 8601 datetime Document value] PASSED [ 95%]
test/utils/test_filters.py::test_document_matches_filter[< operator with greater ISO 8601 datetime Document value] PASSED [ 95%]
test/utils/test_filters.py::test_document_matches_filter[< operator with smaller ISO 8601 datetime Document value] PASSED [ 95%]
test/utils/test_filters.py::test_document_matches_filter[< operator with missing Document value] PASSED [ 95%]
test/utils/test_filters.py::test_document_matches_filter[< operator with None Document value] PASSED [ 95%]
test/utils/test_filters.py::test_document_matches_filter[< operator with None filter value] PASSED [ 95%]
test/utils/test_filters.py::test_document_matches_filter[< operator with None Document and filter value] PASSED [ 95%]
test/utils/test_filters.py::test_document_matches_filter[<= operator with equal Document value] PASSED [ 95%]
test/utils/test_filters.py::test_document_matches_filter[<= operator with greater Document value] PASSED [ 95%]
test/utils/test_filters.py::test_document_matches_filter[<= operator with smaller Document value] PASSED [ 95%]
test/utils/test_filters.py::test_document_matches_filter[<= operator with equal ISO 8601 datetime Document value] PASSED [ 95%]
test/utils/test_filters.py::test_document_matches_filter[<= operator with greater ISO 8601 datetime Document value] PASSED [ 95%]
test/utils/test_filters.py::test_document_matches_filter[<= operator with smaller ISO 8601 datetime Document value] PASSED [ 95%]
test/utils/test_filters.py::test_document_matches_filter[<= operator with missing Document value] PASSED [ 95%]
test/utils/test_filters.py::test_document_matches_filter[<= operator with None Document value] PASSED [ 95%]
test/utils/test_filters.py::test_document_matches_filter[<= operator with None filter value] PASSED [ 96%]
test/utils/test_filters.py::test_document_matches_filter[<= operator with None Document and filter value] PASSED [ 96%]
test/utils/test_filters.py::test_document_matches_filter[in operator with filter value not containing Document value] PASSED [ 96%]
test/utils/test_filters.py::test_document_matches_filter[in operator with filter value containing Document value] PASSED [ 96%]
test/utils/test_filters.py::test_document_matches_filter[not in operator with filter value not containing Document value] PASSED [ 96%]
test/utils/test_filters.py::test_document_matches_filter[not in operator with filter value containing Document value] PASSED [ 96%]
test/utils/test_filters.py::test_document_matches_filter[AND operator with Document matching all conditions] PASSED [ 96%]
test/utils/test_filters.py::test_document_matches_filter[AND operator with Document matching a single condition] PASSED [ 96%]
test/utils/test_filters.py::test_document_matches_filter[AND operator with Document matching no condition] PASSED [ 96%]
test/utils/test_filters.py::test_document_matches_filter[OR operator with Document matching all conditions] PASSED [ 96%]
test/utils/test_filters.py::test_document_matches_filter[OR operator with Document matching a single condition] PASSED [ 96%]
test/utils/test_filters.py::test_document_matches_filter[OR operator with Document matching no condition] PASSED [ 96%]
test/utils/test_filters.py::test_document_matches_filter[NOT operator with Document matching all conditions] PASSED [ 96%]
test/utils/test_filters.py::test_document_matches_filter[NOT operator with Document matching a single condition] PASSED [ 96%]
test/utils/test_filters.py::test_document_matches_filter[NOT operator with Document matching no condition] PASSED [ 96%]
test/utils/test_filters.py::test_document_matches_filter_raises_error[> operator with string filter value] PASSED [ 96%]
test/utils/test_filters.py::test_document_matches_filter_raises_error[> operator with list filter value] PASSED [ 97%]
test/utils/test_filters.py::test_document_matches_filter_raises_error[> operator with pandas.DataFrame filter value] PASSED [ 97%]
test/utils/test_filters.py::test_document_matches_filter_raises_error[>= operator with string filter value] PASSED [ 97%]
test/utils/test_filters.py::test_document_matches_filter_raises_error[>= operator with list filter value] PASSED [ 97%]
test/utils/test_filters.py::test_document_matches_filter_raises_error[>= operator with pandas.DataFrame filter value] PASSED [ 97%]
test/utils/test_filters.py::test_document_matches_filter_raises_error[< operator with string filter value] PASSED [ 97%]
test/utils/test_filters.py::test_document_matches_filter_raises_error[< operator with list filter value] PASSED [ 97%]
test/utils/test_filters.py::test_document_matches_filter_raises_error[< operator with pandas.DataFrame filter value] PASSED [ 97%]
test/utils/test_filters.py::test_document_matches_filter_raises_error[<= operator with string filter value] PASSED [ 97%]
test/utils/test_filters.py::test_document_matches_filter_raises_error[<= operator with list filter value] PASSED [ 97%]
test/utils/test_filters.py::test_document_matches_filter_raises_error[<= operator with pandas.DataFrame filter value] PASSED [ 97%]
test/utils/test_filters.py::test_document_matches_filter_raises_error[in operator with non list filter value0] PASSED [ 97%]
test/utils/test_filters.py::test_document_matches_filter_raises_error[in operator with non list filter value1] PASSED [ 97%]
test/utils/test_filters.py::test_document_matches_filter_raises_error[not in operator with non list filter value0] PASSED [ 97%]
test/utils/test_filters.py::test_document_matches_filter_raises_error[not in operator with non list filter value1] PASSED [ 97%]
test/utils/test_filters.py::test_document_matches_filter_raises_error[Missing root operator key] PASSED [ 97%]
test/utils/test_filters.py::test_document_matches_filter_raises_error[Missing root conditions key] PASSED [ 97%]
test/utils/test_filters.py::test_document_matches_filter_raises_error[Missing condition field key] PASSED [ 98%]
test/utils/test_filters.py::test_document_matches_filter_raises_error[Missing condition operator key] PASSED [ 98%]
test/utils/test_filters.py::test_document_matches_filter_raises_error[Missing condition value key] PASSED [ 98%]
test/utils/test_hf.py::test_resolve_hf_device_map_only_device PASSED     [ 98%]
test/utils/test_hf.py::test_resolve_hf_device_map_only_device_map PASSED [ 98%]
test/utils/test_hf.py::test_resolve_hf_device_map_device_and_device_map 
-------------------------------- live log call ---------------------------------
WARNING  haystack.utils.hf:hf.py:153 The parameters `device` and `device_map` from `model_kwargs` are both provided. Ignoring `device` and using `device_map`.
PASSED                                                                   [ 98%]
test/utils/test_jinja2_extensions.py::TestJinja2TimeExtension::test_init_fails_without_arrow PASSED [ 98%]
test/utils/test_jinja2_extensions.py::TestJinja2TimeExtension::test_valid_datetime PASSED [ 98%]
test/utils/test_jinja2_extensions.py::TestJinja2TimeExtension::test_parse_valid_expression PASSED [ 98%]
test/utils/test_jinja2_extensions.py::TestJinja2TimeExtension::test_get_datetime_no_offset PASSED [ 98%]
test/utils/test_jinja2_extensions.py::TestJinja2TimeExtension::test_get_datetime_with_offset_add PASSED [ 98%]
test/utils/test_jinja2_extensions.py::TestJinja2TimeExtension::test_get_datetime_with_offset_subtract PASSED [ 98%]
test/utils/test_jinja2_extensions.py::TestJinja2TimeExtension::test_get_datetime_with_offset_subtract_days_hours PASSED [ 98%]
test/utils/test_jinja2_extensions.py::TestJinja2TimeExtension::test_get_datetime_with_custom_format PASSED [ 98%]
test/utils/test_jinja2_extensions.py::TestJinja2TimeExtension::test_get_datetime_new_york_timezone PASSED [ 98%]
test/utils/test_jinja2_extensions.py::TestJinja2TimeExtension::test_parse_no_operator PASSED [ 98%]
test/utils/test_jinja2_extensions.py::TestJinja2TimeExtension::test_parse_with_add PASSED [ 99%]
test/utils/test_jinja2_extensions.py::TestJinja2TimeExtension::test_parse_with_subtract PASSED [ 99%]
test/utils/test_jinja2_extensions.py::TestJinja2TimeExtension::test_parse_with_custom_format PASSED [ 99%]
test/utils/test_jinja2_extensions.py::TestJinja2TimeExtension::test_default_format PASSED [ 99%]
test/utils/test_jinja2_extensions.py::TestJinja2TimeExtension::test_invalid_timezone PASSED [ 99%]
test/utils/test_jinja2_extensions.py::TestJinja2TimeExtension::test_invalid_offset PASSED [ 99%]
test/utils/test_jinja2_extensions.py::TestJinja2TimeExtension::test_invalid_operator PASSED [ 99%]
test/utils/test_type_serialization.py::test_output_type_serialization PASSED [ 99%]
test/utils/test_type_serialization.py::test_output_type_serialization_pep585 PASSED [ 99%]
test/utils/test_type_serialization.py::test_output_type_deserialization PASSED [ 99%]
test/utils/test_type_serialization.py::test_output_type_deserialization_pep585 PASSED [ 99%]
test/utils/test_url_validation.py::test_url_validation_with_valid_http_url PASSED [ 99%]
test/utils/test_url_validation.py::test_url_validation_with_valid_https_url PASSED [ 99%]
test/utils/test_url_validation.py::test_url_validation_with_invalid_scheme PASSED [ 99%]
test/utils/test_url_validation.py::test_url_validation_with_no_scheme PASSED [ 99%]
test/utils/test_url_validation.py::test_url_validation_with_no_netloc PASSED [ 99%]
test/utils/test_url_validation.py::test_url_validation_with_empty_string PASSED [100%]
=================================== FAILURES ===================================
____________________ TestTracing.test_with_enabled_tracing _____________________
test/core/pipeline/test_tracing.py:41: in test_with_enabled_tracing
    assert spying_tracer.spans == [
E   AssertionError: assert [SpyingSpan(o...a6c74d13178')] == [SpyingSpan(o...pan_id=<ANY>)]
E     
E     At index 1 diff: SpyingSpan(operation_name='haystack.component.run', parent_span=None, tags={'haystack.component.name': 'hello', 'haystack.component.type': 'Hello', 'haystack.component.input_types': {'word': 'str'}, 'haystack.component.input_spec': {'word': {'type': 'typing.Optional[str]', 'senders': []}}, 'haystack.component.output_spec': {'output': {'type': 'str', 'receivers': ['hello2']}}, 'haystack.component.visits': 1}, trace_id='e419183f-d4d4-4b62-9293-ba5c98a0bc0d', span_id='01fdb51b-bd8f-4aa3-b4a4-da575716067c') != SpyingSpan(operation_name='haystack.component.r...
E     
E     ...Full output truncated (131 lines hidden), use '-vv' to show
________________ TestTracing.test_with_enabled_content_tracing _________________
test/core/pipeline/test_tracing.py:100: in test_with_enabled_content_tracing
    assert spying_tracer.spans == [
E   AssertionError: assert [SpyingSpan(o...e4e942d1a06')] == [SpyingSpan(o...pan_id=<ANY>)]
E     
E     At index 1 diff: SpyingSpan(operation_name='haystack.component.run', parent_span=None, tags={'haystack.component.name': 'hello', 'haystack.component.type': 'Hello', 'haystack.component.input_types': {'word': 'str'}, 'haystack.component.input_spec': {'word': {'type': 'typing.Optional[str]', 'senders': []}}, 'haystack.component.output_spec': {'output': {'type': 'str', 'receivers': ['hello2']}}, 'haystack.component.input': {'word': 'world'}, 'haystack.component.visits': 1, 'haystack.component.output': {'output': 'Hello, world!'}}, trace_id='4dac5483-6039-45d6-b137-c99a9857...
E     
E     ...Full output truncated (143 lines hidden), use '-vv' to show
_________________________ TestNullTracer.test_tracing __________________________
test/tracing/test_tracer.py:40: in test_tracing
    with tracer.trace("operation", {"key": "value"}, parent_span=None) as span:
/usr/local/lib/python3.10/contextlib.py:281: in helper
    return _GeneratorContextManager(func, args, kwds)
/usr/local/lib/python3.10/contextlib.py:103: in __init__
    self.gen = func(*args, **kwds)
E   TypeError: ProxyTracer.trace() got an unexpected keyword argument 'parent_span'
_________________________ TestProxyTracer.test_tracing _________________________
test/tracing/test_tracer.py:54: in test_tracing
    with my_tracer.trace("operation", {"key": "value"}, parent_span=parent_span) as span:
/usr/local/lib/python3.10/contextlib.py:281: in helper
    return _GeneratorContextManager(func, args, kwds)
/usr/local/lib/python3.10/contextlib.py:103: in __init__
    self.gen = func(*args, **kwds)
E   TypeError: ProxyTracer.trace() got an unexpected keyword argument 'parent_span'
=============================== warnings summary ===============================
../root/.local/share/hatch/env/virtual/haystack-ai/9TtSrW0h/test/lib/python3.10/site-packages/ddtrace/internal/module.py:295
  /root/.local/share/hatch/env/virtual/haystack-ai/9TtSrW0h/test/lib/python3.10/site-packages/ddtrace/internal/module.py:295: DeprecationWarning: pkg_resources is deprecated as an API. See https://setuptools.pypa.io/en/latest/pkg_resources.html
    self.loader.exec_module(module)
../root/.local/share/hatch/env/virtual/haystack-ai/9TtSrW0h/test/lib/python3.10/site-packages/tika/__init__.py:20
  /root/.local/share/hatch/env/virtual/haystack-ai/9TtSrW0h/test/lib/python3.10/site-packages/tika/__init__.py:20: DeprecationWarning: Deprecated call to `pkg_resources.declare_namespace('tika')`.
  Implementing implicit namespace packages (as specified in PEP 420) is preferred to `pkg_resources.declare_namespace`. See https://setuptools.pypa.io/en/latest/references/keywords.html#keyword-namespace-packages
    __import__('pkg_resources').declare_namespace(__name__)
test/components/preprocessors/test_document_splitter.py:188
  /app/test/components/preprocessors/test_document_splitter.py:188: DeprecationWarning: invalid escape sequence '\s'
    splitting_function = lambda input_str: re.split("[\s]{2,}", input_str)
test/components/converters/test_output_adapter.py::TestOutputAdapter::test_unsafe
  /app/haystack/components/converters/output_adapter.py:79: UserWarning: Unsafe mode is enabled. This allows execution of arbitrary code in the Jinja template. Use this only if you trust the source of the template.
    warn(msg)
test/components/converters/test_pypdf_to_document.py::TestPyPDFToDocument::test_from_dict_pre_2_6_0
  /app/haystack/components/converters/pypdf.py:46: DeprecationWarning: This class is deprecated and will be merged into `PyPDFToDocument` in 2.7.0.
    warnings.warn(
test/components/evaluators/test_context_relevance_evaluator.py::TestContextRelevanceEvaluator::test_run_returns_nan_raise_on_failure_false
  /app/haystack/components/evaluators/llm_evaluator.py:212: UserWarning: Error while generating response for prompt: {'prompt': 'Instructions:\nPlease extract only sentences from the provided context which are absolutely relevant and required to answer the following question. If no relevant sentences are found, or if you believe the question cannot be answered from the given context, return an empty list, example: []\n\nGenerate the response in JSON format with the following keys:\n["relevant_statements"]\nConsider the instructions and the examples below to determine those values.\n\nExamples:\nInputs:\n{"questions": "What is the capital of Germany?", "contexts": ["Berlin is the capital of Germany. Berlin and was founded in 1244."]}\nOutputs:\n{"relevant_statements": ["Berlin is the capital of Germany."]}\nInputs:\n{"questions": "What is the capital of France?", "contexts": ["Berlin is the capital of Germany and was founded in 1244.", "Europe is a continent with 44 countries.", "Madrid is the capital of Spain."]}\nOutputs:\n{"relevant_statements": []}\nInputs:\n{"questions": "What is the capital of Italy?", "contexts": ["Rome is the capital of Italy."]}\nOutputs:\n{"relevant_statements": ["Rome is the capital of Italy."]}\n\nInputs:\n{"questions": Who created the Python language?, "contexts": [\'Python, created by Guido van Rossum in the late 1980s, is a high-level general-purpose programming language. Its design philosophy emphasizes code readability, and its language constructs aim to help programmers write clear, logical code for both small and large-scale software projects.\']}\nOutputs:'}. Error: OpenAI API request failed.
    warn(msg)
test/components/evaluators/test_context_relevance_evaluator.py::TestContextRelevanceEvaluator::test_run_returns_nan_raise_on_failure_false
test/components/evaluators/test_faithfulness_evaluator.py::TestFaithfulnessEvaluator::test_run_returns_nan_raise_on_failure_false
  /app/haystack/components/evaluators/llm_evaluator.py:229: UserWarning: LLM evaluator failed for 1 out of 2 inputs.
    warn(msg)
test/components/evaluators/test_faithfulness_evaluator.py::TestFaithfulnessEvaluator::test_run_returns_nan_raise_on_failure_false
  /app/haystack/components/evaluators/llm_evaluator.py:212: UserWarning: Error while generating response for prompt: {'prompt': 'Instructions:\nYour task is to judge the faithfulness or groundedness of statements based on context information. First, please extract statements from a provided predicted answer to a question. Second, calculate a faithfulness score for each statement made in the predicted answer. The score is 1 if the statement can be inferred from the provided context or 0 if it cannot be inferred.\n\nGenerate the response in JSON format with the following keys:\n["statements", "statement_scores"]\nConsider the instructions and the examples below to determine those values.\n\nExamples:\nInputs:\n{"questions": "What is the capital of Germany and when was it founded?", "contexts": ["Berlin is the capital of Germany and was founded in 1244."], "predicted_answers": "The capital of Germany, Berlin, was founded in the 13th century."}\nOutputs:\n{"statements": ["Berlin is the capital of Germany.", "Berlin was founded in 1244."], "statement_scores": [1, 1]}\nInputs:\n{"questions": "What is the capital of France?", "contexts": ["Berlin is the capital of Germany."], "predicted_answers": "Paris"}\nOutputs:\n{"statements": ["Paris is the capital of France."], "statement_scores": [0]}\nInputs:\n{"questions": "What is the capital of Italy?", "contexts": ["Rome is the capital of Italy."], "predicted_answers": "Rome is the capital of Italy with more than 4 million inhabitants."}\nOutputs:\n{"statements": ["Rome is the capital of Italy.", "Rome has more than 4 million inhabitants."], "statement_scores": [1, 0]}\n\nInputs:\n{"questions": Who created the Python language?, "contexts": [\'Python, created by Guido van Rossum in the late 1980s, is a high-level general-purpose programming language. Its design philosophy emphasizes code readability, and its language constructs aim to help programmers write clear, logical code for both small and large-scale software projects.\'], "predicted_answers": Guido van Rossum.}\nOutputs:'}. Error: OpenAI API request failed.
    warn(msg)
test/components/evaluators/test_llm_evaluator.py::TestLLMEvaluator::test_output_invalid_json_raise_on_failure_false
  /app/haystack/components/evaluators/llm_evaluator.py:377: UserWarning: Response from LLM evaluator is not a valid JSON.
    warn(msg)
test/components/routers/test_conditional_router.py::TestRouter::test_unsafe
  /app/haystack/components/routers/conditional_router.py:141: UserWarning: Unsafe mode is enabled. This allows execution of arbitrary code in the Jinja template. Use this only if you trust the source of the template.
    warn(msg)
-- Docs: https://docs.pytest.org/en/stable/how-to/capture-warnings.html
---------- coverage: platform linux, python 3.10.16-final-0 ----------
Coverage XML written to file coverage.xml
=========================== short test summary info ============================
FAILED test/core/pipeline/test_tracing.py::TestTracing::test_with_enabled_tracing
FAILED test/core/pipeline/test_tracing.py::TestTracing::test_with_enabled_content_tracing
FAILED test/tracing/test_tracer.py::TestNullTracer::test_tracing - TypeError:...
FAILED test/tracing/test_tracer.py::TestProxyTracer::test_tracing - TypeError...
========= 4 failed, 1642 passed, 136 deselected, 11 warnings in 28.11s =========
================= 0909 TEST END 0909 =================
HEAD is now at 081b143a feat!: tracing with concurrency (#8489)
HEAD is now at 081b143a feat!: tracing with concurrency (#8489)